2025-05-28 01:36:32.300 [info] [main] Log level: Info
2025-05-28 01:36:32.300 [info] [main] Validating found git in: "git"
2025-05-28 01:36:32.300 [info] [main] Using git "2.49.0" from "git"
2025-05-28 01:36:32.300 [info] [Model][doInitialScan] Initial repository scan started
2025-05-28 01:36:32.300 [info] [Model][doInitialScan] Initial repository scan completed - repositories (0), closed repositories (0), parent repositories (0), unsafe repositories (0)
2025-05-28 01:36:39.208 [info] [main] Log level: Info
2025-05-28 01:36:39.208 [info] [main] Validating found git in: "git"
2025-05-28 01:36:39.208 [info] [main] Using git "2.49.0" from "git"
2025-05-28 01:36:39.208 [info] [Model][doInitialScan] Initial repository scan started
2025-05-28 01:36:39.208 [info] > git rev-parse --show-toplevel [23ms]
2025-05-28 01:36:39.209 [info] > git rev-parse --git-dir --git-common-dir [2ms]
2025-05-28 01:36:39.218 [info] [Model][openRepository] Opened repository (path): /home/madwayl/.dotfiles
2025-05-28 01:36:39.218 [info] [Model][openRepository] Opened repository (real path): /home/madwayl/.dotfiles
2025-05-28 01:36:39.230 [info] > git config --get commit.template [3ms]
2025-05-28 01:36:40.349 [info] > git check-ignore -v -z --stdin [152ms]
2025-05-28 01:36:40.349 [info] > git for-each-ref --format=%(refname)%00%(upstream:short)%00%(objectname)%00%(upstream:track)%00%(upstream:remotename)%00%(upstream:remoteref) refs/heads/hyprland+arch refs/remotes/hyprland+arch [163ms]
2025-05-28 01:36:40.434 [info] > git for-each-ref --sort -committerdate --format %(refname)%00%(objectname)%00%(*objectname) [64ms]
2025-05-28 01:36:41.000 [info] > git status -z -uall [640ms] (cancelled)
2025-05-28 01:36:41.000 [info] > git check-ignore -v -z --stdin [252ms]
2025-05-28 01:36:41.536 [info] > git for-each-ref --format=%(refname)%00%(upstream:short)%00%(objectname)%00%(upstream:track)%00%(upstream:remotename)%00%(upstream:remoteref) refs/heads/hyprland+arch refs/remotes/hyprland+arch [540ms]
2025-05-28 01:36:41.567 [info] > git config --get --local branch.hyprland+arch.vscode-merge-base [19ms]
2025-05-28 01:36:41.582 [info] > git config --get commit.template [53ms]
2025-05-28 01:36:41.875 [info] > git for-each-ref --format=%(refname)%00%(upstream:short)%00%(objectname)%00%(upstream:track)%00%(upstream:remotename)%00%(upstream:remoteref) refs/heads/origin/default refs/remotes/origin/default [293ms]
2025-05-28 01:36:41.929 [info] > git for-each-ref --format=%(refname)%00%(upstream:short)%00%(objectname)%00%(upstream:track)%00%(upstream:remotename)%00%(upstream:remoteref) refs/heads/hyprland+arch refs/remotes/hyprland+arch [38ms]
2025-05-28 01:36:41.983 [info] > git for-each-ref --sort -committerdate --format %(refname)%00%(objectname)%00%(*objectname) [10ms]
2025-05-28 01:36:41.984 [info] > git rev-parse --show-toplevel [76ms]
2025-05-28 01:36:42.004 [info] > git rev-parse --show-toplevel [2ms]
2025-05-28 01:36:42.024 [info] > git rev-parse --show-toplevel [2ms]
2025-05-28 01:36:42.038 [info] > git rev-parse --show-toplevel [1ms]
2025-05-28 01:36:42.135 [info] > git rev-parse --show-toplevel [86ms]
2025-05-28 01:36:42.162 [info] > git check-ignore -v -z --stdin [14ms]
2025-05-28 01:36:42.162 [info] > git rev-parse --show-toplevel [4ms]
2025-05-28 01:36:42.351 [info] > git status -z -uall [401ms] (cancelled)
2025-05-28 01:36:42.351 [info] > git rev-parse --show-toplevel [175ms]
2025-05-28 01:36:42.829 [info] > git rev-parse --show-toplevel [3ms]
2025-05-28 01:36:42.908 [info] > git rev-parse --show-toplevel [66ms]
2025-05-28 01:36:42.948 [info] > git rev-parse --show-toplevel [6ms]
2025-05-28 01:36:42.959 [info] > git rev-parse --show-toplevel [2ms]
2025-05-28 01:36:42.969 [info] > git rev-parse --show-toplevel [1ms]
2025-05-28 01:36:42.980 [info] > git rev-parse --show-toplevel [0ms]
2025-05-28 01:36:42.991 [info] > git rev-parse --show-toplevel [1ms]
2025-05-28 01:36:43.000 [info] > git rev-parse --show-toplevel [1ms]
2025-05-28 01:36:43.015 [info] > git rev-parse --show-toplevel [1ms]
2025-05-28 01:36:43.026 [info] > git rev-parse --show-toplevel [1ms]
2025-05-28 01:36:43.038 [info] > git rev-parse --show-toplevel [1ms]
2025-05-28 01:36:43.050 [info] > git rev-parse --show-toplevel [1ms]
2025-05-28 01:36:43.062 [info] > git rev-parse --show-toplevel [1ms]
2025-05-28 01:36:43.072 [info] > git rev-parse --show-toplevel [1ms]
2025-05-28 01:36:43.081 [info] > git rev-parse --show-toplevel [1ms]
2025-05-28 01:36:43.090 [info] > git rev-parse --show-toplevel [1ms]
2025-05-28 01:36:43.098 [info] > git rev-parse --show-toplevel [1ms]
2025-05-28 01:36:43.098 [info] [Model][doInitialScan] Initial repository scan completed - repositories (1), closed repositories (0), parent repositories (0), unsafe repositories (0)
2025-05-28 01:36:43.131 [info] > git config --get commit.template [12ms]
2025-05-28 01:36:43.131 [info] > git for-each-ref --format=%(refname)%00%(upstream:short)%00%(objectname)%00%(upstream:track)%00%(upstream:remotename)%00%(upstream:remoteref) refs/heads/hyprland+arch refs/remotes/hyprland+arch [1ms]
2025-05-28 01:36:43.153 [info] > git for-each-ref --sort -committerdate --format %(refname)%00%(objectname)%00%(*objectname) [2ms]
2025-05-28 01:36:43.825 [info] > git status -z -uall [686ms] (cancelled)
2025-05-28 01:37:01.980 [info] > git show --textconv :docs/gtk-theme [13ms]
2025-05-28 01:37:01.993 [info] > git ls-files --stage -- docs/gtk-theme [13ms]
2025-05-28 01:37:02.002 [info] > git hash-object -t tree /dev/null [10ms]
2025-05-28 01:37:02.002 [warning] [GitFileSystemProvider][readFile] File not found - git:/home/madwayl/.dotfiles/docs/gtk-theme.git?%7B%22path%22%3A%22%2Fhome%2Fmadwayl%2F.dotfiles%2Fdocs%2Fgtk-theme%22%2C%22ref%22%3A%22%22%7D
2025-05-28 01:37:02.006 [info] > git hash-object -t tree /dev/null [5ms]
2025-05-28 01:37:02.006 [warning] [GitFileSystemProvider][stat] File not found - git:/home/madwayl/.dotfiles/docs/gtk-theme.git?%7B%22path%22%3A%22%2Fhome%2Fmadwayl%2F.dotfiles%2Fdocs%2Fgtk-theme%22%2C%22ref%22%3A%22%22%7D
2025-05-28 01:37:02.256 [info] > git check-ignore -v -z --stdin [1ms]
2025-05-28 01:37:24.432 [info] > git blame --root --incremental c7d2cf5213b7aba3318fe8414b933f049f2c4ded -- docs/gtk-theme [1ms]
2025-05-28 01:37:24.432 [info] fatal: no such path docs/gtk-theme in c7d2cf5213b7aba3318fe8414b933f049f2c4ded
2025-05-28 01:46:18.283 [info] > git check-ignore -v -z --stdin [3ms]
2025-05-28 01:46:29.475 [info] > git show --textconv :misc/.config/Trolltech.conf [25ms]
2025-05-28 01:46:29.475 [info] > git ls-files --stage -- misc/.config/Trolltech.conf [3ms]
2025-05-28 01:46:29.493 [info] > git cat-file -s 07637ef502fcf5c7f8330587e6cebc8472ff5a7e [1ms]
2025-05-28 01:46:29.920 [info] > git check-ignore -v -z --stdin [3ms]
2025-05-28 01:46:56.819 [info] > git show --textconv :misc/.config/.env [19ms]
2025-05-28 01:46:56.821 [info] > git ls-files --stage -- misc/.config/.env [3ms]
2025-05-28 01:46:56.836 [info] > git cat-file -s cc1ead8bda38c8f549f98cc4ac2a2812cefd2c5a [1ms]
2025-05-28 01:47:06.616 [info] > git show --textconv :misc/.config/Trolltech.conf [14ms]
2025-05-28 01:47:06.618 [info] > git ls-files --stage -- misc/.config/Trolltech.conf [2ms]
2025-05-28 01:47:06.631 [info] > git cat-file -s 07637ef502fcf5c7f8330587e6cebc8472ff5a7e [1ms]
2025-05-28 01:47:46.010 [info] > git show --textconv :docs/gtk-theme [14ms]
2025-05-28 01:47:46.011 [warning] [GitFileSystemProvider][readFile] File not found - git:/home/madwayl/.dotfiles/docs/gtk-theme.git?%7B%22path%22%3A%22%2Fhome%2Fmadwayl%2F.dotfiles%2Fdocs%2Fgtk-theme%22%2C%22ref%22%3A%22%22%7D
2025-05-28 01:47:46.011 [info] > git ls-files --stage -- docs/gtk-theme [2ms]
2025-05-28 01:47:46.012 [warning] [GitFileSystemProvider][stat] File not found - git:/home/madwayl/.dotfiles/docs/gtk-theme.git?%7B%22path%22%3A%22%2Fhome%2Fmadwayl%2F.dotfiles%2Fdocs%2Fgtk-theme%22%2C%22ref%22%3A%22%22%7D
2025-05-28 01:47:50.815 [info] > git show --textconv :docs/gtk-theme.md [20ms]
2025-05-28 01:47:50.817 [warning] [GitFileSystemProvider][readFile] File not found - git:/home/madwayl/.dotfiles/docs/gtk-theme.md.git?%7B%22path%22%3A%22%2Fhome%2Fmadwayl%2F.dotfiles%2Fdocs%2Fgtk-theme.md%22%2C%22ref%22%3A%22%22%7D
2025-05-28 01:47:50.819 [info] > git ls-files --stage -- docs/gtk-theme.md [5ms]
2025-05-28 01:47:50.819 [warning] [GitFileSystemProvider][stat] File not found - git:/home/madwayl/.dotfiles/docs/gtk-theme.md.git?%7B%22path%22%3A%22%2Fhome%2Fmadwayl%2F.dotfiles%2Fdocs%2Fgtk-theme.md%22%2C%22ref%22%3A%22%22%7D
2025-05-28 01:47:50.904 [info] > git blame --root --incremental c7d2cf5213b7aba3318fe8414b933f049f2c4ded -- docs/gtk-theme.md [1ms]
2025-05-28 01:47:50.904 [info] fatal: no such path docs/gtk-theme.md in c7d2cf5213b7aba3318fe8414b933f049f2c4ded
2025-05-28 01:47:51.091 [info] > git check-ignore -v -z --stdin [10ms]
2025-05-28 01:49:53.159 [info] > git check-ignore -v -z --stdin [2ms]
2025-05-28 01:50:00.315 [info] > git check-ignore -v -z --stdin [2ms]
2025-05-28 01:50:01.592 [info] > git check-ignore -v -z --stdin [2ms]
2025-05-28 01:50:04.131 [info] > git check-ignore -v -z --stdin [3ms]
2025-05-28 01:50:05.675 [info] > git check-ignore -v -z --stdin [1ms]
2025-05-28 01:50:07.816 [info] > git check-ignore -v -z --stdin [2ms]
2025-05-28 01:50:13.206 [info] > git show --textconv :misc/.config/Trolltech.conf [12ms]
2025-05-28 01:50:13.207 [info] > git ls-files --stage -- misc/.config/Trolltech.conf [2ms]
2025-05-28 01:50:13.218 [info] > git cat-file -s 07637ef502fcf5c7f8330587e6cebc8472ff5a7e [1ms]
2025-05-28 01:54:28.080 [info] > git show --textconv :docs/clipboard-copyq-paste.md [13ms]
2025-05-28 01:54:28.081 [warning] [GitFileSystemProvider][readFile] File not found - git:/home/madwayl/.dotfiles/docs/clipboard-copyq-paste.md.git?%7B%22path%22%3A%22%2Fhome%2Fmadwayl%2F.dotfiles%2Fdocs%2Fclipboard-copyq-paste.md%22%2C%22ref%22%3A%22%22%7D
2025-05-28 01:54:28.081 [info] > git ls-files --stage -- docs/clipboard-copyq-paste.md [1ms]
2025-05-28 01:54:28.082 [warning] [GitFileSystemProvider][stat] File not found - git:/home/madwayl/.dotfiles/docs/clipboard-copyq-paste.md.git?%7B%22path%22%3A%22%2Fhome%2Fmadwayl%2F.dotfiles%2Fdocs%2Fclipboard-copyq-paste.md%22%2C%22ref%22%3A%22%22%7D
2025-05-28 01:54:53.174 [info] > git blame --root --incremental c7d2cf5213b7aba3318fe8414b933f049f2c4ded -- docs/clipboard-copyq-paste.md [1ms]
2025-05-28 01:54:53.174 [info] fatal: no such path docs/clipboard-copyq-paste.md in c7d2cf5213b7aba3318fe8414b933f049f2c4ded
