2025-05-28 02:00:09.008 [info] Reading sessions from keychain...
2025-05-28 02:00:09.008 [info] Getting sessions for all scopes...
2025-05-28 02:00:09.008 [info] Getting sessions for all scopes...
2025-05-28 02:00:09.008 [info] Getting sessions for all scopes...
2025-05-28 02:00:09.008 [info] Got 0 sessions for ...
2025-05-28 02:00:09.008 [info] Got 0 sessions for ...
2025-05-28 02:00:09.008 [info] Got 0 sessions for ...
2025-05-28 02:00:09.008 [info] Getting sessions for all scopes...
2025-05-28 02:00:09.008 [info] Got 0 sessions for ...
2025-05-28 02:00:09.008 [info] Getting sessions for all scopes...
2025-05-28 02:00:09.008 [info] Got 0 sessions for ...
2025-05-28 02:00:09.008 [info] Getting sessions for all scopes...
2025-05-28 02:00:09.008 [info] Got 0 sessions for ...
2025-05-28 02:00:09.008 [info] Getting sessions for all scopes...
2025-05-28 02:00:09.008 [info] Got 0 sessions for ...
2025-05-28 02:00:09.008 [info] Getting sessions for all scopes...
2025-05-28 02:00:09.008 [info] Got 0 sessions for ...
2025-05-28 02:00:09.008 [info] Getting sessions for all scopes...
2025-05-28 02:00:09.008 [info] Got 0 sessions for ...
2025-05-28 02:00:09.008 [info] Getting sessions for all scopes...
2025-05-28 02:00:09.008 [info] Got 0 sessions for ...
2025-05-28 02:00:09.008 [info] Getting sessions for all scopes...
2025-05-28 02:00:09.008 [info] Got 0 sessions for ...
2025-05-28 02:00:09.008 [info] Getting sessions for all scopes...
2025-05-28 02:00:09.008 [info] Got 0 sessions for ...
2025-05-28 02:00:09.008 [info] Getting sessions for all scopes...
2025-05-28 02:00:09.008 [info] Got 0 sessions for ...
2025-05-28 02:00:09.008 [info] Getting sessions for all scopes...
2025-05-28 02:00:09.009 [info] Got 0 sessions for ...
2025-05-28 02:00:09.009 [info] Getting sessions for all scopes...
2025-05-28 02:00:09.009 [info] Got 0 sessions for ...
2025-05-28 02:00:09.346 [info] Getting sessions for all scopes...
2025-05-28 02:00:09.346 [info] Got 0 sessions for ...
2025-05-28 02:00:09.430 [info] Getting sessions for all scopes...
2025-05-28 02:00:09.430 [info] Got 0 sessions for ...
2025-05-28 02:00:09.436 [info] Getting sessions for all scopes...
2025-05-28 02:00:09.436 [info] Got 0 sessions for ...
2025-05-28 02:00:10.261 [info] Getting sessions for all scopes...
2025-05-28 02:00:10.261 [info] Got 0 sessions for ...
2025-05-28 02:00:10.350 [info] Getting sessions for all scopes...
2025-05-28 02:00:10.350 [info] Got 0 sessions for ...
2025-05-28 02:00:10.350 [info] Getting sessions for all scopes...
2025-05-28 02:00:10.350 [info] Got 0 sessions for ...
2025-05-28 02:00:10.355 [info] Getting sessions for all scopes...
2025-05-28 02:00:10.355 [info] Got 0 sessions for ...
2025-05-28 02:00:10.520 [info] Getting sessions for all scopes...
2025-05-28 02:00:10.520 [info] Got 0 sessions for ...
2025-05-28 02:00:10.522 [info] Getting sessions for read:user,repo,user:email,workflow...
2025-05-28 02:00:10.522 [info] Got 0 sessions for read:user,repo,user:email,workflow...
2025-05-28 02:00:10.831 [info] Getting sessions for user:email...
2025-05-28 02:00:10.831 [info] Got 0 sessions for user:email...
2025-05-28 02:00:10.831 [info] Getting sessions for read:user,repo,user:email,workflow...
2025-05-28 02:00:10.831 [info] Got 0 sessions for read:user,repo,user:email,workflow...
2025-05-28 02:00:10.837 [info] Getting sessions for all scopes...
2025-05-28 02:00:10.837 [info] Got 0 sessions for ...
2025-05-28 02:00:10.837 [info] Getting sessions for all scopes...
2025-05-28 02:00:10.837 [info] Got 0 sessions for ...
2025-05-28 02:00:10.838 [info] Getting sessions for read:user...
2025-05-28 02:00:10.838 [info] Got 0 sessions for read:user...
2025-05-28 02:00:10.840 [info] Getting sessions for all scopes...
2025-05-28 02:00:10.840 [info] Got 0 sessions for ...
2025-05-28 02:00:10.840 [info] Getting sessions for all scopes...
2025-05-28 02:00:10.840 [info] Got 0 sessions for ...
2025-05-28 02:00:10.841 [info] Getting sessions for user:email...
2025-05-28 02:00:10.841 [info] Got 0 sessions for user:email...
2025-05-28 02:00:10.846 [info] Getting sessions for user:email...
2025-05-28 02:00:10.846 [info] Got 0 sessions for user:email...
2025-05-28 02:00:10.851 [info] Getting sessions for all scopes...
2025-05-28 02:00:10.851 [info] Got 0 sessions for ...
2025-05-28 02:00:10.918 [info] Getting sessions for user:email...
2025-05-28 02:00:10.918 [info] Got 0 sessions for user:email...
2025-05-28 02:00:10.920 [info] Getting sessions for all scopes...
2025-05-28 02:00:10.920 [info] Got 0 sessions for ...
2025-05-28 02:00:10.920 [info] Getting sessions for user:email...
2025-05-28 02:00:10.920 [info] Got 0 sessions for user:email...
2025-05-28 02:00:10.921 [info] Getting sessions for all scopes...
2025-05-28 02:00:10.921 [info] Got 0 sessions for ...
2025-05-28 02:00:10.922 [info] Getting sessions for user:email...
2025-05-28 02:00:10.922 [info] Got 0 sessions for user:email...
2025-05-28 02:00:10.924 [info] Getting sessions for all scopes...
2025-05-28 02:00:10.924 [info] Got 0 sessions for ...
2025-05-28 02:00:10.925 [info] Getting sessions for all scopes...
2025-05-28 02:00:10.925 [info] Got 0 sessions for ...
