2025-05-28 01:03:01.683 [info] Reading sessions from keychain...
2025-05-28 01:03:01.683 [info] Getting sessions for all scopes...
2025-05-28 01:03:01.683 [info] Getting sessions for all scopes...
2025-05-28 01:03:01.683 [info] Getting sessions for all scopes...
2025-05-28 01:03:01.683 [info] Getting sessions for all scopes...
2025-05-28 01:03:01.683 [info] Getting sessions for all scopes...
2025-05-28 01:03:01.683 [info] Getting sessions for all scopes...
2025-05-28 01:03:01.683 [info] Getting sessions for all scopes...
2025-05-28 01:03:01.683 [info] Getting sessions for all scopes...
2025-05-28 01:03:01.702 [info] Got 0 sessions for ...
2025-05-28 01:03:01.702 [info] Got 0 sessions for ...
2025-05-28 01:03:01.702 [info] Got 0 sessions for ...
2025-05-28 01:03:01.702 [info] Got 0 sessions for ...
2025-05-28 01:03:01.702 [info] Got 0 sessions for ...
2025-05-28 01:03:01.702 [info] Got 0 sessions for ...
2025-05-28 01:03:01.702 [info] Got 0 sessions for ...
2025-05-28 01:03:01.702 [info] Got 0 sessions for ...
2025-05-28 01:03:01.708 [info] Getting sessions for all scopes...
2025-05-28 01:03:01.708 [info] Got 0 sessions for ...
2025-05-28 01:03:01.708 [info] Getting sessions for all scopes...
2025-05-28 01:03:01.708 [info] Got 0 sessions for ...
2025-05-28 01:03:01.709 [info] Getting sessions for all scopes...
2025-05-28 01:03:01.709 [info] Got 0 sessions for ...
2025-05-28 01:03:01.709 [info] Getting sessions for all scopes...
2025-05-28 01:03:01.709 [info] Got 0 sessions for ...
2025-05-28 01:03:01.709 [info] Getting sessions for all scopes...
2025-05-28 01:03:01.709 [info] Got 0 sessions for ...
2025-05-28 01:03:01.709 [info] Getting sessions for all scopes...
2025-05-28 01:03:01.709 [info] Got 0 sessions for ...
2025-05-28 01:03:01.749 [info] Getting sessions for all scopes...
2025-05-28 01:03:01.749 [info] Got 0 sessions for ...
2025-05-28 01:03:01.751 [info] Getting sessions for all scopes...
2025-05-28 01:03:01.751 [info] Got 0 sessions for ...
2025-05-28 01:03:02.092 [info] Getting sessions for all scopes...
2025-05-28 01:03:02.092 [info] Got 0 sessions for ...
2025-05-28 01:03:02.531 [info] Getting sessions for all scopes...
2025-05-28 01:03:02.531 [info] Got 0 sessions for ...
2025-05-28 01:03:02.730 [info] Getting sessions for all scopes...
2025-05-28 01:03:02.730 [info] Got 0 sessions for ...
2025-05-28 01:03:03.767 [info] Getting sessions for all scopes...
2025-05-28 01:03:03.767 [info] Got 0 sessions for ...
2025-05-28 01:03:04.015 [info] Getting sessions for all scopes...
2025-05-28 01:03:04.015 [info] Got 0 sessions for ...
2025-05-28 01:03:04.110 [info] Getting sessions for all scopes...
2025-05-28 01:03:04.110 [info] Got 0 sessions for ...
2025-05-28 01:03:04.720 [info] Getting sessions for all scopes...
2025-05-28 01:03:04.720 [info] Got 0 sessions for ...
2025-05-28 01:03:04.904 [info] Getting sessions for all scopes...
2025-05-28 01:03:04.904 [info] Got 0 sessions for ...
2025-05-28 01:03:04.905 [info] Getting sessions for all scopes...
2025-05-28 01:03:04.905 [info] Got 0 sessions for ...
2025-05-28 01:03:04.931 [info] Getting sessions for all scopes...
2025-05-28 01:03:04.931 [info] Got 0 sessions for ...
2025-05-28 01:03:05.028 [info] Getting sessions for all scopes...
2025-05-28 01:03:05.028 [info] Got 0 sessions for ...
2025-05-28 01:03:05.029 [info] Getting sessions for read:user,repo,user:email,workflow...
2025-05-28 01:03:05.029 [info] Got 0 sessions for read:user,repo,user:email,workflow...
2025-05-28 01:03:05.052 [info] Getting sessions for user:email...
2025-05-28 01:03:05.052 [info] Got 0 sessions for user:email...
2025-05-28 01:03:05.052 [info] Getting sessions for read:user,repo,user:email,workflow...
2025-05-28 01:03:05.052 [info] Got 0 sessions for read:user,repo,user:email,workflow...
2025-05-28 01:03:05.058 [info] Getting sessions for read:user...
2025-05-28 01:03:05.058 [info] Got 0 sessions for read:user...
2025-05-28 01:03:05.301 [info] Getting sessions for all scopes...
2025-05-28 01:03:05.301 [info] Got 0 sessions for ...
2025-05-28 01:03:05.329 [info] Getting sessions for all scopes...
2025-05-28 01:03:05.329 [info] Got 0 sessions for ...
2025-05-28 01:03:05.335 [info] Getting sessions for user:email...
2025-05-28 01:03:05.335 [info] Got 0 sessions for user:email...
2025-05-28 01:03:05.540 [info] Getting sessions for user:email...
2025-05-28 01:03:05.540 [info] Got 0 sessions for user:email...
2025-05-28 01:03:05.626 [info] Getting sessions for all scopes...
2025-05-28 01:03:05.626 [info] Got 0 sessions for ...
2025-05-28 01:03:05.626 [info] Getting sessions for all scopes...
2025-05-28 01:03:05.626 [info] Got 0 sessions for ...
2025-05-28 01:03:05.639 [info] Getting sessions for user:email...
2025-05-28 01:03:05.639 [info] Got 0 sessions for user:email...
2025-05-28 01:03:05.664 [info] Getting sessions for all scopes...
2025-05-28 01:03:05.664 [info] Got 0 sessions for ...
2025-05-28 01:03:05.687 [info] Getting sessions for user:email...
2025-05-28 01:03:05.687 [info] Got 0 sessions for user:email...
2025-05-28 01:03:05.712 [info] Getting sessions for all scopes...
2025-05-28 01:03:05.712 [info] Got 0 sessions for ...
2025-05-28 01:03:05.728 [info] Getting sessions for user:email...
2025-05-28 01:03:05.728 [info] Got 0 sessions for user:email...
2025-05-28 01:03:05.745 [info] Getting sessions for all scopes...
2025-05-28 01:03:05.745 [info] Got 0 sessions for ...
2025-05-28 01:03:05.746 [info] Getting sessions for all scopes...
2025-05-28 01:03:05.746 [info] Got 0 sessions for ...
