2025-05-28 01:03:01.552 [info] Reading sessions from keychain...
2025-05-28 01:03:01.552 [info] Getting sessions for all scopes...
2025-05-28 01:03:01.552 [info] Getting sessions for all scopes...
2025-05-28 01:03:01.552 [info] Getting sessions for all scopes...
2025-05-28 01:03:01.552 [info] Getting sessions for all scopes...
2025-05-28 01:03:01.685 [info] Got 0 sessions for ...
2025-05-28 01:03:01.685 [info] Got 0 sessions for ...
2025-05-28 01:03:01.685 [info] Got 0 sessions for ...
2025-05-28 01:03:01.685 [info] Got 0 sessions for ...
2025-05-28 01:03:01.690 [info] Getting sessions for all scopes...
2025-05-28 01:03:01.690 [info] Got 0 sessions for ...
2025-05-28 01:03:01.699 [info] Getting sessions for all scopes...
2025-05-28 01:03:01.699 [info] Got 0 sessions for ...
2025-05-28 01:03:01.820 [info] Getting sessions for all scopes...
2025-05-28 01:03:01.820 [info] Got 0 sessions for ...
2025-05-28 01:03:01.821 [info] Getting sessions for all scopes...
2025-05-28 01:03:01.821 [info] Got 0 sessions for ...
2025-05-28 01:03:01.822 [info] Getting sessions for all scopes...
2025-05-28 01:03:01.822 [info] Got 0 sessions for ...
2025-05-28 01:03:01.822 [info] Getting sessions for all scopes...
2025-05-28 01:03:01.822 [info] Got 0 sessions for ...
2025-05-28 01:03:01.822 [info] Getting sessions for all scopes...
2025-05-28 01:03:01.822 [info] Got 0 sessions for ...
2025-05-28 01:03:01.822 [info] Getting sessions for all scopes...
2025-05-28 01:03:01.822 [info] Got 0 sessions for ...
2025-05-28 01:03:01.828 [info] Getting sessions for all scopes...
2025-05-28 01:03:01.829 [info] Got 0 sessions for ...
2025-05-28 01:03:01.829 [info] Getting sessions for all scopes...
2025-05-28 01:03:01.829 [info] Got 0 sessions for ...
2025-05-28 01:03:01.829 [info] Getting sessions for all scopes...
2025-05-28 01:03:01.829 [info] Got 0 sessions for ...
2025-05-28 01:03:01.829 [info] Getting sessions for all scopes...
2025-05-28 01:03:01.829 [info] Got 0 sessions for ...
2025-05-28 01:03:01.829 [info] Getting sessions for all scopes...
2025-05-28 01:03:01.829 [info] Got 0 sessions for ...
2025-05-28 01:03:01.830 [info] Getting sessions for all scopes...
2025-05-28 01:03:01.830 [info] Got 0 sessions for ...
2025-05-28 01:03:02.863 [info] Getting sessions for all scopes...
2025-05-28 01:03:02.863 [info] Got 0 sessions for ...
2025-05-28 01:03:03.699 [info] Getting sessions for all scopes...
2025-05-28 01:03:03.699 [info] Got 0 sessions for ...
2025-05-28 01:03:03.699 [info] Getting sessions for all scopes...
2025-05-28 01:03:03.699 [info] Got 0 sessions for ...
2025-05-28 01:03:03.770 [info] Getting sessions for all scopes...
2025-05-28 01:03:03.770 [info] Got 0 sessions for ...
2025-05-28 01:03:03.770 [info] Getting sessions for all scopes...
2025-05-28 01:03:03.770 [info] Got 0 sessions for ...
2025-05-28 01:03:03.805 [info] Getting sessions for all scopes...
2025-05-28 01:03:03.805 [info] Got 0 sessions for ...
2025-05-28 01:03:03.954 [info] Getting sessions for all scopes...
2025-05-28 01:03:03.954 [info] Got 0 sessions for ...
2025-05-28 01:03:03.955 [info] Getting sessions for read:user,repo,user:email,workflow...
2025-05-28 01:03:03.955 [info] Got 0 sessions for read:user,repo,user:email,workflow...
2025-05-28 01:03:03.973 [info] Getting sessions for user:email...
2025-05-28 01:03:03.973 [info] Got 0 sessions for user:email...
2025-05-28 01:03:03.974 [info] Getting sessions for read:user,repo,user:email,workflow...
2025-05-28 01:03:03.974 [info] Got 0 sessions for read:user,repo,user:email,workflow...
2025-05-28 01:03:03.975 [info] Getting sessions for read:user...
2025-05-28 01:03:03.975 [info] Got 0 sessions for read:user...
2025-05-28 01:03:04.234 [info] Getting sessions for all scopes...
2025-05-28 01:03:04.234 [info] Got 0 sessions for ...
2025-05-28 01:03:04.234 [info] Getting sessions for all scopes...
2025-05-28 01:03:04.234 [info] Got 0 sessions for ...
2025-05-28 01:03:04.234 [info] Getting sessions for user:email...
2025-05-28 01:03:04.234 [info] Got 0 sessions for user:email...
2025-05-28 01:03:04.238 [info] Getting sessions for user:email...
2025-05-28 01:03:04.238 [info] Got 0 sessions for user:email...
2025-05-28 01:03:04.243 [info] Getting sessions for all scopes...
2025-05-28 01:03:04.243 [info] Got 0 sessions for ...
2025-05-28 01:03:04.302 [info] Getting sessions for user:email...
2025-05-28 01:03:04.302 [info] Got 0 sessions for user:email...
2025-05-28 01:03:04.303 [info] Getting sessions for all scopes...
2025-05-28 01:03:04.303 [info] Got 0 sessions for ...
2025-05-28 01:03:04.304 [info] Getting sessions for user:email...
2025-05-28 01:03:04.304 [info] Got 0 sessions for user:email...
2025-05-28 01:03:04.304 [info] Getting sessions for all scopes...
2025-05-28 01:03:04.304 [info] Got 0 sessions for ...
2025-05-28 01:03:04.304 [info] Getting sessions for user:email...
2025-05-28 01:03:04.304 [info] Got 0 sessions for user:email...
2025-05-28 01:03:04.306 [info] Getting sessions for all scopes...
2025-05-28 01:03:04.306 [info] Got 0 sessions for ...
2025-05-28 01:03:04.306 [info] Getting sessions for all scopes...
2025-05-28 01:03:04.307 [info] Got 0 sessions for ...
