2025-05-28 00:50:29.775 [info] [main] Log level: Info
2025-05-28 00:50:29.775 [info] [main] Validating found git in: "git"
2025-05-28 00:50:29.775 [info] [main] Using git "2.49.0" from "git"
2025-05-28 00:50:29.775 [info] [Model][doInitialScan] Initial repository scan started
2025-05-28 00:50:29.775 [info] > git rev-parse --show-toplevel [14ms]
2025-05-28 00:50:29.775 [info] fatal: not a git repository (or any parent up to mount point /)
Stopping at filesystem boundary (GIT_DISCOVERY_ACROSS_FILESYSTEM not set).
2025-05-28 00:50:29.775 [info] > git rev-parse --show-toplevel [899ms]
2025-05-28 00:50:29.775 [info] fatal: not a git repository (or any parent up to mount point /)
Stopping at filesystem boundary (GIT_DISCOVERY_ACROSS_FILESYSTEM not set).
2025-05-28 00:50:29.798 [info] > git rev-parse --show-toplevel [55ms]
2025-05-28 00:50:29.798 [info] fatal: not a git repository (or any parent up to mount point /)
Stopping at filesystem boundary (GIT_DISCOVERY_ACROSS_FILESYSTEM not set).
2025-05-28 00:50:30.492 [info] > git rev-parse --show-toplevel [2ms]
2025-05-28 00:50:30.492 [info] fatal: not a git repository (or any parent up to mount point /)
Stopping at filesystem boundary (GIT_DISCOVERY_ACROSS_FILESYSTEM not set).
2025-05-28 00:50:30.504 [info] > git rev-parse --show-toplevel [0ms]
2025-05-28 00:50:30.504 [info] fatal: not a git repository (or any parent up to mount point /)
Stopping at filesystem boundary (GIT_DISCOVERY_ACROSS_FILESYSTEM not set).
2025-05-28 00:50:30.514 [info] > git rev-parse --show-toplevel [1ms]
2025-05-28 00:50:30.514 [info] fatal: not a git repository (or any parent up to mount point /)
Stopping at filesystem boundary (GIT_DISCOVERY_ACROSS_FILESYSTEM not set).
2025-05-28 00:50:30.525 [info] > git rev-parse --show-toplevel [1ms]
2025-05-28 00:50:30.525 [info] fatal: not a git repository (or any parent up to mount point /)
Stopping at filesystem boundary (GIT_DISCOVERY_ACROSS_FILESYSTEM not set).
2025-05-28 00:50:30.536 [info] > git rev-parse --show-toplevel [1ms]
2025-05-28 00:50:30.536 [info] fatal: not a git repository (or any parent up to mount point /)
Stopping at filesystem boundary (GIT_DISCOVERY_ACROSS_FILESYSTEM not set).
2025-05-28 00:50:30.553 [info] > git rev-parse --show-toplevel [1ms]
2025-05-28 00:50:30.553 [info] fatal: not a git repository (or any parent up to mount point /)
Stopping at filesystem boundary (GIT_DISCOVERY_ACROSS_FILESYSTEM not set).
2025-05-28 00:50:30.577 [info] > git rev-parse --show-toplevel [2ms]
2025-05-28 00:50:30.577 [info] fatal: not a git repository (or any parent up to mount point /)
Stopping at filesystem boundary (GIT_DISCOVERY_ACROSS_FILESYSTEM not set).
2025-05-28 00:50:30.600 [info] > git rev-parse --show-toplevel [2ms]
2025-05-28 00:50:30.600 [info] fatal: not a git repository (or any parent up to mount point /)
Stopping at filesystem boundary (GIT_DISCOVERY_ACROSS_FILESYSTEM not set).
2025-05-28 00:50:30.622 [info] > git rev-parse --show-toplevel [6ms]
2025-05-28 00:50:30.622 [info] fatal: not a git repository (or any parent up to mount point /)
Stopping at filesystem boundary (GIT_DISCOVERY_ACROSS_FILESYSTEM not set).
2025-05-28 00:50:30.636 [info] > git rev-parse --show-toplevel [1ms]
2025-05-28 00:50:30.636 [info] fatal: not a git repository (or any parent up to mount point /)
Stopping at filesystem boundary (GIT_DISCOVERY_ACROSS_FILESYSTEM not set).
2025-05-28 00:50:30.651 [info] > git rev-parse --show-toplevel [1ms]
2025-05-28 00:50:30.651 [info] fatal: not a git repository (or any parent up to mount point /)
Stopping at filesystem boundary (GIT_DISCOVERY_ACROSS_FILESYSTEM not set).
2025-05-28 00:50:30.662 [info] > git rev-parse --show-toplevel [1ms]
2025-05-28 00:50:30.662 [info] fatal: not a git repository (or any parent up to mount point /)
Stopping at filesystem boundary (GIT_DISCOVERY_ACROSS_FILESYSTEM not set).
2025-05-28 00:50:30.675 [info] > git rev-parse --show-toplevel [1ms]
2025-05-28 00:50:30.676 [info] fatal: not a git repository (or any parent up to mount point /)
Stopping at filesystem boundary (GIT_DISCOVERY_ACROSS_FILESYSTEM not set).
2025-05-28 00:50:30.695 [info] > git rev-parse --show-toplevel [2ms]
2025-05-28 00:50:30.695 [info] fatal: not a git repository (or any parent up to mount point /)
Stopping at filesystem boundary (GIT_DISCOVERY_ACROSS_FILESYSTEM not set).
2025-05-28 00:50:30.709 [info] > git rev-parse --show-toplevel [1ms]
2025-05-28 00:50:30.709 [info] fatal: not a git repository (or any parent up to mount point /)
Stopping at filesystem boundary (GIT_DISCOVERY_ACROSS_FILESYSTEM not set).
2025-05-28 00:50:30.726 [info] > git rev-parse --show-toplevel [1ms]
2025-05-28 00:50:30.726 [info] fatal: not a git repository (or any parent up to mount point /)
Stopping at filesystem boundary (GIT_DISCOVERY_ACROSS_FILESYSTEM not set).
2025-05-28 00:50:30.738 [info] > git rev-parse --show-toplevel [0ms]
2025-05-28 00:50:30.738 [info] fatal: not a git repository (or any parent up to mount point /)
Stopping at filesystem boundary (GIT_DISCOVERY_ACROSS_FILESYSTEM not set).
2025-05-28 00:50:30.757 [info] > git rev-parse --show-toplevel [6ms]
2025-05-28 00:50:30.757 [info] fatal: not a git repository (or any parent up to mount point /)
Stopping at filesystem boundary (GIT_DISCOVERY_ACROSS_FILESYSTEM not set).
2025-05-28 00:50:30.785 [info] > git rev-parse --show-toplevel [7ms]
2025-05-28 00:50:30.785 [info] fatal: not a git repository (or any parent up to mount point /)
Stopping at filesystem boundary (GIT_DISCOVERY_ACROSS_FILESYSTEM not set).
2025-05-28 00:50:30.803 [info] > git rev-parse --show-toplevel [1ms]
2025-05-28 00:50:30.803 [info] fatal: not a git repository (or any parent up to mount point /)
Stopping at filesystem boundary (GIT_DISCOVERY_ACROSS_FILESYSTEM not set).
2025-05-28 00:50:30.822 [info] > git rev-parse --show-toplevel [1ms]
2025-05-28 00:50:30.822 [info] fatal: not a git repository (or any parent up to mount point /)
Stopping at filesystem boundary (GIT_DISCOVERY_ACROSS_FILESYSTEM not set).
2025-05-28 00:50:30.834 [info] > git rev-parse --show-toplevel [0ms]
2025-05-28 00:50:30.834 [info] fatal: not a git repository (or any parent up to mount point /)
Stopping at filesystem boundary (GIT_DISCOVERY_ACROSS_FILESYSTEM not set).
2025-05-28 00:50:30.851 [info] > git rev-parse --show-toplevel [1ms]
2025-05-28 00:50:30.851 [info] fatal: not a git repository (or any parent up to mount point /)
Stopping at filesystem boundary (GIT_DISCOVERY_ACROSS_FILESYSTEM not set).
2025-05-28 00:50:30.870 [info] > git rev-parse --show-toplevel [1ms]
2025-05-28 00:50:30.870 [info] fatal: not a git repository (or any parent up to mount point /)
Stopping at filesystem boundary (GIT_DISCOVERY_ACROSS_FILESYSTEM not set).
2025-05-28 00:50:30.887 [info] > git rev-parse --show-toplevel [1ms]
2025-05-28 00:50:30.887 [info] fatal: not a git repository (or any parent up to mount point /)
Stopping at filesystem boundary (GIT_DISCOVERY_ACROSS_FILESYSTEM not set).
2025-05-28 00:50:30.907 [info] > git rev-parse --show-toplevel [3ms]
2025-05-28 00:50:30.907 [info] fatal: not a git repository (or any parent up to mount point /)
Stopping at filesystem boundary (GIT_DISCOVERY_ACROSS_FILESYSTEM not set).
2025-05-28 00:50:30.933 [info] > git rev-parse --show-toplevel [2ms]
2025-05-28 00:50:30.933 [info] fatal: not a git repository (or any parent up to mount point /)
Stopping at filesystem boundary (GIT_DISCOVERY_ACROSS_FILESYSTEM not set).
2025-05-28 00:50:30.936 [info] [Model][doInitialScan] Initial repository scan completed - repositories (0), closed repositories (0), parent repositories (0), unsafe repositories (0)
2025-05-28 00:50:30.952 [info] > git rev-parse --show-toplevel [1ms]
2025-05-28 00:50:30.952 [info] fatal: not a git repository (or any parent up to mount point /)
Stopping at filesystem boundary (GIT_DISCOVERY_ACROSS_FILESYSTEM not set).
2025-05-28 00:55:02.069 [info] > git rev-parse --show-toplevel [0ms]
2025-05-28 00:55:02.069 [info] fatal: not a git repository (or any parent up to mount point /)
Stopping at filesystem boundary (GIT_DISCOVERY_ACROSS_FILESYSTEM not set).
2025-05-28 00:59:08.741 [info] > git rev-parse --show-toplevel [1ms]
2025-05-28 00:59:08.741 [info] fatal: not a git repository (or any parent up to mount point /)
Stopping at filesystem boundary (GIT_DISCOVERY_ACROSS_FILESYSTEM not set).
2025-05-28 01:02:49.187 [info] > git rev-parse --show-toplevel [0ms]
2025-05-28 01:02:49.187 [info] fatal: not a git repository (or any parent up to mount point /)
Stopping at filesystem boundary (GIT_DISCOVERY_ACROSS_FILESYSTEM not set).
