[1748374115842] INFO  (ext): SQLTools is starting
[1748374115843] INFO  (ext): initializing language client...
[1748374115845] INFO  (ext): Registering client for languages [{"scheme":"sqltools"},{"language":"sql","scheme":"untitled"},{"language":"sql","scheme":"file"},{"language":"sql","scheme":"sqltools"}]
    ns: "lc"
[1748374115850] INFO  (ext): loading plugins...
[1748374115850] INFO  (ext): registering Formatter Plugin.
    plugin: {
      "name": "Formatter Plugin"
    }
[1748374115850] INFO  (ext): registering Connection Manager Plugin.
    plugin: {
      "name": "Connection Manager Plugin"
    }
[1748374115851] INFO  (ext): registering CodeLens Plugin.
    plugin: {
      "name": "CodeLens Plugin",
      "registeredLanguages": []
    }
[1748374115852] INFO  (ext): registering Dependency Manager Plugin.
    plugin: {
      "name": "Dependency Manager Plugin",
      "installingDrivers": []
    }
[1748374115853] INFO  (ext): Connection explorer changed. Will be updated.
    ns: "conn-man:explorer"
[1748374115853] INFO  (ext): registering History Manager Plugin.
    plugin: {
      "name": "History Manager Plugin"
    }
[1748374115853] INFO  (ext): registering Bookmarks Manager Plugin.
    plugin: {
      "name": "Bookmarks Manager Plugin"
    }
[1748374115854] INFO  (ext): registering Authentication Provider Plugin.
    plugin: {
      "name": "Authentication Provider Plugin",
      "isRegistered": false
    }
[1748374115854] INFO  (ext): registering Object Drop-in Provider (plugin).
    plugin: {
      "type": "plugin",
      "name": "Object Drop-in Provider",
      "isRegistered": false
    }
[1748374115855] INFO  (ext): SQLTools activation completed. 12.968122 ms
[1748374115866] INFO  (ext): Formatter Plugin registered!
[1748374115866] INFO  (ext): CodeLens Plugin registered!
[1748374115866] INFO  (ext): Dependency Manager Plugin registered!
[1748374115867] INFO  (ext): Connection Manager Plugin registered!
[1748374115867] INFO  (ext): History Manager Plugin registered!
[1748374115867] INFO  (ext): Bookmarks Manager Plugin registered!
[1748374115867] INFO  (ext): Authentication Provider Plugin registered!
[1748374115867] INFO  (ext): Object Drop-in Provider (plugin) registered!
[1748374116063] INFO  (ext): registering MySQL/MariaDB/TiDB Plugin (driver).
    plugin: {
      "extensionId": "mtxr.sqltools-driver-mysql",
      "name": "MySQL/MariaDB/TiDB Plugin",
      "type": "driver"
    }
[1748374116064] INFO  (ext): registering PostgreSQL/Cockroach Plugin (driver).
    plugin: {
      "extensionId": "mtxr.sqltools-driver-pg",
      "name": "PostgreSQL/Cockroach Plugin",
      "type": "driver"
    }
[1748374116076] INFO  (ls): SQLTools Server started!
===============================
Using node runtime?: no
ExecPath: /opt/visual-studio-code/code 
===============================
[1748374116089] INFO  (ext): LanguageClient ready
    ns: "lc"
[1748374116087] INFO  (ls): Initialized with node version:v20.19.0
[1748374116091] INFO  (ls): REQUEST RECEIVED => ls/RegisterPlugin
[1748374116091] INFO  (ls): request to register plugin: "/home/madwayl/.vscode/extensions/mtxr.sqltools-driver-mysql-0.6.4/out/ls/plugin.js"
[1748374116213] INFO  (ls): Driver mysql registered!
    place: "driver-map"
    ns: "ls-context"
[1748374116214] INFO  (ls): Driver mariadb registered!
    place: "driver-map"
    ns: "ls-context"
[1748374116214] INFO  (ls): Driver tidb registered!
    place: "driver-map"
    ns: "ls-context"
[1748374116214] INFO  (ls): REQUEST RECEIVED => ls/RegisterPlugin
[1748374116214] INFO  (ls): request to register plugin: "/home/madwayl/.vscode/extensions/mtxr.sqltools-driver-pg-0.5.5/out/ls/plugin.js"
[1748374116256] INFO  (ls): Driver postgresql registered!
    place: "driver-map"
    ns: "ls-context"
[1748374116256] INFO  (ls): Driver aws redshift registered!
    place: "driver-map"
    ns: "ls-context"
[1748374116256] INFO  (ls): Driver cockroachdb registered!
    place: "driver-map"
    ns: "ls-context"
[1748374116911] INFO  (ext): MySQL/MariaDB/TiDB Plugin (driver) registered!
[1748374117002] INFO  (ext): PostgreSQL/Cockroach Plugin (driver) registered!
[1748374117854] INFO  (ext): Connection explorer changed. Will be updated.
    ns: "conn-man:explorer"
[1748374118003] INFO  (ext): EXECUTING COMMAND => sqltools.refreshTree
[1748374118003] INFO  (ext): Connection explorer changed. Will be updated.
    ns: "conn-man:explorer"
[1748374145785] INFO  (ext): Connection explorer changed. Will be updated.
    ns: "conn-man:explorer"
[1748374145803] INFO  (ext): Connection explorer changed. Will be updated.
    ns: "conn-man:explorer"
[1748374221459] INFO  (ext): Connection explorer changed. Will be updated.
    ns: "conn-man:explorer"
[1748374221571] INFO  (ext): Connection explorer changed. Will be updated.
    ns: "conn-man:explorer"
[1748374369187] INFO  (ext): Connection explorer changed. Will be updated.
    ns: "conn-man:explorer"
