2025-05-28 01:36:31.084 [info] Reading sessions from keychain...
2025-05-28 01:36:31.084 [info] Getting sessions for all scopes...
2025-05-28 01:36:31.084 [info] Getting sessions for all scopes...
2025-05-28 01:36:31.084 [info] Getting sessions for all scopes...
2025-05-28 01:36:31.084 [info] Got 0 sessions for ...
2025-05-28 01:36:31.084 [info] Got 0 sessions for ...
2025-05-28 01:36:31.084 [info] Got 0 sessions for ...
2025-05-28 01:36:31.084 [info] Getting sessions for all scopes...
2025-05-28 01:36:31.084 [info] Got 0 sessions for ...
2025-05-28 01:36:31.084 [info] Getting sessions for all scopes...
2025-05-28 01:36:31.084 [info] Got 0 sessions for ...
2025-05-28 01:36:31.084 [info] Getting sessions for all scopes...
2025-05-28 01:36:31.084 [info] Got 0 sessions for ...
2025-05-28 01:36:31.084 [info] Getting sessions for all scopes...
2025-05-28 01:36:31.084 [info] Got 0 sessions for ...
2025-05-28 01:36:31.084 [info] Getting sessions for all scopes...
2025-05-28 01:36:31.084 [info] Got 0 sessions for ...
2025-05-28 01:36:31.084 [info] Getting sessions for all scopes...
2025-05-28 01:36:31.084 [info] Got 0 sessions for ...
2025-05-28 01:36:31.084 [info] Getting sessions for all scopes...
2025-05-28 01:36:31.084 [info] Got 0 sessions for ...
2025-05-28 01:36:31.084 [info] Getting sessions for all scopes...
2025-05-28 01:36:31.084 [info] Got 0 sessions for ...
2025-05-28 01:36:31.084 [info] Getting sessions for all scopes...
2025-05-28 01:36:31.084 [info] Got 0 sessions for ...
2025-05-28 01:36:31.084 [info] Getting sessions for all scopes...
2025-05-28 01:36:31.084 [info] Got 0 sessions for ...
2025-05-28 01:36:31.084 [info] Getting sessions for all scopes...
2025-05-28 01:36:31.084 [info] Got 0 sessions for ...
2025-05-28 01:36:31.211 [info] Getting sessions for all scopes...
2025-05-28 01:36:31.211 [info] Got 0 sessions for ...
2025-05-28 01:36:31.651 [info] Getting sessions for all scopes...
2025-05-28 01:36:31.651 [info] Got 0 sessions for ...
2025-05-28 01:36:31.655 [info] Getting sessions for all scopes...
2025-05-28 01:36:31.655 [info] Got 0 sessions for ...
2025-05-28 01:36:31.685 [info] Getting sessions for all scopes...
2025-05-28 01:36:31.685 [info] Got 0 sessions for ...
2025-05-28 01:36:31.710 [info] Getting sessions for all scopes...
2025-05-28 01:36:31.710 [info] Got 0 sessions for ...
2025-05-28 01:36:31.710 [info] Getting sessions for all scopes...
2025-05-28 01:36:31.710 [info] Got 0 sessions for ...
2025-05-28 01:36:31.824 [info] Getting sessions for user:email...
2025-05-28 01:36:31.824 [info] Got 0 sessions for user:email...
2025-05-28 01:36:31.824 [info] Getting sessions for read:user,repo,user:email,workflow...
2025-05-28 01:36:31.824 [info] Got 0 sessions for read:user,repo,user:email,workflow...
2025-05-28 01:36:32.298 [info] Getting sessions for all scopes...
2025-05-28 01:36:32.298 [info] Got 0 sessions for ...
2025-05-28 01:36:32.298 [info] Getting sessions for all scopes...
2025-05-28 01:36:32.298 [info] Got 0 sessions for ...
2025-05-28 01:36:32.320 [info] Getting sessions for all scopes...
2025-05-28 01:36:32.320 [info] Got 0 sessions for ...
2025-05-28 01:36:32.452 [info] Getting sessions for all scopes...
2025-05-28 01:36:32.452 [info] Got 0 sessions for ...
2025-05-28 01:36:32.452 [info] Getting sessions for read:user,repo,user:email,workflow...
2025-05-28 01:36:32.452 [info] Got 0 sessions for read:user,repo,user:email,workflow...
2025-05-28 01:36:32.718 [info] Getting sessions for user:email...
2025-05-28 01:36:32.718 [info] Got 0 sessions for user:email...
2025-05-28 01:36:32.719 [info] Getting sessions for all scopes...
2025-05-28 01:36:32.719 [info] Got 0 sessions for ...
2025-05-28 01:36:32.719 [info] Getting sessions for all scopes...
2025-05-28 01:36:32.719 [info] Got 0 sessions for ...
2025-05-28 01:36:32.763 [info] Getting sessions for read:user...
2025-05-28 01:36:32.763 [info] Got 0 sessions for read:user...
2025-05-28 01:36:32.778 [info] Getting sessions for all scopes...
2025-05-28 01:36:32.778 [info] Got 0 sessions for ...
2025-05-28 01:36:32.842 [info] Getting sessions for user:email...
2025-05-28 01:36:32.842 [info] Got 0 sessions for user:email...
2025-05-28 01:36:32.842 [info] Getting sessions for user:email...
2025-05-28 01:36:32.842 [info] Got 0 sessions for user:email...
2025-05-28 01:36:32.873 [info] Getting sessions for all scopes...
2025-05-28 01:36:32.873 [info] Got 0 sessions for ...
2025-05-28 01:36:32.990 [info] Getting sessions for user:email...
2025-05-28 01:36:32.990 [info] Got 0 sessions for user:email...
2025-05-28 01:36:32.992 [info] Getting sessions for all scopes...
2025-05-28 01:36:32.992 [info] Got 0 sessions for ...
2025-05-28 01:36:33.030 [info] Getting sessions for user:email...
2025-05-28 01:36:33.030 [info] Got 0 sessions for user:email...
2025-05-28 01:36:33.033 [info] Getting sessions for all scopes...
2025-05-28 01:36:33.033 [info] Got 0 sessions for ...
2025-05-28 01:36:33.035 [info] Getting sessions for all scopes...
2025-05-28 01:36:33.035 [info] Got 0 sessions for ...
2025-05-28 01:36:33.371 [info] Getting sessions for all scopes...
2025-05-28 01:36:33.371 [info] Got 0 sessions for ...
2025-05-28 01:36:38.925 [info] Reading sessions from keychain...
2025-05-28 01:36:38.925 [info] Getting sessions for all scopes...
2025-05-28 01:36:38.925 [info] Getting sessions for all scopes...
2025-05-28 01:36:38.925 [info] Got 0 sessions for ...
2025-05-28 01:36:38.925 [info] Got 0 sessions for ...
2025-05-28 01:36:38.925 [info] Getting sessions for all scopes...
2025-05-28 01:36:38.925 [info] Got 0 sessions for ...
2025-05-28 01:36:38.925 [info] Getting sessions for all scopes...
2025-05-28 01:36:38.925 [info] Got 0 sessions for ...
2025-05-28 01:36:38.925 [info] Getting sessions for all scopes...
2025-05-28 01:36:38.925 [info] Got 0 sessions for ...
2025-05-28 01:36:38.925 [info] Getting sessions for all scopes...
2025-05-28 01:36:38.925 [info] Got 0 sessions for ...
2025-05-28 01:36:38.925 [info] Getting sessions for all scopes...
2025-05-28 01:36:38.925 [info] Got 0 sessions for ...
2025-05-28 01:36:38.973 [info] Getting sessions for all scopes...
2025-05-28 01:36:38.973 [info] Got 0 sessions for ...
2025-05-28 01:36:38.973 [info] Getting sessions for all scopes...
2025-05-28 01:36:38.973 [info] Got 0 sessions for ...
2025-05-28 01:36:38.973 [info] Getting sessions for all scopes...
2025-05-28 01:36:38.973 [info] Got 0 sessions for ...
2025-05-28 01:36:38.973 [info] Getting sessions for all scopes...
2025-05-28 01:36:38.973 [info] Got 0 sessions for ...
2025-05-28 01:36:38.974 [info] Getting sessions for all scopes...
2025-05-28 01:36:38.974 [info] Got 0 sessions for ...
2025-05-28 01:36:38.974 [info] Getting sessions for all scopes...
2025-05-28 01:36:38.974 [info] Got 0 sessions for ...
2025-05-28 01:36:39.131 [info] Getting sessions for all scopes...
2025-05-28 01:36:39.132 [info] Got 0 sessions for ...
2025-05-28 01:36:40.241 [info] Getting sessions for all scopes...
2025-05-28 01:36:40.241 [info] Got 0 sessions for ...
2025-05-28 01:36:40.256 [info] Getting sessions for all scopes...
2025-05-28 01:36:40.256 [info] Got 0 sessions for ...
2025-05-28 01:36:40.257 [info] Getting sessions for all scopes...
2025-05-28 01:36:40.257 [info] Got 0 sessions for ...
2025-05-28 01:36:40.261 [info] Getting sessions for all scopes...
2025-05-28 01:36:40.261 [info] Got 0 sessions for ...
2025-05-28 01:36:40.436 [info] Getting sessions for all scopes...
2025-05-28 01:36:40.436 [info] Got 0 sessions for ...
2025-05-28 01:36:40.436 [info] Getting sessions for all scopes...
2025-05-28 01:36:40.436 [info] Got 0 sessions for ...
2025-05-28 01:36:40.496 [info] Getting sessions for all scopes...
2025-05-28 01:36:40.496 [info] Got 0 sessions for ...
2025-05-28 01:36:40.685 [info] Getting sessions for all scopes...
2025-05-28 01:36:40.685 [info] Got 0 sessions for ...
2025-05-28 01:36:40.686 [info] Getting sessions for read:user,repo,user:email,workflow...
2025-05-28 01:36:40.686 [info] Got 0 sessions for read:user,repo,user:email,workflow...
2025-05-28 01:36:40.699 [info] Getting sessions for all scopes...
2025-05-28 01:36:40.699 [info] Got 0 sessions for ...
2025-05-28 01:36:40.750 [info] Getting sessions for all scopes...
2025-05-28 01:36:40.750 [info] Got 0 sessions for ...
2025-05-28 01:36:40.750 [info] Getting sessions for user:email...
2025-05-28 01:36:40.750 [info] Got 0 sessions for user:email...
2025-05-28 01:36:41.549 [info] Getting sessions for read:user,repo,user:email,workflow...
2025-05-28 01:36:41.549 [info] Got 0 sessions for read:user,repo,user:email,workflow...
2025-05-28 01:36:41.587 [info] Getting sessions for read:user...
2025-05-28 01:36:41.587 [info] Got 0 sessions for read:user...
2025-05-28 01:36:41.877 [info] Getting sessions for read:user,repo,user:email,workflow...
2025-05-28 01:36:41.877 [info] Got 0 sessions for read:user,repo,user:email,workflow...
2025-05-28 01:36:41.897 [info] Getting sessions for all scopes...
2025-05-28 01:36:41.897 [info] Got 0 sessions for ...
2025-05-28 01:36:41.974 [info] Getting sessions for all scopes...
2025-05-28 01:36:41.974 [info] Got 0 sessions for ...
2025-05-28 01:36:42.149 [info] Getting sessions for user:email...
2025-05-28 01:36:42.149 [info] Got 0 sessions for user:email...
2025-05-28 01:36:42.161 [info] Getting sessions for user:email...
2025-05-28 01:36:42.161 [info] Got 0 sessions for user:email...
2025-05-28 01:36:42.827 [info] Getting sessions for all scopes...
2025-05-28 01:36:42.827 [info] Got 0 sessions for ...
2025-05-28 01:36:42.948 [info] Getting sessions for user:email...
2025-05-28 01:36:42.948 [info] Got 0 sessions for user:email...
2025-05-28 01:36:42.969 [info] Getting sessions for all scopes...
2025-05-28 01:36:42.969 [info] Got 0 sessions for ...
2025-05-28 01:36:42.990 [info] Getting sessions for user:email...
2025-05-28 01:36:42.990 [info] Got 0 sessions for user:email...
2025-05-28 01:36:43.015 [info] Getting sessions for all scopes...
2025-05-28 01:36:43.015 [info] Got 0 sessions for ...
2025-05-28 01:36:43.025 [info] Getting sessions for user:email...
2025-05-28 01:36:43.025 [info] Got 0 sessions for user:email...
2025-05-28 01:36:43.038 [info] Getting sessions for all scopes...
2025-05-28 01:36:43.038 [info] Got 0 sessions for ...
2025-05-28 01:36:43.038 [info] Getting sessions for all scopes...
2025-05-28 01:36:43.038 [info] Got 0 sessions for ...
2025-05-28 01:36:43.912 [info] Getting sessions for all scopes...
2025-05-28 01:36:43.912 [info] Got 0 sessions for ...
2025-05-28 01:36:43.917 [info] Getting sessions for read:user,repo,user:email,workflow...
2025-05-28 01:36:43.917 [info] Got 0 sessions for read:user,repo,user:email,workflow...
2025-05-28 01:36:43.918 [info] Getting sessions for all scopes...
2025-05-28 01:36:43.918 [info] Got 0 sessions for ...
2025-05-28 01:36:43.919 [info] Getting sessions for user:email...
2025-05-28 01:36:43.919 [info] Got 0 sessions for user:email...
2025-05-28 01:37:24.266 [info] Getting sessions for read:user,repo,user:email,workflow...
2025-05-28 01:37:24.266 [info] Got 0 sessions for read:user,repo,user:email,workflow...
2025-05-28 01:37:24.267 [info] Getting sessions for read:user...
2025-05-28 01:37:24.267 [info] Got 0 sessions for read:user...
2025-05-28 01:37:24.267 [info] Getting sessions for user:email...
2025-05-28 01:37:24.267 [info] Got 0 sessions for user:email...
2025-05-28 01:37:28.682 [info] Getting sessions for read:user,repo,user:email,workflow...
2025-05-28 01:37:28.682 [info] Got 0 sessions for read:user,repo,user:email,workflow...
2025-05-28 01:37:28.684 [info] Getting sessions for read:user...
2025-05-28 01:37:28.684 [info] Got 0 sessions for read:user...
2025-05-28 01:37:28.685 [info] Getting sessions for user:email...
2025-05-28 01:37:28.685 [info] Got 0 sessions for user:email...
2025-05-28 01:37:29.066 [info] Getting sessions for read:user,repo,user:email,workflow...
2025-05-28 01:37:29.066 [info] Got 0 sessions for read:user,repo,user:email,workflow...
2025-05-28 01:37:29.066 [info] Getting sessions for read:user...
2025-05-28 01:37:29.066 [info] Got 0 sessions for read:user...
2025-05-28 01:37:29.067 [info] Getting sessions for user:email...
2025-05-28 01:37:29.067 [info] Got 0 sessions for user:email...
2025-05-28 01:37:29.324 [info] Getting sessions for read:user,repo,user:email,workflow...
2025-05-28 01:37:29.324 [info] Got 0 sessions for read:user,repo,user:email,workflow...
2025-05-28 01:37:29.325 [info] Getting sessions for read:user...
2025-05-28 01:37:29.325 [info] Got 0 sessions for read:user...
2025-05-28 01:37:29.325 [info] Getting sessions for user:email...
2025-05-28 01:37:29.325 [info] Got 0 sessions for user:email...
2025-05-28 01:37:29.927 [info] Getting sessions for read:user,repo,user:email,workflow...
2025-05-28 01:37:29.927 [info] Got 0 sessions for read:user,repo,user:email,workflow...
2025-05-28 01:37:29.928 [info] Getting sessions for read:user...
2025-05-28 01:37:29.928 [info] Got 0 sessions for read:user...
2025-05-28 01:37:29.929 [info] Getting sessions for user:email...
2025-05-28 01:37:29.929 [info] Got 0 sessions for user:email...
2025-05-28 01:37:30.177 [info] Getting sessions for read:user,repo,user:email,workflow...
2025-05-28 01:37:30.178 [info] Got 0 sessions for read:user,repo,user:email,workflow...
2025-05-28 01:37:30.181 [info] Getting sessions for read:user...
2025-05-28 01:37:30.181 [info] Got 0 sessions for read:user...
2025-05-28 01:37:30.183 [info] Getting sessions for user:email...
2025-05-28 01:37:30.183 [info] Got 0 sessions for user:email...
2025-05-28 01:37:30.376 [info] Getting sessions for read:user,repo,user:email,workflow...
2025-05-28 01:37:30.376 [info] Got 0 sessions for read:user,repo,user:email,workflow...
2025-05-28 01:37:30.377 [info] Getting sessions for read:user...
2025-05-28 01:37:30.377 [info] Got 0 sessions for read:user...
2025-05-28 01:37:30.378 [info] Getting sessions for user:email...
2025-05-28 01:37:30.378 [info] Got 0 sessions for user:email...
2025-05-28 01:37:30.522 [info] Getting sessions for read:user,repo,user:email,workflow...
2025-05-28 01:37:30.522 [info] Got 0 sessions for read:user,repo,user:email,workflow...
2025-05-28 01:37:30.523 [info] Getting sessions for read:user...
2025-05-28 01:37:30.523 [info] Got 0 sessions for read:user...
2025-05-28 01:37:30.524 [info] Getting sessions for user:email...
2025-05-28 01:37:30.524 [info] Got 0 sessions for user:email...
2025-05-28 01:37:30.709 [info] Getting sessions for read:user,repo,user:email,workflow...
2025-05-28 01:37:30.709 [info] Got 0 sessions for read:user,repo,user:email,workflow...
2025-05-28 01:37:30.711 [info] Getting sessions for read:user...
2025-05-28 01:37:30.711 [info] Got 0 sessions for read:user...
2025-05-28 01:37:30.712 [info] Getting sessions for user:email...
2025-05-28 01:37:30.712 [info] Got 0 sessions for user:email...
2025-05-28 01:37:30.864 [info] Getting sessions for read:user,repo,user:email,workflow...
2025-05-28 01:37:30.864 [info] Got 0 sessions for read:user,repo,user:email,workflow...
2025-05-28 01:37:30.866 [info] Getting sessions for read:user...
2025-05-28 01:37:30.866 [info] Got 0 sessions for read:user...
2025-05-28 01:37:30.868 [info] Getting sessions for user:email...
2025-05-28 01:37:30.868 [info] Got 0 sessions for user:email...
2025-05-28 01:37:30.972 [info] Getting sessions for read:user,repo,user:email,workflow...
2025-05-28 01:37:30.972 [info] Got 0 sessions for read:user,repo,user:email,workflow...
2025-05-28 01:37:30.973 [info] Getting sessions for read:user...
2025-05-28 01:37:30.973 [info] Got 0 sessions for read:user...
2025-05-28 01:37:30.974 [info] Getting sessions for user:email...
2025-05-28 01:37:30.974 [info] Got 0 sessions for user:email...
2025-05-28 01:37:31.284 [info] Getting sessions for read:user,repo,user:email,workflow...
2025-05-28 01:37:31.284 [info] Got 0 sessions for read:user,repo,user:email,workflow...
2025-05-28 01:37:31.285 [info] Getting sessions for read:user...
2025-05-28 01:37:31.285 [info] Got 0 sessions for read:user...
2025-05-28 01:37:31.286 [info] Getting sessions for user:email...
2025-05-28 01:37:31.287 [info] Got 0 sessions for user:email...
2025-05-28 01:37:31.785 [info] Getting sessions for read:user,repo,user:email,workflow...
2025-05-28 01:37:31.785 [info] Got 0 sessions for read:user,repo,user:email,workflow...
2025-05-28 01:37:31.787 [info] Getting sessions for read:user...
2025-05-28 01:37:31.787 [info] Got 0 sessions for read:user...
2025-05-28 01:37:31.789 [info] Getting sessions for user:email...
2025-05-28 01:37:31.789 [info] Got 0 sessions for user:email...
2025-05-28 01:37:31.939 [info] Getting sessions for read:user,repo,user:email,workflow...
2025-05-28 01:37:31.939 [info] Got 0 sessions for read:user,repo,user:email,workflow...
2025-05-28 01:37:31.940 [info] Getting sessions for read:user...
2025-05-28 01:37:31.940 [info] Got 0 sessions for read:user...
2025-05-28 01:37:31.940 [info] Getting sessions for user:email...
2025-05-28 01:37:31.940 [info] Got 0 sessions for user:email...
2025-05-28 01:37:32.049 [info] Getting sessions for read:user,repo,user:email,workflow...
2025-05-28 01:37:32.049 [info] Got 0 sessions for read:user,repo,user:email,workflow...
2025-05-28 01:37:32.049 [info] Getting sessions for read:user...
2025-05-28 01:37:32.049 [info] Got 0 sessions for read:user...
2025-05-28 01:37:32.050 [info] Getting sessions for user:email...
2025-05-28 01:37:32.050 [info] Got 0 sessions for user:email...
2025-05-28 01:37:32.208 [info] Getting sessions for read:user,repo,user:email,workflow...
2025-05-28 01:37:32.209 [info] Got 0 sessions for read:user,repo,user:email,workflow...
2025-05-28 01:37:32.211 [info] Getting sessions for read:user...
2025-05-28 01:37:32.211 [info] Got 0 sessions for read:user...
2025-05-28 01:37:32.213 [info] Getting sessions for user:email...
2025-05-28 01:37:32.213 [info] Got 0 sessions for user:email...
2025-05-28 01:37:32.392 [info] Getting sessions for read:user,repo,user:email,workflow...
2025-05-28 01:37:32.392 [info] Got 0 sessions for read:user,repo,user:email,workflow...
2025-05-28 01:37:32.393 [info] Getting sessions for read:user...
2025-05-28 01:37:32.393 [info] Got 0 sessions for read:user...
2025-05-28 01:37:32.394 [info] Getting sessions for user:email...
2025-05-28 01:37:32.394 [info] Got 0 sessions for user:email...
2025-05-28 01:51:43.029 [info] Getting sessions for all scopes...
2025-05-28 01:51:43.029 [info] Got 0 sessions for ...
2025-05-28 01:51:43.032 [info] Getting sessions for user:email...
2025-05-28 01:51:43.032 [info] Got 0 sessions for user:email...
2025-05-28 01:51:43.034 [info] Getting sessions for all scopes...
2025-05-28 01:51:43.034 [info] Got 0 sessions for ...
2025-05-28 01:51:43.035 [info] Getting sessions for user:email...
2025-05-28 01:51:43.035 [info] Got 0 sessions for user:email...
