2025-05-28 01:03:05.052 [info] [main] Log level: Info
2025-05-28 01:03:05.052 [info] [main] Validating found git in: "git"
2025-05-28 01:03:05.052 [info] [main] Using git "2.49.0" from "git"
2025-05-28 01:03:05.052 [info] [Model][doInitialScan] Initial repository scan started
2025-05-28 01:03:05.052 [info] > git rev-parse --show-toplevel [28ms]
2025-05-28 01:03:05.052 [info] fatal: not a git repository (or any parent up to mount point /)
Stopping at filesystem boundary (GIT_DISCOVERY_ACROSS_FILESYSTEM not set).
2025-05-28 01:03:05.556 [info] > git rev-parse --show-toplevel [3ms]
2025-05-28 01:03:05.556 [info] fatal: not a git repository (or any parent up to mount point /)
Stopping at filesystem boundary (GIT_DISCOVERY_ACROSS_FILESYSTEM not set).
2025-05-28 01:03:05.569 [info] > git rev-parse --show-toplevel [1ms]
2025-05-28 01:03:05.569 [info] fatal: not a git repository (or any parent up to mount point /)
Stopping at filesystem boundary (GIT_DISCOVERY_ACROSS_FILESYSTEM not set).
2025-05-28 01:03:05.589 [info] > git rev-parse --show-toplevel [4ms]
2025-05-28 01:03:05.589 [info] fatal: not a git repository (or any parent up to mount point /)
Stopping at filesystem boundary (GIT_DISCOVERY_ACROSS_FILESYSTEM not set).
2025-05-28 01:03:05.602 [info] > git rev-parse --show-toplevel [0ms]
2025-05-28 01:03:05.602 [info] fatal: not a git repository (or any parent up to mount point /)
Stopping at filesystem boundary (GIT_DISCOVERY_ACROSS_FILESYSTEM not set).
2025-05-28 01:03:05.615 [info] > git rev-parse --show-toplevel [2ms]
2025-05-28 01:03:05.615 [info] fatal: not a git repository (or any parent up to mount point /)
Stopping at filesystem boundary (GIT_DISCOVERY_ACROSS_FILESYSTEM not set).
2025-05-28 01:03:05.627 [info] > git rev-parse --show-toplevel [1ms]
2025-05-28 01:03:05.627 [info] fatal: not a git repository (or any parent up to mount point /)
Stopping at filesystem boundary (GIT_DISCOVERY_ACROSS_FILESYSTEM not set).
2025-05-28 01:03:05.639 [info] > git rev-parse --show-toplevel [1ms]
2025-05-28 01:03:05.639 [info] fatal: not a git repository (or any parent up to mount point /)
Stopping at filesystem boundary (GIT_DISCOVERY_ACROSS_FILESYSTEM not set).
2025-05-28 01:03:05.652 [info] > git rev-parse --show-toplevel [2ms]
2025-05-28 01:03:05.652 [info] fatal: not a git repository (or any parent up to mount point /)
Stopping at filesystem boundary (GIT_DISCOVERY_ACROSS_FILESYSTEM not set).
2025-05-28 01:03:05.664 [info] > git rev-parse --show-toplevel [1ms]
2025-05-28 01:03:05.664 [info] fatal: not a git repository (or any parent up to mount point /)
Stopping at filesystem boundary (GIT_DISCOVERY_ACROSS_FILESYSTEM not set).
2025-05-28 01:03:05.674 [info] > git rev-parse --show-toplevel [2ms]
2025-05-28 01:03:05.674 [info] fatal: not a git repository (or any parent up to mount point /)
Stopping at filesystem boundary (GIT_DISCOVERY_ACROSS_FILESYSTEM not set).
2025-05-28 01:03:05.694 [info] > git rev-parse --show-toplevel [10ms]
2025-05-28 01:03:05.694 [info] fatal: not a git repository (or any parent up to mount point /)
Stopping at filesystem boundary (GIT_DISCOVERY_ACROSS_FILESYSTEM not set).
2025-05-28 01:03:05.703 [info] > git rev-parse --show-toplevel [1ms]
2025-05-28 01:03:05.703 [info] fatal: not a git repository (or any parent up to mount point /)
Stopping at filesystem boundary (GIT_DISCOVERY_ACROSS_FILESYSTEM not set).
2025-05-28 01:03:05.711 [info] > git rev-parse --show-toplevel [0ms]
2025-05-28 01:03:05.712 [info] fatal: not a git repository (or any parent up to mount point /)
Stopping at filesystem boundary (GIT_DISCOVERY_ACROSS_FILESYSTEM not set).
2025-05-28 01:03:05.720 [info] > git rev-parse --show-toplevel [0ms]
2025-05-28 01:03:05.720 [info] fatal: not a git repository (or any parent up to mount point /)
Stopping at filesystem boundary (GIT_DISCOVERY_ACROSS_FILESYSTEM not set).
2025-05-28 01:03:05.727 [info] > git rev-parse --show-toplevel [0ms]
2025-05-28 01:03:05.727 [info] fatal: not a git repository (or any parent up to mount point /)
Stopping at filesystem boundary (GIT_DISCOVERY_ACROSS_FILESYSTEM not set).
2025-05-28 01:03:05.737 [info] > git rev-parse --show-toplevel [1ms]
2025-05-28 01:03:05.737 [info] fatal: not a git repository (or any parent up to mount point /)
Stopping at filesystem boundary (GIT_DISCOVERY_ACROSS_FILESYSTEM not set).
2025-05-28 01:03:05.745 [info] > git rev-parse --show-toplevel [0ms]
2025-05-28 01:03:05.745 [info] fatal: not a git repository (or any parent up to mount point /)
Stopping at filesystem boundary (GIT_DISCOVERY_ACROSS_FILESYSTEM not set).
2025-05-28 01:03:05.753 [info] > git rev-parse --show-toplevel [0ms]
2025-05-28 01:03:05.753 [info] fatal: not a git repository (or any parent up to mount point /)
Stopping at filesystem boundary (GIT_DISCOVERY_ACROSS_FILESYSTEM not set).
2025-05-28 01:03:05.761 [info] > git rev-parse --show-toplevel [1ms]
2025-05-28 01:03:05.761 [info] fatal: not a git repository (or any parent up to mount point /)
Stopping at filesystem boundary (GIT_DISCOVERY_ACROSS_FILESYSTEM not set).
2025-05-28 01:03:05.769 [info] > git rev-parse --show-toplevel [0ms]
2025-05-28 01:03:05.769 [info] fatal: not a git repository (or any parent up to mount point /)
Stopping at filesystem boundary (GIT_DISCOVERY_ACROSS_FILESYSTEM not set).
2025-05-28 01:03:05.778 [info] > git rev-parse --show-toplevel [1ms]
2025-05-28 01:03:05.778 [info] fatal: not a git repository (or any parent up to mount point /)
Stopping at filesystem boundary (GIT_DISCOVERY_ACROSS_FILESYSTEM not set).
2025-05-28 01:03:05.788 [info] > git rev-parse --show-toplevel [1ms]
2025-05-28 01:03:05.788 [info] fatal: not a git repository (or any parent up to mount point /)
Stopping at filesystem boundary (GIT_DISCOVERY_ACROSS_FILESYSTEM not set).
2025-05-28 01:03:05.795 [info] > git rev-parse --show-toplevel [1ms]
2025-05-28 01:03:05.795 [info] fatal: not a git repository (or any parent up to mount point /)
Stopping at filesystem boundary (GIT_DISCOVERY_ACROSS_FILESYSTEM not set).
2025-05-28 01:03:05.803 [info] > git rev-parse --show-toplevel [0ms]
2025-05-28 01:03:05.803 [info] fatal: not a git repository (or any parent up to mount point /)
Stopping at filesystem boundary (GIT_DISCOVERY_ACROSS_FILESYSTEM not set).
2025-05-28 01:03:05.811 [info] > git rev-parse --show-toplevel [1ms]
2025-05-28 01:03:05.811 [info] fatal: not a git repository (or any parent up to mount point /)
Stopping at filesystem boundary (GIT_DISCOVERY_ACROSS_FILESYSTEM not set).
2025-05-28 01:03:05.820 [info] > git rev-parse --show-toplevel [1ms]
2025-05-28 01:03:05.820 [info] fatal: not a git repository (or any parent up to mount point /)
Stopping at filesystem boundary (GIT_DISCOVERY_ACROSS_FILESYSTEM not set).
2025-05-28 01:03:05.829 [info] > git rev-parse --show-toplevel [0ms]
2025-05-28 01:03:05.829 [info] fatal: not a git repository (or any parent up to mount point /)
Stopping at filesystem boundary (GIT_DISCOVERY_ACROSS_FILESYSTEM not set).
2025-05-28 01:03:05.837 [info] > git rev-parse --show-toplevel [0ms]
2025-05-28 01:03:05.837 [info] fatal: not a git repository (or any parent up to mount point /)
Stopping at filesystem boundary (GIT_DISCOVERY_ACROSS_FILESYSTEM not set).
2025-05-28 01:03:05.845 [info] > git rev-parse --show-toplevel [0ms]
2025-05-28 01:03:05.845 [info] fatal: not a git repository (or any parent up to mount point /)
Stopping at filesystem boundary (GIT_DISCOVERY_ACROSS_FILESYSTEM not set).
2025-05-28 01:03:05.856 [info] > git rev-parse --show-toplevel [1ms]
2025-05-28 01:03:05.856 [info] fatal: not a git repository (or any parent up to mount point /)
Stopping at filesystem boundary (GIT_DISCOVERY_ACROSS_FILESYSTEM not set).
2025-05-28 01:03:05.864 [info] > git rev-parse --show-toplevel [1ms]
2025-05-28 01:03:05.864 [info] fatal: not a git repository (or any parent up to mount point /)
Stopping at filesystem boundary (GIT_DISCOVERY_ACROSS_FILESYSTEM not set).
2025-05-28 01:03:05.872 [info] > git rev-parse --show-toplevel [0ms]
2025-05-28 01:03:05.872 [info] fatal: not a git repository (or any parent up to mount point /)
Stopping at filesystem boundary (GIT_DISCOVERY_ACROSS_FILESYSTEM not set).
2025-05-28 01:03:05.879 [info] > git rev-parse --show-toplevel [0ms]
2025-05-28 01:03:05.879 [info] fatal: not a git repository (or any parent up to mount point /)
Stopping at filesystem boundary (GIT_DISCOVERY_ACROSS_FILESYSTEM not set).
2025-05-28 01:03:05.881 [info] [Model][doInitialScan] Initial repository scan completed - repositories (0), closed repositories (0), parent repositories (0), unsafe repositories (0)
