[1748374384806] INFO  (ext): SQLTools is starting
[1748374384807] INFO  (ext): initializing language client...
[1748374384808] INFO  (ext): Registering client for languages [{"scheme":"sqltools"},{"language":"sql","scheme":"untitled"},{"language":"sql","scheme":"file"},{"language":"sql","scheme":"sqltools"}]
    ns: "lc"
[1748374384812] INFO  (ext): loading plugins...
[1748374384812] INFO  (ext): registering Formatter Plugin.
    plugin: {
      "name": "Formatter Plugin"
    }
[1748374384813] INFO  (ext): registering Connection Manager Plugin.
    plugin: {
      "name": "Connection Manager Plugin"
    }
[1748374384813] INFO  (ext): registering CodeLens Plugin.
    plugin: {
      "name": "CodeLens Plugin",
      "registeredLanguages": []
    }
[1748374384814] INFO  (ext): registering Dependency Manager Plugin.
    plugin: {
      "name": "Dependency Manager Plugin",
      "installingDrivers": []
    }
[1748374384815] INFO  (ext): Connection explorer changed. Will be updated.
    ns: "conn-man:explorer"
[1748374384815] INFO  (ext): registering History Manager Plugin.
    plugin: {
      "name": "History Manager Plugin"
    }
[1748374384816] INFO  (ext): registering Bookmarks Manager Plugin.
    plugin: {
      "name": "Bookmarks Manager Plugin"
    }
[1748374384816] INFO  (ext): registering Authentication Provider Plugin.
    plugin: {
      "name": "Authentication Provider Plugin",
      "isRegistered": false
    }
[1748374384816] INFO  (ext): registering Object Drop-in Provider (plugin).
    plugin: {
      "type": "plugin",
      "name": "Object Drop-in Provider",
      "isRegistered": false
    }
[1748374384817] INFO  (ext): SQLTools activation completed. 10.39275 ms
[1748374384817] INFO  (ext): Formatter Plugin registered!
[1748374384817] INFO  (ext): CodeLens Plugin registered!
[1748374384817] INFO  (ext): Dependency Manager Plugin registered!
[1748374384817] INFO  (ext): Connection Manager Plugin registered!
[1748374384817] INFO  (ext): History Manager Plugin registered!
[1748374384817] INFO  (ext): Bookmarks Manager Plugin registered!
[1748374384817] INFO  (ext): Authentication Provider Plugin registered!
[1748374384817] INFO  (ext): Object Drop-in Provider (plugin) registered!
[1748374384931] INFO  (ext): registering MySQL/MariaDB/TiDB Plugin (driver).
    plugin: {
      "extensionId": "mtxr.sqltools-driver-mysql",
      "name": "MySQL/MariaDB/TiDB Plugin",
      "type": "driver"
    }
[1748374384932] INFO  (ext): registering PostgreSQL/Cockroach Plugin (driver).
    plugin: {
      "extensionId": "mtxr.sqltools-driver-pg",
      "name": "PostgreSQL/Cockroach Plugin",
      "type": "driver"
    }
[1748374384966] INFO  (ls): SQLTools Server started!
===============================
Using node runtime?: no
ExecPath: /opt/visual-studio-code/code 
===============================
[1748374385035] INFO  (ext): LanguageClient ready
    ns: "lc"
[1748374385034] INFO  (ls): Initialized with node version:v20.19.0
[1748374385036] INFO  (ls): REQUEST RECEIVED => ls/RegisterPlugin
[1748374385036] INFO  (ls): request to register plugin: "/home/madwayl/.vscode/extensions/mtxr.sqltools-driver-mysql-0.6.4/out/ls/plugin.js"
[1748374385115] INFO  (ls): Driver mysql registered!
    place: "driver-map"
    ns: "ls-context"
[1748374385115] INFO  (ls): Driver mariadb registered!
    place: "driver-map"
    ns: "ls-context"
[1748374385115] INFO  (ls): Driver tidb registered!
    place: "driver-map"
    ns: "ls-context"
[1748374385115] INFO  (ls): REQUEST RECEIVED => ls/RegisterPlugin
[1748374385115] INFO  (ls): request to register plugin: "/home/madwayl/.vscode/extensions/mtxr.sqltools-driver-pg-0.5.5/out/ls/plugin.js"
[1748374385147] INFO  (ls): Driver postgresql registered!
    place: "driver-map"
    ns: "ls-context"
[1748374385147] INFO  (ls): Driver aws redshift registered!
    place: "driver-map"
    ns: "ls-context"
[1748374385147] INFO  (ls): Driver cockroachdb registered!
    place: "driver-map"
    ns: "ls-context"
[1748374385329] INFO  (ext): MySQL/MariaDB/TiDB Plugin (driver) registered!
[1748374385331] INFO  (ext): PostgreSQL/Cockroach Plugin (driver) registered!
[1748374386333] INFO  (ext): EXECUTING COMMAND => sqltools.refreshTree
[1748374386333] INFO  (ext): Connection explorer changed. Will be updated.
    ns: "conn-man:explorer"
[1748374386816] INFO  (ext): Connection explorer changed. Will be updated.
    ns: "conn-man:explorer"
