2025-05-28 00:50:27.622 [info] Reading sessions from keychain...
2025-05-28 00:50:27.622 [info] Getting sessions for all scopes...
2025-05-28 00:50:27.622 [info] Getting sessions for all scopes...
2025-05-28 00:50:27.622 [info] Getting sessions for all scopes...
2025-05-28 00:50:27.622 [info] Getting sessions for all scopes...
2025-05-28 00:50:27.622 [info] Getting sessions for all scopes...
2025-05-28 00:50:27.622 [info] Getting sessions for all scopes...
2025-05-28 00:50:27.622 [info] Getting sessions for all scopes...
2025-05-28 00:50:27.622 [info] Getting sessions for all scopes...
2025-05-28 00:50:27.622 [info] Got stored sessions!
2025-05-28 00:50:27.622 [info] Got 2 verified sessions.
2025-05-28 00:50:27.622 [info] Got 2 sessions for ...
2025-05-28 00:50:27.622 [info] Got 2 sessions for ...
2025-05-28 00:50:27.622 [info] Got 2 sessions for ...
2025-05-28 00:50:27.622 [info] Got 2 sessions for ...
2025-05-28 00:50:27.622 [info] Got 2 sessions for ...
2025-05-28 00:50:27.622 [info] Got 2 sessions for ...
2025-05-28 00:50:27.622 [info] Got 2 sessions for ...
2025-05-28 00:50:27.622 [info] Got 2 sessions for ...
2025-05-28 00:50:27.622 [info] Getting sessions for all scopes...
2025-05-28 00:50:27.622 [info] Got 2 sessions for ...
2025-05-28 00:50:27.622 [info] Getting sessions for all scopes...
2025-05-28 00:50:27.622 [info] Got 2 sessions for ...
2025-05-28 00:50:27.622 [info] Getting sessions for all scopes...
2025-05-28 00:50:27.622 [info] Got 2 sessions for ...
2025-05-28 00:50:27.622 [info] Getting sessions for all scopes...
2025-05-28 00:50:27.622 [info] Got 2 sessions for ...
2025-05-28 00:50:27.622 [info] Getting sessions for all scopes...
2025-05-28 00:50:27.622 [info] Got 2 sessions for ...
2025-05-28 00:50:27.622 [info] Getting sessions for all scopes...
2025-05-28 00:50:27.622 [info] Got 2 sessions for ...
2025-05-28 00:50:27.622 [info] Getting sessions for all scopes...
2025-05-28 00:50:27.622 [info] Got 2 sessions for ...
2025-05-28 00:50:28.015 [info] Getting sessions for all scopes...
2025-05-28 00:50:28.015 [info] Got 2 sessions for ...
2025-05-28 00:50:28.248 [info] Getting sessions for all scopes...
2025-05-28 00:50:28.248 [info] Got 2 sessions for ...
2025-05-28 00:50:28.251 [info] Getting sessions for user:email...
2025-05-28 00:50:28.251 [info] Got 1 sessions for user:email...
2025-05-28 00:50:28.392 [info] Getting sessions for all scopes...
2025-05-28 00:50:28.392 [info] Got 2 sessions for ...
2025-05-28 00:50:28.410 [info] Getting sessions for all scopes...
2025-05-28 00:50:28.410 [info] Got 2 sessions for ...
2025-05-28 00:50:28.661 [info] Getting sessions for all scopes...
2025-05-28 00:50:28.661 [info] Got 2 sessions for ...
2025-05-28 00:50:29.670 [info] Getting sessions for all scopes...
2025-05-28 00:50:29.670 [info] Got 2 sessions for ...
2025-05-28 00:50:29.671 [info] Getting sessions for all scopes...
2025-05-28 00:50:29.671 [info] Got 2 sessions for ...
2025-05-28 00:50:29.799 [info] Getting sessions for all scopes...
2025-05-28 00:50:29.799 [info] Got 2 sessions for ...
2025-05-28 00:50:29.799 [info] Getting sessions for all scopes...
2025-05-28 00:50:29.799 [info] Got 2 sessions for ...
2025-05-28 00:50:29.803 [info] Getting sessions for all scopes...
2025-05-28 00:50:29.803 [info] Got 2 sessions for ...
2025-05-28 00:50:29.967 [info] Getting sessions for all scopes...
2025-05-28 00:50:29.967 [info] Got 2 sessions for ...
2025-05-28 00:50:29.967 [info] Getting sessions for read:user,repo,user:email,workflow...
2025-05-28 00:50:29.967 [info] Got 1 sessions for read:user,repo,user:email,workflow...
2025-05-28 00:50:29.974 [info] Getting sessions for read:user,repo,user:email,workflow...
2025-05-28 00:50:29.974 [info] Got 1 sessions for read:user,repo,user:email,workflow...
2025-05-28 00:50:30.318 [info] Getting sessions for user:email...
2025-05-28 00:50:30.318 [info] Got 1 sessions for user:email...
2025-05-28 00:50:30.469 [info] Getting sessions for all scopes...
2025-05-28 00:50:30.469 [info] Got 2 sessions for ...
2025-05-28 00:50:30.469 [info] Getting sessions for all scopes...
2025-05-28 00:50:30.469 [info] Got 2 sessions for ...
2025-05-28 00:50:30.476 [info] Getting sessions for user:email...
2025-05-28 00:50:30.476 [info] Got 1 sessions for user:email...
2025-05-28 00:50:30.477 [info] Getting sessions for read:user,repo,user:email,workflow...
2025-05-28 00:50:30.477 [info] Got 1 sessions for read:user,repo,user:email,workflow...
2025-05-28 00:50:31.795 [info] Getting sessions for all scopes...
2025-05-28 00:50:31.796 [info] Got 2 sessions for ...
2025-05-28 00:50:31.796 [info] Getting sessions for all scopes...
2025-05-28 00:50:31.796 [info] Got 2 sessions for ...
2025-05-28 00:50:31.796 [info] Getting sessions for read:user,repo,user:email,workflow...
2025-05-28 00:50:31.797 [info] Got 1 sessions for read:user,repo,user:email,workflow...
2025-05-28 00:50:31.806 [info] Getting sessions for all scopes...
2025-05-28 00:50:31.806 [info] Got 2 sessions for ...
2025-05-28 00:50:31.807 [info] Getting sessions for read:user,repo,user:email,workflow...
2025-05-28 00:50:31.807 [info] Got 1 sessions for read:user,repo,user:email,workflow...
2025-05-28 00:50:31.857 [info] Getting sessions for all scopes...
2025-05-28 00:50:31.857 [info] Got 2 sessions for ...
2025-05-28 00:50:31.858 [info] Getting sessions for read:user,repo,user:email,workflow...
2025-05-28 00:50:31.858 [info] Got 1 sessions for read:user,repo,user:email,workflow...
2025-05-28 00:50:31.861 [info] Getting sessions for all scopes...
2025-05-28 00:50:31.861 [info] Got 2 sessions for ...
2025-05-28 00:50:31.862 [info] Getting sessions for all scopes...
2025-05-28 00:50:31.862 [info] Got 2 sessions for ...
2025-05-28 00:50:33.570 [info] Getting sessions for all scopes...
2025-05-28 00:50:33.570 [info] Got 2 sessions for ...
2025-05-28 00:50:33.572 [info] Getting sessions for read:user,repo,user:email,workflow...
2025-05-28 00:50:33.572 [info] Got 1 sessions for read:user,repo,user:email,workflow...
