2025-05-28 00:58:35.947 [info] Reading sessions from keychain...
2025-05-28 00:58:35.947 [info] Getting sessions for all scopes...
2025-05-28 00:58:35.947 [info] Getting sessions for all scopes...
2025-05-28 00:58:35.947 [info] Getting sessions for all scopes...
2025-05-28 00:58:35.947 [info] Getting sessions for all scopes...
2025-05-28 00:58:35.947 [info] Getting sessions for all scopes...
2025-05-28 00:58:35.947 [info] Getting sessions for all scopes...
2025-05-28 00:58:35.947 [info] Getting sessions for all scopes...
2025-05-28 00:58:35.947 [info] Getting sessions for all scopes...
2025-05-28 00:58:35.947 [info] Got stored sessions!
2025-05-28 00:58:35.947 [info] Got 2 verified sessions.
2025-05-28 00:58:35.947 [info] Got 2 sessions for ...
2025-05-28 00:58:35.947 [info] Got 2 sessions for ...
2025-05-28 00:58:35.947 [info] Got 2 sessions for ...
2025-05-28 00:58:35.947 [info] Got 2 sessions for ...
2025-05-28 00:58:35.947 [info] Got 2 sessions for ...
2025-05-28 00:58:35.947 [info] Got 2 sessions for ...
2025-05-28 00:58:35.947 [info] Got 2 sessions for ...
2025-05-28 00:58:35.947 [info] Got 2 sessions for ...
2025-05-28 00:58:35.947 [info] Getting sessions for all scopes...
2025-05-28 00:58:35.947 [info] Got 2 sessions for ...
2025-05-28 00:58:35.947 [info] Getting sessions for user:email...
2025-05-28 00:58:35.947 [info] Got 1 sessions for user:email...
2025-05-28 00:58:35.947 [info] Getting sessions for all scopes...
2025-05-28 00:58:35.947 [info] Got 2 sessions for ...
2025-05-28 00:58:35.947 [info] Getting sessions for all scopes...
2025-05-28 00:58:35.947 [info] Got 2 sessions for ...
2025-05-28 00:58:35.947 [info] Getting sessions for all scopes...
2025-05-28 00:58:35.947 [info] Got 2 sessions for ...
2025-05-28 00:58:35.947 [info] Getting sessions for all scopes...
2025-05-28 00:58:35.947 [info] Got 2 sessions for ...
2025-05-28 00:58:35.947 [info] Getting sessions for all scopes...
2025-05-28 00:58:35.947 [info] Got 2 sessions for ...
2025-05-28 00:58:35.947 [info] Getting sessions for all scopes...
2025-05-28 00:58:35.947 [info] Got 2 sessions for ...
2025-05-28 00:58:35.947 [info] Getting sessions for all scopes...
2025-05-28 00:58:35.947 [info] Got 2 sessions for ...
2025-05-28 00:58:36.913 [info] Getting sessions for all scopes...
2025-05-28 00:58:36.913 [info] Got 2 sessions for ...
2025-05-28 00:58:37.030 [info] Getting sessions for all scopes...
2025-05-28 00:58:37.030 [info] Got 2 sessions for ...
2025-05-28 00:58:37.030 [info] Getting sessions for all scopes...
2025-05-28 00:58:37.030 [info] Got 2 sessions for ...
2025-05-28 00:58:37.062 [info] Getting sessions for all scopes...
2025-05-28 00:58:37.062 [info] Got 2 sessions for ...
2025-05-28 00:58:37.179 [info] Getting sessions for all scopes...
2025-05-28 00:58:37.179 [info] Got 2 sessions for ...
2025-05-28 00:58:37.179 [info] Getting sessions for read:user,repo,user:email,workflow...
2025-05-28 00:58:37.179 [info] Got 1 sessions for read:user,repo,user:email,workflow...
2025-05-28 00:58:37.209 [info] Getting sessions for read:user,repo,user:email,workflow...
2025-05-28 00:58:37.209 [info] Got 1 sessions for read:user,repo,user:email,workflow...
2025-05-28 00:58:37.574 [info] Getting sessions for all scopes...
2025-05-28 00:58:37.574 [info] Got 2 sessions for ...
2025-05-28 00:58:37.575 [info] Getting sessions for all scopes...
2025-05-28 00:58:37.575 [info] Got 2 sessions for ...
2025-05-28 00:58:37.576 [info] Getting sessions for read:user,repo,user:email,workflow...
2025-05-28 00:58:37.576 [info] Got 1 sessions for read:user,repo,user:email,workflow...
2025-05-28 00:58:37.836 [info] Getting sessions for all scopes...
2025-05-28 00:58:37.836 [info] Got 2 sessions for ...
2025-05-28 00:58:39.548 [info] Getting sessions for all scopes...
2025-05-28 00:58:39.548 [info] Got 2 sessions for ...
2025-05-28 00:58:39.548 [info] Getting sessions for all scopes...
2025-05-28 00:58:39.548 [info] Got 2 sessions for ...
2025-05-28 00:58:39.603 [info] Getting sessions for read:user,repo,user:email,workflow...
2025-05-28 00:58:39.603 [info] Got 1 sessions for read:user,repo,user:email,workflow...
2025-05-28 00:58:39.606 [info] Getting sessions for all scopes...
2025-05-28 00:58:39.607 [info] Got 2 sessions for ...
2025-05-28 00:58:39.607 [info] Getting sessions for read:user,repo,user:email,workflow...
2025-05-28 00:58:39.607 [info] Got 1 sessions for read:user,repo,user:email,workflow...
2025-05-28 00:58:39.650 [info] Getting sessions for all scopes...
2025-05-28 00:58:39.650 [info] Got 2 sessions for ...
2025-05-28 00:58:39.650 [info] Getting sessions for read:user,repo,user:email,workflow...
2025-05-28 00:58:39.651 [info] Got 1 sessions for read:user,repo,user:email,workflow...
2025-05-28 00:58:39.655 [info] Getting sessions for all scopes...
2025-05-28 00:58:39.655 [info] Got 2 sessions for ...
2025-05-28 00:58:39.656 [info] Getting sessions for all scopes...
2025-05-28 00:58:39.656 [info] Got 2 sessions for ...
2025-05-28 00:58:41.387 [info] Getting sessions for all scopes...
2025-05-28 00:58:41.387 [info] Got 2 sessions for ...
2025-05-28 00:58:41.388 [info] Getting sessions for read:user,repo,user:email,workflow...
2025-05-28 00:58:41.388 [info] Got 1 sessions for read:user,repo,user:email,workflow...
