2025-05-28 01:03:01.871 [info] Reading sessions from keychain...
2025-05-28 01:03:01.871 [info] Getting sessions for all scopes...
2025-05-28 01:03:01.871 [info] Getting sessions for all scopes...
2025-05-28 01:03:01.871 [info] Getting sessions for all scopes...
2025-05-28 01:03:01.871 [info] Got 0 sessions for ...
2025-05-28 01:03:01.871 [info] Got 0 sessions for ...
2025-05-28 01:03:01.871 [info] Got 0 sessions for ...
2025-05-28 01:03:01.871 [info] Getting sessions for all scopes...
2025-05-28 01:03:01.871 [info] Got 0 sessions for ...
2025-05-28 01:03:01.892 [info] Getting sessions for all scopes...
2025-05-28 01:03:01.892 [info] Got 0 sessions for ...
2025-05-28 01:03:01.892 [info] Getting sessions for all scopes...
2025-05-28 01:03:01.892 [info] Got 0 sessions for ...
2025-05-28 01:03:01.892 [info] Getting sessions for all scopes...
2025-05-28 01:03:01.892 [info] Got 0 sessions for ...
2025-05-28 01:03:01.893 [info] Getting sessions for all scopes...
2025-05-28 01:03:01.893 [info] Got 0 sessions for ...
2025-05-28 01:03:01.893 [info] Getting sessions for all scopes...
2025-05-28 01:03:01.893 [info] Got 0 sessions for ...
2025-05-28 01:03:01.893 [info] Getting sessions for all scopes...
2025-05-28 01:03:01.893 [info] Got 0 sessions for ...
2025-05-28 01:03:01.899 [info] Getting sessions for all scopes...
2025-05-28 01:03:01.899 [info] Got 0 sessions for ...
2025-05-28 01:03:01.899 [info] Getting sessions for all scopes...
2025-05-28 01:03:01.899 [info] Got 0 sessions for ...
2025-05-28 01:03:01.899 [info] Getting sessions for all scopes...
2025-05-28 01:03:01.899 [info] Got 0 sessions for ...
2025-05-28 01:03:01.900 [info] Getting sessions for all scopes...
2025-05-28 01:03:01.900 [info] Got 0 sessions for ...
2025-05-28 01:03:01.900 [info] Getting sessions for all scopes...
2025-05-28 01:03:01.900 [info] Got 0 sessions for ...
2025-05-28 01:03:01.900 [info] Getting sessions for all scopes...
2025-05-28 01:03:01.900 [info] Got 0 sessions for ...
2025-05-28 01:03:01.915 [info] Getting sessions for all scopes...
2025-05-28 01:03:01.915 [info] Got 0 sessions for ...
2025-05-28 01:03:01.986 [info] Getting sessions for all scopes...
2025-05-28 01:03:01.986 [info] Got 0 sessions for ...
2025-05-28 01:03:03.090 [info] Getting sessions for all scopes...
2025-05-28 01:03:03.090 [info] Got 0 sessions for ...
2025-05-28 01:03:03.138 [info] Getting sessions for all scopes...
2025-05-28 01:03:03.138 [info] Got 0 sessions for ...
2025-05-28 01:03:03.138 [info] Getting sessions for all scopes...
2025-05-28 01:03:03.138 [info] Got 0 sessions for ...
2025-05-28 01:03:03.598 [info] Getting sessions for all scopes...
2025-05-28 01:03:03.598 [info] Got 0 sessions for ...
2025-05-28 01:03:03.615 [info] Getting sessions for all scopes...
2025-05-28 01:03:03.615 [info] Got 0 sessions for ...
2025-05-28 01:03:03.625 [info] Getting sessions for user:email...
2025-05-28 01:03:03.625 [info] Got 0 sessions for user:email...
2025-05-28 01:03:03.625 [info] Getting sessions for read:user,repo,user:email,workflow...
2025-05-28 01:03:03.625 [info] Got 0 sessions for read:user,repo,user:email,workflow...
2025-05-28 01:03:03.656 [info] Getting sessions for all scopes...
2025-05-28 01:03:03.656 [info] Got 0 sessions for ...
2025-05-28 01:03:03.749 [info] Getting sessions for all scopes...
2025-05-28 01:03:03.749 [info] Got 0 sessions for ...
2025-05-28 01:03:03.749 [info] Getting sessions for all scopes...
2025-05-28 01:03:03.749 [info] Got 0 sessions for ...
2025-05-28 01:03:03.749 [info] Getting sessions for all scopes...
2025-05-28 01:03:03.749 [info] Got 0 sessions for ...
2025-05-28 01:03:03.750 [info] Getting sessions for read:user,repo,user:email,workflow...
2025-05-28 01:03:03.750 [info] Got 0 sessions for read:user,repo,user:email,workflow...
2025-05-28 01:03:03.750 [info] Getting sessions for user:email...
2025-05-28 01:03:03.750 [info] Got 0 sessions for user:email...
2025-05-28 01:03:03.750 [info] Getting sessions for read:user...
2025-05-28 01:03:03.750 [info] Got 0 sessions for read:user...
2025-05-28 01:03:03.999 [info] Getting sessions for all scopes...
2025-05-28 01:03:03.999 [info] Got 0 sessions for ...
2025-05-28 01:03:04.005 [info] Getting sessions for user:email...
2025-05-28 01:03:04.005 [info] Got 0 sessions for user:email...
2025-05-28 01:03:04.043 [info] Getting sessions for user:email...
2025-05-28 01:03:04.043 [info] Got 0 sessions for user:email...
2025-05-28 01:03:04.129 [info] Getting sessions for all scopes...
2025-05-28 01:03:04.129 [info] Got 0 sessions for ...
2025-05-28 01:03:04.130 [info] Getting sessions for user:email...
2025-05-28 01:03:04.130 [info] Got 0 sessions for user:email...
2025-05-28 01:03:04.130 [info] Getting sessions for all scopes...
2025-05-28 01:03:04.130 [info] Got 0 sessions for ...
2025-05-28 01:03:04.131 [info] Getting sessions for user:email...
2025-05-28 01:03:04.131 [info] Got 0 sessions for user:email...
2025-05-28 01:03:04.133 [info] Getting sessions for all scopes...
2025-05-28 01:03:04.133 [info] Got 0 sessions for ...
2025-05-28 01:03:04.133 [info] Getting sessions for all scopes...
2025-05-28 01:03:04.133 [info] Got 0 sessions for ...
