2025-05-28 02:05:01.108 [info] Reading sessions from keychain...
2025-05-28 02:05:01.108 [info] Getting sessions for all scopes...
2025-05-28 02:05:01.108 [info] Getting sessions for all scopes...
2025-05-28 02:05:01.108 [info] Getting sessions for all scopes...
2025-05-28 02:05:01.108 [info] Getting sessions for all scopes...
2025-05-28 02:05:01.108 [info] Getting sessions for all scopes...
2025-05-28 02:05:01.108 [info] Getting sessions for all scopes...
2025-05-28 02:05:01.108 [info] Getting sessions for all scopes...
2025-05-28 02:05:01.108 [info] Getting sessions for all scopes...
2025-05-28 02:05:01.108 [info] Got 0 sessions for ...
2025-05-28 02:05:01.108 [info] Got 0 sessions for ...
2025-05-28 02:05:01.108 [info] Got 0 sessions for ...
2025-05-28 02:05:01.108 [info] Got 0 sessions for ...
2025-05-28 02:05:01.108 [info] Got 0 sessions for ...
2025-05-28 02:05:01.108 [info] Got 0 sessions for ...
2025-05-28 02:05:01.108 [info] Got 0 sessions for ...
2025-05-28 02:05:01.108 [info] Got 0 sessions for ...
2025-05-28 02:05:01.109 [info] Getting sessions for all scopes...
2025-05-28 02:05:01.109 [info] Got 0 sessions for ...
2025-05-28 02:05:01.110 [info] Getting sessions for all scopes...
2025-05-28 02:05:01.110 [info] Got 0 sessions for ...
2025-05-28 02:05:01.110 [info] Getting sessions for all scopes...
2025-05-28 02:05:01.110 [info] Got 0 sessions for ...
2025-05-28 02:05:01.110 [info] Getting sessions for all scopes...
2025-05-28 02:05:01.110 [info] Got 0 sessions for ...
2025-05-28 02:05:01.111 [info] Getting sessions for all scopes...
2025-05-28 02:05:01.111 [info] Got 0 sessions for ...
2025-05-28 02:05:01.111 [info] Getting sessions for all scopes...
2025-05-28 02:05:01.111 [info] Got 0 sessions for ...
2025-05-28 02:05:01.128 [info] Getting sessions for all scopes...
2025-05-28 02:05:01.128 [info] Got 0 sessions for ...
2025-05-28 02:05:01.374 [info] Getting sessions for all scopes...
2025-05-28 02:05:01.374 [info] Got 0 sessions for ...
2025-05-28 02:05:01.662 [info] Getting sessions for all scopes...
2025-05-28 02:05:01.662 [info] Got 0 sessions for ...
2025-05-28 02:05:01.672 [info] Getting sessions for all scopes...
2025-05-28 02:05:01.672 [info] Got 0 sessions for ...
2025-05-28 02:05:01.761 [info] Getting sessions for all scopes...
2025-05-28 02:05:01.761 [info] Got 0 sessions for ...
2025-05-28 02:05:03.077 [info] Getting sessions for all scopes...
2025-05-28 02:05:03.077 [info] Got 0 sessions for ...
2025-05-28 02:05:03.077 [info] Getting sessions for all scopes...
2025-05-28 02:05:03.077 [info] Got 0 sessions for ...
2025-05-28 02:05:03.104 [info] Getting sessions for all scopes...
2025-05-28 02:05:03.104 [info] Got 0 sessions for ...
2025-05-28 02:05:03.104 [info] Getting sessions for all scopes...
2025-05-28 02:05:03.104 [info] Got 0 sessions for ...
2025-05-28 02:05:03.104 [info] Getting sessions for all scopes...
2025-05-28 02:05:03.104 [info] Got 0 sessions for ...
2025-05-28 02:05:03.122 [info] Getting sessions for all scopes...
2025-05-28 02:05:03.122 [info] Got 0 sessions for ...
2025-05-28 02:05:03.122 [info] Getting sessions for read:user,repo,user:email,workflow...
2025-05-28 02:05:03.122 [info] Got 0 sessions for read:user,repo,user:email,workflow...
2025-05-28 02:05:03.555 [info] Getting sessions for user:email...
2025-05-28 02:05:03.555 [info] Got 0 sessions for user:email...
2025-05-28 02:05:03.556 [info] Getting sessions for read:user,repo,user:email,workflow...
2025-05-28 02:05:03.556 [info] Got 0 sessions for read:user,repo,user:email,workflow...
2025-05-28 02:05:03.559 [info] Getting sessions for read:user...
2025-05-28 02:05:03.559 [info] Got 0 sessions for read:user...
2025-05-28 02:05:03.568 [info] Getting sessions for all scopes...
2025-05-28 02:05:03.568 [info] Got 0 sessions for ...
2025-05-28 02:05:03.568 [info] Getting sessions for all scopes...
2025-05-28 02:05:03.568 [info] Got 0 sessions for ...
2025-05-28 02:05:03.569 [info] Getting sessions for user:email...
2025-05-28 02:05:03.569 [info] Got 0 sessions for user:email...
2025-05-28 02:05:03.581 [info] Getting sessions for user:email...
2025-05-28 02:05:03.581 [info] Got 0 sessions for user:email...
2025-05-28 02:05:03.712 [info] Getting sessions for all scopes...
2025-05-28 02:05:03.712 [info] Got 0 sessions for ...
2025-05-28 02:05:03.713 [info] Getting sessions for user:email...
2025-05-28 02:05:03.713 [info] Got 0 sessions for user:email...
2025-05-28 02:05:03.715 [info] Getting sessions for all scopes...
2025-05-28 02:05:03.715 [info] Got 0 sessions for ...
2025-05-28 02:05:03.716 [info] Getting sessions for user:email...
2025-05-28 02:05:03.716 [info] Got 0 sessions for user:email...
2025-05-28 02:05:03.719 [info] Getting sessions for all scopes...
2025-05-28 02:05:03.719 [info] Got 0 sessions for ...
2025-05-28 02:05:03.720 [info] Getting sessions for user:email...
2025-05-28 02:05:03.720 [info] Got 0 sessions for user:email...
2025-05-28 02:05:03.724 [info] Getting sessions for all scopes...
2025-05-28 02:05:03.724 [info] Got 0 sessions for ...
2025-05-28 02:05:03.725 [info] Getting sessions for all scopes...
2025-05-28 02:05:03.725 [info] Got 0 sessions for ...
2025-05-28 02:05:13.531 [info] Getting sessions for read:user,repo,user:email,workflow...
2025-05-28 02:05:13.531 [info] Got 0 sessions for read:user,repo,user:email,workflow...
2025-05-28 02:05:13.532 [info] Getting sessions for read:user...
2025-05-28 02:05:13.532 [info] Got 0 sessions for read:user...
2025-05-28 02:05:13.534 [info] Getting sessions for user:email...
2025-05-28 02:05:13.534 [info] Got 0 sessions for user:email...
2025-05-28 02:05:14.109 [info] Getting sessions for read:user,repo,user:email,workflow...
2025-05-28 02:05:14.109 [info] Got 0 sessions for read:user,repo,user:email,workflow...
2025-05-28 02:05:14.110 [info] Getting sessions for read:user...
2025-05-28 02:05:14.110 [info] Got 0 sessions for read:user...
2025-05-28 02:05:14.111 [info] Getting sessions for user:email...
2025-05-28 02:05:14.111 [info] Got 0 sessions for user:email...
2025-05-28 02:09:42.552 [info] Getting sessions for read:user,repo,user:email,workflow...
2025-05-28 02:09:42.552 [info] Got 0 sessions for read:user,repo,user:email,workflow...
2025-05-28 02:09:42.553 [info] Getting sessions for read:user...
2025-05-28 02:09:42.554 [info] Got 0 sessions for read:user...
2025-05-28 02:09:42.555 [info] Getting sessions for user:email...
2025-05-28 02:09:42.555 [info] Got 0 sessions for user:email...
2025-05-28 02:12:11.283 [info] Getting sessions for read:user,repo,user:email,workflow...
2025-05-28 02:12:11.283 [info] Got 0 sessions for read:user,repo,user:email,workflow...
2025-05-28 02:12:11.285 [info] Getting sessions for read:user...
2025-05-28 02:12:11.285 [info] Got 0 sessions for read:user...
2025-05-28 02:12:11.287 [info] Getting sessions for user:email...
2025-05-28 02:12:11.287 [info] Got 0 sessions for user:email...
2025-05-28 02:12:34.337 [info] Getting sessions for read:user,repo,user:email,workflow...
2025-05-28 02:12:34.337 [info] Got 0 sessions for read:user,repo,user:email,workflow...
2025-05-28 02:12:34.338 [info] Getting sessions for read:user...
2025-05-28 02:12:34.338 [info] Got 0 sessions for read:user...
2025-05-28 02:12:34.340 [info] Getting sessions for user:email...
2025-05-28 02:12:34.340 [info] Got 0 sessions for user:email...
2025-05-28 02:12:35.969 [info] Getting sessions for read:user,repo,user:email,workflow...
2025-05-28 02:12:35.969 [info] Got 0 sessions for read:user,repo,user:email,workflow...
2025-05-28 02:12:35.970 [info] Getting sessions for read:user...
2025-05-28 02:12:35.970 [info] Got 0 sessions for read:user...
2025-05-28 02:12:35.971 [info] Getting sessions for user:email...
2025-05-28 02:12:35.971 [info] Got 0 sessions for user:email...
