2025-05-28 01:03:01.436 [info] Reading sessions from keychain...
2025-05-28 01:03:01.436 [info] Getting sessions for all scopes...
2025-05-28 01:03:01.436 [info] Getting sessions for all scopes...
2025-05-28 01:03:01.436 [info] Getting sessions for all scopes...
2025-05-28 01:03:01.436 [info] Getting sessions for all scopes...
2025-05-28 01:03:01.436 [info] Getting sessions for all scopes...
2025-05-28 01:03:01.436 [info] Getting sessions for all scopes...
2025-05-28 01:03:01.436 [info] Getting sessions for all scopes...
2025-05-28 01:03:01.436 [info] Getting sessions for all scopes...
2025-05-28 01:03:01.445 [info] Got 0 sessions for ...
2025-05-28 01:03:01.445 [info] Got 0 sessions for ...
2025-05-28 01:03:01.445 [info] Got 0 sessions for ...
2025-05-28 01:03:01.445 [info] Got 0 sessions for ...
2025-05-28 01:03:01.445 [info] Got 0 sessions for ...
2025-05-28 01:03:01.445 [info] Got 0 sessions for ...
2025-05-28 01:03:01.445 [info] Got 0 sessions for ...
2025-05-28 01:03:01.445 [info] Got 0 sessions for ...
2025-05-28 01:03:01.447 [info] Getting sessions for all scopes...
2025-05-28 01:03:01.448 [info] Got 0 sessions for ...
2025-05-28 01:03:01.448 [info] Getting sessions for all scopes...
2025-05-28 01:03:01.448 [info] Got 0 sessions for ...
2025-05-28 01:03:01.448 [info] Getting sessions for all scopes...
2025-05-28 01:03:01.448 [info] Got 0 sessions for ...
2025-05-28 01:03:01.448 [info] Getting sessions for all scopes...
2025-05-28 01:03:01.448 [info] Got 0 sessions for ...
2025-05-28 01:03:01.448 [info] Getting sessions for all scopes...
2025-05-28 01:03:01.448 [info] Got 0 sessions for ...
2025-05-28 01:03:01.448 [info] Getting sessions for all scopes...
2025-05-28 01:03:01.449 [info] Got 0 sessions for ...
2025-05-28 01:03:01.514 [info] Getting sessions for all scopes...
2025-05-28 01:03:01.514 [info] Got 0 sessions for ...
2025-05-28 01:03:01.515 [info] Getting sessions for all scopes...
2025-05-28 01:03:01.515 [info] Got 0 sessions for ...
2025-05-28 01:03:01.741 [info] Getting sessions for all scopes...
2025-05-28 01:03:01.741 [info] Got 0 sessions for ...
2025-05-28 01:03:01.987 [info] Getting sessions for all scopes...
2025-05-28 01:03:01.987 [info] Got 0 sessions for ...
2025-05-28 01:03:02.669 [info] Getting sessions for all scopes...
2025-05-28 01:03:02.670 [info] Got 0 sessions for ...
2025-05-28 01:03:02.672 [info] Getting sessions for all scopes...
2025-05-28 01:03:02.672 [info] Got 0 sessions for ...
2025-05-28 01:03:12.227 [info] Getting sessions for all scopes...
2025-05-28 01:03:12.227 [info] Got 0 sessions for ...
2025-05-28 01:03:12.448 [info] Getting sessions for all scopes...
2025-05-28 01:03:12.448 [info] Got 0 sessions for ...
2025-05-28 01:03:12.514 [info] Getting sessions for all scopes...
2025-05-28 01:03:12.514 [info] Got 0 sessions for ...
2025-05-28 01:03:13.141 [info] Getting sessions for all scopes...
2025-05-28 01:03:13.141 [info] Got 0 sessions for ...
2025-05-28 01:03:13.273 [info] Getting sessions for all scopes...
2025-05-28 01:03:13.273 [info] Got 0 sessions for ...
2025-05-28 01:03:13.273 [info] Getting sessions for all scopes...
2025-05-28 01:03:13.273 [info] Got 0 sessions for ...
2025-05-28 01:03:13.300 [info] Getting sessions for all scopes...
2025-05-28 01:03:13.300 [info] Got 0 sessions for ...
2025-05-28 01:03:13.395 [info] Getting sessions for all scopes...
2025-05-28 01:03:13.395 [info] Got 0 sessions for ...
2025-05-28 01:03:13.409 [info] Getting sessions for read:user,repo,user:email,workflow...
2025-05-28 01:03:13.409 [info] Got 0 sessions for read:user,repo,user:email,workflow...
2025-05-28 01:03:13.449 [info] Getting sessions for user:email...
2025-05-28 01:03:13.449 [info] Got 0 sessions for user:email...
2025-05-28 01:03:13.449 [info] Getting sessions for read:user,repo,user:email,workflow...
2025-05-28 01:03:13.449 [info] Got 0 sessions for read:user,repo,user:email,workflow...
2025-05-28 01:03:13.478 [info] Getting sessions for read:user...
2025-05-28 01:03:13.478 [info] Got 0 sessions for read:user...
2025-05-28 01:03:13.683 [info] Getting sessions for all scopes...
2025-05-28 01:03:13.683 [info] Got 0 sessions for ...
2025-05-28 01:03:13.692 [info] Getting sessions for all scopes...
2025-05-28 01:03:13.692 [info] Got 0 sessions for ...
2025-05-28 01:03:13.724 [info] Getting sessions for user:email...
2025-05-28 01:03:13.724 [info] Got 0 sessions for user:email...
2025-05-28 01:03:14.380 [info] Getting sessions for user:email...
2025-05-28 01:03:14.380 [info] Got 0 sessions for user:email...
2025-05-28 01:03:14.446 [info] Getting sessions for read:user,repo,user:email,workflow...
2025-05-28 01:03:14.446 [info] Got 0 sessions for read:user,repo,user:email,workflow...
2025-05-28 01:03:15.045 [info] Getting sessions for all scopes...
2025-05-28 01:03:15.046 [info] Got 0 sessions for ...
2025-05-28 01:03:15.046 [info] Getting sessions for all scopes...
2025-05-28 01:03:15.046 [info] Got 0 sessions for ...
2025-05-28 01:03:15.122 [info] Getting sessions for user:email...
2025-05-28 01:03:15.122 [info] Got 0 sessions for user:email...
2025-05-28 01:03:15.133 [info] Getting sessions for all scopes...
2025-05-28 01:03:15.133 [info] Got 0 sessions for ...
2025-05-28 01:03:15.151 [info] Getting sessions for user:email...
2025-05-28 01:03:15.151 [info] Got 0 sessions for user:email...
2025-05-28 01:03:15.172 [info] Getting sessions for all scopes...
2025-05-28 01:03:15.172 [info] Got 0 sessions for ...
2025-05-28 01:03:15.200 [info] Getting sessions for user:email...
2025-05-28 01:03:15.200 [info] Got 0 sessions for user:email...
2025-05-28 01:03:15.211 [info] Getting sessions for all scopes...
2025-05-28 01:03:15.212 [info] Got 0 sessions for ...
2025-05-28 01:03:15.222 [info] Getting sessions for all scopes...
2025-05-28 01:03:15.222 [info] Got 0 sessions for ...
2025-05-28 01:03:15.845 [info] Getting sessions for all scopes...
2025-05-28 01:03:15.845 [info] Got 0 sessions for ...
2025-05-28 01:03:15.858 [info] Getting sessions for read:user,repo,user:email,workflow...
2025-05-28 01:03:15.858 [info] Got 0 sessions for read:user,repo,user:email,workflow...
2025-05-28 01:03:15.858 [info] Getting sessions for all scopes...
2025-05-28 01:03:15.858 [info] Got 0 sessions for ...
2025-05-28 01:03:15.858 [info] Getting sessions for user:email...
2025-05-28 01:03:15.858 [info] Got 0 sessions for user:email...
2025-05-28 01:04:03.691 [info] Reading sessions from keychain...
2025-05-28 01:04:03.691 [info] Getting sessions for all scopes...
2025-05-28 01:04:03.691 [info] Got 0 sessions for ...
2025-05-28 01:04:03.691 [info] Getting sessions for all scopes...
2025-05-28 01:04:03.691 [info] Got 0 sessions for ...
2025-05-28 01:04:03.691 [info] Getting sessions for all scopes...
2025-05-28 01:04:03.691 [info] Got 0 sessions for ...
2025-05-28 01:04:03.697 [info] Getting sessions for all scopes...
2025-05-28 01:04:03.697 [info] Got 0 sessions for ...
2025-05-28 01:04:05.402 [info] Getting sessions for all scopes...
2025-05-28 01:04:05.402 [info] Got 0 sessions for ...
2025-05-28 01:04:05.402 [info] Getting sessions for all scopes...
2025-05-28 01:04:05.402 [info] Got 0 sessions for ...
2025-05-28 01:04:05.545 [info] Getting sessions for read:user,repo,user:email,workflow...
2025-05-28 01:04:05.545 [info] Got 0 sessions for read:user,repo,user:email,workflow...
2025-05-28 01:04:05.549 [info] Getting sessions for user:email...
2025-05-28 01:04:05.549 [info] Got 0 sessions for user:email...
2025-05-28 01:04:05.549 [info] Getting sessions for read:user,repo,user:email,workflow...
2025-05-28 01:04:05.549 [info] Got 0 sessions for read:user,repo,user:email,workflow...
2025-05-28 01:04:05.583 [info] Getting sessions for read:user...
2025-05-28 01:04:05.583 [info] Got 0 sessions for read:user...
2025-05-28 01:04:05.617 [info] Getting sessions for all scopes...
2025-05-28 01:04:05.617 [info] Got 0 sessions for ...
2025-05-28 01:04:05.798 [info] Getting sessions for all scopes...
2025-05-28 01:04:05.799 [info] Got 0 sessions for ...
2025-05-28 01:04:06.336 [info] Getting sessions for user:email...
2025-05-28 01:04:06.336 [info] Got 0 sessions for user:email...
2025-05-28 01:04:06.424 [info] Getting sessions for user:email...
2025-05-28 01:04:06.424 [info] Got 0 sessions for user:email...
2025-05-28 01:04:06.424 [info] Getting sessions for read:user,repo,user:email,workflow...
2025-05-28 01:04:06.424 [info] Got 0 sessions for read:user,repo,user:email,workflow...
2025-05-28 01:04:06.438 [info] Getting sessions for all scopes...
2025-05-28 01:04:06.438 [info] Got 0 sessions for ...
2025-05-28 01:04:06.939 [info] Getting sessions for user:email...
2025-05-28 01:04:06.939 [info] Got 0 sessions for user:email...
2025-05-28 01:04:07.035 [info] Getting sessions for all scopes...
2025-05-28 01:04:07.035 [info] Got 0 sessions for ...
2025-05-28 01:04:07.045 [info] Getting sessions for user:email...
2025-05-28 01:04:07.045 [info] Got 0 sessions for user:email...
2025-05-28 01:04:07.058 [info] Getting sessions for all scopes...
2025-05-28 01:04:07.059 [info] Got 0 sessions for ...
2025-05-28 01:04:07.081 [info] Getting sessions for user:email...
2025-05-28 01:04:07.081 [info] Got 0 sessions for user:email...
2025-05-28 01:04:07.776 [info] Getting sessions for all scopes...
2025-05-28 01:04:07.776 [info] Got 0 sessions for ...
2025-05-28 01:04:07.791 [info] Getting sessions for read:user,repo,user:email,workflow...
2025-05-28 01:04:07.791 [info] Got 0 sessions for read:user,repo,user:email,workflow...
2025-05-28 01:04:07.792 [info] Getting sessions for all scopes...
2025-05-28 01:04:07.792 [info] Got 0 sessions for ...
2025-05-28 01:04:07.793 [info] Getting sessions for user:email...
2025-05-28 01:04:07.793 [info] Got 0 sessions for user:email...
