[1748374382562] INFO  (ext): SQLTools is starting
[1748374382565] INFO  (ext): initializing language client...
[1748374382566] INFO  (ext): Registering client for languages [{"scheme":"sqltools"},{"language":"sql","scheme":"untitled"},{"language":"sql","scheme":"file"},{"language":"sql","scheme":"sqltools"}]
    ns: "lc"
[1748374382573] INFO  (ext): loading plugins...
[1748374382573] INFO  (ext): registering Formatter Plugin.
    plugin: {
      "name": "Formatter Plugin"
    }
[1748374382574] INFO  (ext): registering Connection Manager Plugin.
    plugin: {
      "name": "Connection Manager Plugin"
    }
[1748374382574] INFO  (ext): registering CodeLens Plugin.
    plugin: {
      "name": "CodeLens Plugin",
      "registeredLanguages": []
    }
[1748374382575] INFO  (ext): registering Dependency Manager Plugin.
    plugin: {
      "name": "Dependency Manager Plugin",
      "installingDrivers": []
    }
[1748374382580] INFO  (ext): Connection explorer changed. Will be updated.
    ns: "conn-man:explorer"
[1748374382581] INFO  (ext): registering History Manager Plugin.
    plugin: {
      "name": "History Manager Plugin"
    }
[1748374382581] INFO  (ext): registering Bookmarks Manager Plugin.
    plugin: {
      "name": "Bookmarks Manager Plugin"
    }
[1748374382583] INFO  (ext): registering Authentication Provider Plugin.
    plugin: {
      "name": "Authentication Provider Plugin",
      "isRegistered": false
    }
[1748374382583] INFO  (ext): registering Object Drop-in Provider (plugin).
    plugin: {
      "type": "plugin",
      "name": "Object Drop-in Provider",
      "isRegistered": false
    }
[1748374382585] INFO  (ext): SQLTools activation completed. 21.880355 ms
[1748374382599] INFO  (ext): Formatter Plugin registered!
[1748374382599] INFO  (ext): CodeLens Plugin registered!
[1748374382599] INFO  (ext): Dependency Manager Plugin registered!
[1748374382599] INFO  (ext): Connection Manager Plugin registered!
[1748374382599] INFO  (ext): History Manager Plugin registered!
[1748374382599] INFO  (ext): Bookmarks Manager Plugin registered!
[1748374382599] INFO  (ext): Authentication Provider Plugin registered!
[1748374382599] INFO  (ext): Object Drop-in Provider (plugin) registered!
[1748374382801] INFO  (ls): SQLTools Server started!
===============================
Using node runtime?: no
ExecPath: /opt/visual-studio-code/code 
===============================
[1748374382833] INFO  (ext): LanguageClient ready
    ns: "lc"
[1748374382857] INFO  (ext): registering MySQL/MariaDB/TiDB Plugin (driver).
    plugin: {
      "extensionId": "mtxr.sqltools-driver-mysql",
      "name": "MySQL/MariaDB/TiDB Plugin",
      "type": "driver"
    }
[1748374382859] INFO  (ext): registering PostgreSQL/Cockroach Plugin (driver).
    plugin: {
      "extensionId": "mtxr.sqltools-driver-pg",
      "name": "PostgreSQL/Cockroach Plugin",
      "type": "driver"
    }
[1748374382830] INFO  (ls): Initialized with node version:v20.19.0
[1748374382859] INFO  (ls): REQUEST RECEIVED => ls/RegisterPlugin
[1748374382859] INFO  (ls): request to register plugin: "/home/madwayl/.vscode/extensions/mtxr.sqltools-driver-mysql-0.6.4/out/ls/plugin.js"
[1748374382986] INFO  (ls): Driver mysql registered!
    place: "driver-map"
    ns: "ls-context"
[1748374382986] INFO  (ls): Driver mariadb registered!
    place: "driver-map"
    ns: "ls-context"
[1748374382986] INFO  (ls): Driver tidb registered!
    place: "driver-map"
    ns: "ls-context"
[1748374382987] INFO  (ls): REQUEST RECEIVED => ls/RegisterPlugin
[1748374382987] INFO  (ls): request to register plugin: "/home/madwayl/.vscode/extensions/mtxr.sqltools-driver-pg-0.5.5/out/ls/plugin.js"
[1748374383031] INFO  (ls): Driver postgresql registered!
    place: "driver-map"
    ns: "ls-context"
[1748374383032] INFO  (ls): Driver aws redshift registered!
    place: "driver-map"
    ns: "ls-context"
[1748374383032] INFO  (ls): Driver cockroachdb registered!
    place: "driver-map"
    ns: "ls-context"
[1748374383663] INFO  (ext): MySQL/MariaDB/TiDB Plugin (driver) registered!
[1748374383746] INFO  (ext): PostgreSQL/Cockroach Plugin (driver) registered!
[1748374384581] INFO  (ext): Connection explorer changed. Will be updated.
    ns: "conn-man:explorer"
[1748374384746] INFO  (ext): EXECUTING COMMAND => sqltools.refreshTree
[1748374384746] INFO  (ext): Connection explorer changed. Will be updated.
    ns: "conn-man:explorer"
[1748374470515] INFO  (ext): Connection explorer changed. Will be updated.
    ns: "conn-man:explorer"
[1748374470551] INFO  (ext): Connection explorer changed. Will be updated.
    ns: "conn-man:explorer"
[1748374470677] INFO  (ext): Connection explorer changed. Will be updated.
    ns: "conn-man:explorer"
[1748374502477] INFO  (ext): Connection explorer changed. Will be updated.
    ns: "conn-man:explorer"
[1748374502539] INFO  (ext): Connection explorer changed. Will be updated.
    ns: "conn-man:explorer"
[1748374502546] INFO  (ext): Connection explorer changed. Will be updated.
    ns: "conn-man:explorer"
[1748374502645] INFO  (ext): Connection explorer changed. Will be updated.
    ns: "conn-man:explorer"
[1748374538304] INFO  (ext): Connection explorer changed. Will be updated.
    ns: "conn-man:explorer"
