2025-05-28 01:03:00.035 [info] Started local extension host with pid 16761.
2025-05-28 01:03:00.047 [info] ChatSessionStore: Migrating 0 chat sessions from storage service to file system
2025-05-28 01:03:00.091 [info] ComputeTargetPlatform: linux-x64
2025-05-28 01:03:00.862 [info] Ignoring configured affinity for 'asvetliakov.vscode-neovim' because extension host(s) are already running. Reload window.
2025-05-28 01:03:01.375 [info] Settings Sync: Account status changed from uninitialized to unavailable
2025-05-28 01:03:02.753 [warning] 

----------------------------------------------
***	Installation has been modified on disk ***
----------------------------------------------


2025-05-28 01:03:02.854 [info] [perf] Render performance baseline is 24ms
2025-05-28 01:03:12.328 [info] Ignoring configured affinity for 'asvetliakov.vscode-neovim' because extension host(s) are already running. Reload window.
2025-05-28 01:03:23.209 [error] lock() request could not be registered.: InvalidStateError: lock() request could not be registered.
2025-05-28 01:04:03.330 [info] Started local extension host with pid 18298.
2025-05-28 01:04:03.397 [error] Canceled: Canceled
    at new OQs (vscode-file://vscode-app/opt/visual-studio-code/resources/app/out/vs/workbench/workbench.desktop.main.js:3272:35744)
    at V0t.U (vscode-file://vscode-app/opt/visual-studio-code/resources/app/out/vs/workbench/workbench.desktop.main.js:3272:40391)
    at n.<computed>.r.charCodeAt.n.<computed> (vscode-file://vscode-app/opt/visual-studio-code/resources/app/out/vs/workbench/workbench.desktop.main.js:3272:37880)
    at eSs.getSessions (vscode-file://vscode-app/opt/visual-studio-code/resources/app/out/vs/workbench/workbench.desktop.main.js:1309:67516)
    at aqe.getSessions (vscode-file://vscode-app/opt/visual-studio-code/resources/app/out/vs/workbench/workbench.desktop.main.js:1309:66226)
    at UGe.Ib (vscode-file://vscode-app/opt/visual-studio-code/resources/app/out/vs/workbench/workbench.desktop.main.js:1737:28434)
    at vscode-file://vscode-app/opt/visual-studio-code/resources/app/out/vs/workbench/workbench.desktop.main.js:1737:26855
    at Array.map (<anonymous>)
    at UGe.Db (vscode-file://vscode-app/opt/visual-studio-code/resources/app/out/vs/workbench/workbench.desktop.main.js:1737:26843)
    at vscode-file://vscode-app/opt/visual-studio-code/resources/app/out/vs/workbench/workbench.desktop.main.js:1737:26750
2025-05-28 01:04:03.397 [error] Canceled: Canceled
    at new OQs (vscode-file://vscode-app/opt/visual-studio-code/resources/app/out/vs/workbench/workbench.desktop.main.js:3272:35744)
    at V0t.U (vscode-file://vscode-app/opt/visual-studio-code/resources/app/out/vs/workbench/workbench.desktop.main.js:3272:40391)
    at n.<computed>.r.charCodeAt.n.<computed> (vscode-file://vscode-app/opt/visual-studio-code/resources/app/out/vs/workbench/workbench.desktop.main.js:3272:37880)
    at eSs.getSessions (vscode-file://vscode-app/opt/visual-studio-code/resources/app/out/vs/workbench/workbench.desktop.main.js:1309:67516)
    at aqe.getSessions (vscode-file://vscode-app/opt/visual-studio-code/resources/app/out/vs/workbench/workbench.desktop.main.js:1309:66226)
    at UGe.Ib (vscode-file://vscode-app/opt/visual-studio-code/resources/app/out/vs/workbench/workbench.desktop.main.js:1737:28434)
    at vscode-file://vscode-app/opt/visual-studio-code/resources/app/out/vs/workbench/workbench.desktop.main.js:1737:26855
    at Array.map (<anonymous>)
    at UGe.Db (vscode-file://vscode-app/opt/visual-studio-code/resources/app/out/vs/workbench/workbench.desktop.main.js:1737:26843)
    at vscode-file://vscode-app/opt/visual-studio-code/resources/app/out/vs/workbench/workbench.desktop.main.js:1737:26750
