2025-05-28 00:50:25.648 [info] update#setState disabled
2025-05-28 00:50:25.648 [info] update#ctor - updates are disabled by user preference
2025-05-28 00:55:00.172 [warning] [File Watcher (node.js)] Watcher shutdown because watched path got deleted
2025-05-28 00:55:00.173 [warning] [File Watcher (node.js)] Watcher shutdown because watched path got deleted
2025-05-28 00:55:02.966 [error] [storage state.vscdb] prepare(): Error: SQLITE_READONLY_DBMOVED: attempt to write a readonly database (INSERT INTO ItemTable VALUES (?,?),(?,?)). Details: Keys: workbench.explorer.views.state, terminal.integrated.environmentVariableCollectionsV2 Length: 666
2025-05-28 00:55:02.966 [error] [storage state.vscdb] prepare(): Error: SQLITE_READONLY_DBMOVED: attempt to write a readonly database (INSERT INTO ItemTable VALUES (?,?),(?,?),(?,?)). Details: Keys: workbench.explorer.views.state, terminal, terminal.integrated.environmentVariableCollectionsV2 Length: 1943
2025-05-28 00:55:02.976 [error] [storage state.vscdb] prepare(): Error: SQLITE_READONLY_DBMOVED: attempt to write a readonly database (INSERT INTO ItemTable VALUES (?,?),(?,?),(?,?),(?,?)). Details: Keys: workbench.activityBar.location, productIconThemeData, iconThemeData, colorThemeData Length: 111280
2025-05-28 00:55:04.960 [error] [storage state.vscdb] prepare(): Error: SQLITE_READONLY_DBMOVED: attempt to write a readonly database (INSERT INTO ItemTable VALUES (?,?)). Details: Keys: terminal.integrated.environmentVariableCollectionsV2 Length: 2720
2025-05-28 00:55:04.961 [error] [storage state.vscdb] prepare(): Error: SQLITE_READONLY_DBMOVED: attempt to write a readonly database (INSERT INTO ItemTable VALUES (?,?)). Details: Keys: terminal.integrated.environmentVariableCollectionsV2 Length: 1503
2025-05-28 00:55:05.143 [error] [storage state.vscdb] prepare(): Error: SQLITE_READONLY_DBMOVED: attempt to write a readonly database (INSERT INTO ItemTable VALUES (?,?)). Details: Keys: settings.lastSyncUserData Length: 46
2025-05-28 00:55:05.748 [error] [storage state.vscdb] prepare(): Error: SQLITE_READONLY_DBMOVED: attempt to write a readonly database (INSERT INTO ItemTable VALUES (?,?)). Details: Keys: keybindings.lastSyncUserData Length: 70
2025-05-28 00:55:07.188 [error] [storage state.vscdb] prepare(): Error: SQLITE_READONLY_DBMOVED: attempt to write a readonly database (INSERT INTO ItemTable VALUES (?,?)). Details: Keys: globalState.lastSyncUserData Length: 46
2025-05-28 00:55:07.669 [error] [storage state.vscdb] prepare(): Error: SQLITE_READONLY_DBMOVED: attempt to write a readonly database (INSERT INTO ItemTable VALUES (?,?)). Details: Keys: sync.lastSyncTime Length: 13
2025-05-28 00:55:07.802 [error] [storage state.vscdb] prepare(): Error: SQLITE_READONLY_DBMOVED: attempt to write a readonly database (INSERT INTO ItemTable VALUES (?,?)). Details: Keys: sync.lastSyncTime Length: 13
2025-05-28 00:58:35.333 [error] [storage state.vscdb] prepare(): Error: SQLITE_READONLY_DBMOVED: attempt to write a readonly database (INSERT INTO ItemTable VALUES (?,?),(?,?),(?,?)). Details: Keys: __$__targetStorageMarker, workbench.activity.placeholderViewlets, workbench.panel.placeholderPanels Length: 8824
2025-05-28 00:58:35.333 [error] [storage state.vscdb] prepare(): Error: SQLITE_READONLY_DBMOVED: attempt to write a readonly database (DELETE FROM ItemTable WHERE key IN (?)). Details: Keys: editorOverrideService.cache
2025-05-28 00:58:35.786 [error] [storage state.vscdb] prepare(): Error: SQLITE_READONLY_DBMOVED: attempt to write a readonly database (INSERT INTO ItemTable VALUES (?,?),(?,?)). Details: Keys: workbench.activity.placeholderViewlets, workbench.panel.placeholderPanels Length: 4781
2025-05-28 00:58:36.152 [error] [storage state.vscdb] prepare(): Error: SQLITE_READONLY_DBMOVED: attempt to write a readonly database (INSERT INTO ItemTable VALUES (?,?),(?,?)). Details: Keys: workbench.panel.placeholderPanels, workbench.activity.placeholderViewlets Length: 6065
2025-05-28 00:58:36.341 [error] [storage state.vscdb] prepare(): Error: SQLITE_READONLY_DBMOVED: attempt to write a readonly database (INSERT INTO ItemTable VALUES (?,?),(?,?)). Details: Keys: mtxr.sqltools, workbench.activity.placeholderViewlets Length: 5327
2025-05-28 00:58:37.413 [error] [storage state.vscdb] prepare(): Error: SQLITE_READONLY_DBMOVED: attempt to write a readonly database (INSERT INTO ItemTable VALUES (?,?),(?,?)). Details: Keys: github-madwayl-usages, mtxr.sqltools Length: 519
2025-05-28 00:58:37.797 [error] [storage state.vscdb] prepare(): Error: SQLITE_READONLY_DBMOVED: attempt to write a readonly database (INSERT INTO ItemTable VALUES (?,?)). Details: Keys: github-madwayl-usages Length: 437
2025-05-28 00:58:39.853 [error] [storage state.vscdb] prepare(): Error: SQLITE_READONLY_DBMOVED: attempt to write a readonly database (INSERT INTO ItemTable VALUES (?,?)). Details: Keys: github-madwayl-usages Length: 437
2025-05-28 00:58:41.684 [error] [storage state.vscdb] prepare(): Error: SQLITE_READONLY_DBMOVED: attempt to write a readonly database (INSERT INTO ItemTable VALUES (?,?),(?,?)). Details: Keys: github-madwayl-usages, sync.lastSyncTime Length: 450
2025-05-28 00:58:41.833 [error] [storage state.vscdb] prepare(): Error: SQLITE_READONLY_DBMOVED: attempt to write a readonly database (INSERT INTO ItemTable VALUES (?,?)). Details: Keys: sync.lastSyncTime Length: 13
2025-05-28 00:59:04.084 [error] [storage state.vscdb] prepare(): Error: SQLITE_READONLY_DBMOVED: attempt to write a readonly database (INSERT INTO ItemTable VALUES (?,?),(?,?)). Details: Keys: __$__targetStorageMarker, editorOverrideService.cache Length: 6037
2025-05-28 00:59:06.113 [error] [storage state.vscdb] prepare(): Error: SQLITE_READONLY_DBMOVED: attempt to write a readonly database (INSERT INTO ItemTable VALUES (?,?)). Details: Keys: sync.lastSyncTime Length: 13
2025-05-28 00:59:16.975 [error] [storage state.vscdb] prepare(): Error: SQLITE_READONLY_DBMOVED: attempt to write a readonly database (INSERT INTO ItemTable VALUES (?,?)). Details: Keys: sync.lastSyncTime Length: 13
2025-05-28 00:59:43.264 [error] [storage state.vscdb] prepare(): Error: SQLITE_READONLY_DBMOVED: attempt to write a readonly database (INSERT INTO ItemTable VALUES (?,?)). Details: Keys: sync.lastSyncTime Length: 13
2025-05-28 01:00:09.747 [error] [storage state.vscdb] prepare(): Error: SQLITE_READONLY_DBMOVED: attempt to write a readonly database (INSERT INTO ItemTable VALUES (?,?)). Details: Keys: sync.lastSyncTime Length: 13
2025-05-28 01:00:16.780 [error] [storage state.vscdb] prepare(): Error: SQLITE_READONLY_DBMOVED: attempt to write a readonly database (INSERT INTO ItemTable VALUES (?,?)). Details: Keys: memento/gettingStartedService Length: 549
2025-05-28 01:00:21.732 [error] [storage state.vscdb] prepare(): Error: SQLITE_READONLY_DBMOVED: attempt to write a readonly database (INSERT INTO ItemTable VALUES (?,?)). Details: Keys: workbench.editor.languageDetectionOpenedLanguages.global Length: 191
2025-05-28 01:00:21.911 [error] [storage state.vscdb] prepare(): Error: SQLITE_READONLY_DBMOVED: attempt to write a readonly database (INSERT INTO ItemTable VALUES (?,?),(?,?)). Details: Keys: globalState.lastSyncUserData, sync.lastSyncTime Length: 59
2025-05-28 01:00:25.820 [error] [storage state.vscdb] prepare(): Error: SQLITE_READONLY_DBMOVED: attempt to write a readonly database (INSERT INTO ItemTable VALUES (?,?),(?,?)). Details: Keys: settings.lastSyncUserData, sync.lastSyncTime Length: 59
2025-05-28 01:01:14.602 [error] [storage state.vscdb] prepare(): Error: SQLITE_READONLY_DBMOVED: attempt to write a readonly database (INSERT INTO ItemTable VALUES (?,?)). Details: Keys: sync.lastSyncTime Length: 13
2025-05-28 01:02:00.935 [error] [storage state.vscdb] prepare(): Error: SQLITE_READONLY_DBMOVED: attempt to write a readonly database (INSERT INTO ItemTable VALUES (?,?)). Details: Keys: sync.lastSyncTime Length: 13
2025-05-28 01:02:01.691 [error] [storage state.vscdb] prepare(): Error: SQLITE_READONLY_DBMOVED: attempt to write a readonly database (INSERT INTO ItemTable VALUES (?,?)). Details: Keys: github-madwayl-usages Length: 437
2025-05-28 01:02:01.851 [error] [storage state.vscdb] prepare(): Error: SQLITE_READONLY_DBMOVED: attempt to write a readonly database (INSERT INTO ItemTable VALUES (?,?)). Details: Keys: github-madwayl-usages Length: 437
2025-05-28 01:02:02.081 [error] [storage state.vscdb] prepare(): Error: SQLITE_READONLY_DBMOVED: attempt to write a readonly database (INSERT INTO ItemTable VALUES (?,?)). Details: Keys: github-madwayl-usages Length: 437
2025-05-28 01:02:03.490 [error] [storage state.vscdb] prepare(): Error: SQLITE_READONLY_DBMOVED: attempt to write a readonly database (INSERT INTO ItemTable VALUES (?,?)). Details: Keys: github-madwayl-usages Length: 437
2025-05-28 01:02:05.014 [error] [storage state.vscdb] prepare(): Error: SQLITE_READONLY_DBMOVED: attempt to write a readonly database (INSERT INTO ItemTable VALUES (?,?)). Details: Keys: github-madwayl-usages Length: 437
2025-05-28 01:02:20.181 [error] [storage state.vscdb] prepare(): Error: SQLITE_READONLY_DBMOVED: attempt to write a readonly database (INSERT INTO ItemTable VALUES (?,?)). Details: Keys: sync.lastSyncTime Length: 13
2025-05-28 01:02:49.160 [info] Extension host with pid 15852 exited with code: 0, signal: unknown.
2025-05-28 01:02:49.553 [error] [storage state.vscdb] prepare(): Error: SQLITE_READONLY_DBMOVED: attempt to write a readonly database (INSERT INTO ItemTable VALUES (?,?),(?,?),(?,?)). Details: Keys: workbench.activity.placeholderViewlets, workbench.panel.placeholderPanels, memento/gettingStartedService Length: 7034
2025-05-28 01:02:49.854 [error] [storage state.vscdb] prepare(): Error: SQLITE_READONLY_DBMOVED: attempt to write a readonly database (INSERT INTO ItemTable VALUES (?,?)). Details: Keys: workbench.panel.placeholderPanels Length: 1268
2025-05-28 01:02:50.771 [error] [storage state.vscdb] prepare(): Error: SQLITE_READONLY_DBMOVED: attempt to write a readonly database (INSERT INTO ItemTable VALUES (?,?)). Details: Keys: mtxr.sqltools Length: 17
2025-05-28 01:02:51.291 [error] [storage state.vscdb] prepare(): Error: SQLITE_READONLY_DBMOVED: attempt to write a readonly database (INSERT INTO ItemTable VALUES (?,?)). Details: Keys: github-madwayl-usages Length: 437
2025-05-28 01:02:51.568 [error] [storage state.vscdb] prepare(): Error: SQLITE_READONLY_DBMOVED: attempt to write a readonly database (INSERT INTO ItemTable VALUES (?,?),(?,?)). Details: Keys: mtxr.sqltools, github-madwayl-usages Length: 519
2025-05-28 01:02:52.238 [error] [storage state.vscdb] prepare(): Error: SQLITE_READONLY_DBMOVED: attempt to write a readonly database (INSERT INTO ItemTable VALUES (?,?),(?,?)). Details: Keys: globalState.lastSyncUserData, sync.lastSyncTime Length: 59
2025-05-28 01:02:53.129 [error] [storage state.vscdb] prepare(): Error: SQLITE_READONLY_DBMOVED: attempt to write a readonly database (INSERT INTO ItemTable VALUES (?,?)). Details: Keys: github-madwayl-usages Length: 437
2025-05-28 01:02:53.722 [error] [storage state.vscdb] prepare(): Error: SQLITE_READONLY_DBMOVED: attempt to write a readonly database (INSERT INTO ItemTable VALUES (?,?)). Details: Keys: github-madwayl-usages Length: 437
2025-05-28 01:02:54.066 [error] [storage state.vscdb] prepare(): Error: SQLITE_READONLY_DBMOVED: attempt to write a readonly database (INSERT INTO ItemTable VALUES (?,?)). Details: Keys: workbench.editor.languageDetectionOpenedLanguages.global Length: 16
2025-05-28 01:02:57.639 [error] [storage state.vscdb] prepare(): Error: SQLITE_READONLY_DBMOVED: attempt to write a readonly database (INSERT INTO ItemTable VALUES (?,?),(?,?),(?,?),(?,?),(?,?),(?,?),(?,?),(?,?)). Details: Keys: workbench.activityBar.location, colorThemeData, productIconThemeData, editorOverrideService.cache, workbench.sideBar.size, workbench.auxiliaryBar.size, workbench.panel.size, iconThemeData Length: 1235524
2025-05-28 01:02:58.656 [info] Extension host with pid 12450 exited with code: 0, signal: unknown.
2025-05-28 01:02:58.683 [info] Extension host with pid 16432 exited with code: 0, signal: unknown.
2025-05-28 01:02:58.686 [info] Extension host with pid 2694 exited with code: 0, signal: unknown.
2025-05-28 01:02:58.687 [info] Extension host with pid 2711 exited with code: 0, signal: unknown.
2025-05-28 01:02:58.738 [error] [UtilityProcess id: 2, type: fileWatcher, pid: 2725]: crashed with code 15 and reason 'killed'
2025-05-28 01:02:58.786 [error] [UtilityProcess id: 4, type: fileWatcher, pid: 15842]: crashed with code 15 and reason 'killed'
2025-05-28 01:02:58.787 [error] [storage state.vscdb] prepare(): Error: SQLITE_READONLY_DBMOVED: attempt to write a readonly database (INSERT INTO ItemTable VALUES (?,?),(?,?),(?,?),(?,?),(?,?),(?,?)). Details: Keys: __$__targetStorageMarker, lifecyle.lastShutdownReason, memento/workbench.parts.editor, history.entries, workbench.activityBar.hidden, codelens/cache2 Length: 4710
2025-05-28 01:02:58.787 [error] [storage state.vscdb] prepare(): Error: SQLITE_READONLY_DBMOVED: attempt to write a readonly database (INSERT INTO ItemTable VALUES (?,?),(?,?),(?,?),(?,?),(?,?),(?,?),(?,?)). Details: Keys: editorOverrideService.cache, editorFontInfo, workbench.sideBar.size, workbench.auxiliaryBar.size, workbench.panel.size, commandPalette.mru.cache, commandPalette.mru.counter Length: 1607
2025-05-28 01:02:58.788 [error] [storage state.vscdb] prepare(): Error: SQLITE_READONLY_DBMOVED: attempt to write a readonly database (INSERT INTO ItemTable VALUES (?,?),(?,?),(?,?),(?,?),(?,?)). Details: Keys: __$__targetStorageMarker, lifecyle.lastShutdownReason, memento/workbench.parts.editor, workbench.activityBar.hidden, codelens/cache2 Length: 5453
2025-05-28 01:02:58.789 [error] Error: ENOENT: no such file or directory, unlink '/home/madwayl/.config/Code/User/workspaceStorage/66dd78fa81fcb589cf40552002743635/state.vscdb'
    at async Object.unlink (node:internal/fs/promises:1079:10)
    at async c9.y (file:///opt/visual-studio-code/resources/app/out/main.js:35:68714)
    at async ld.w (file:///opt/visual-studio-code/resources/app/out/main.js:35:91111)
    at async ld.close (file:///opt/visual-studio-code/resources/app/out/main.js:35:90535)
    at async Promise.all (index 2)
    at async Object.e [as settled] (file:///opt/visual-studio-code/resources/app/out/main.js:30:112116)
    at async file:///opt/visual-studio-code/resources/app/out/main.js:35:63122
