[1748374382824] INFO  (ext): SQLTools is starting
[1748374382829] INFO  (ext): initializing language client...
[1748374382831] INFO  (ext): Registering client for languages [{"scheme":"sqltools"},{"language":"sql","scheme":"untitled"},{"language":"sql","scheme":"file"},{"language":"sql","scheme":"sqltools"}]
    ns: "lc"
[1748374382839] INFO  (ext): loading plugins...
[1748374382840] INFO  (ext): registering Formatter Plugin.
    plugin: {
      "name": "Formatter Plugin"
    }
[1748374382840] INFO  (ext): registering Connection Manager Plugin.
    plugin: {
      "name": "Connection Manager Plugin"
    }
[1748374382841] INFO  (ext): registering CodeLens Plugin.
    plugin: {
      "name": "CodeLens Plugin",
      "registeredLanguages": []
    }
[1748374382851] INFO  (ext): registering Dependency Manager Plugin.
    plugin: {
      "name": "Dependency Manager Plugin",
      "installingDrivers": []
    }
[1748374382855] INFO  (ext): Connection explorer changed. Will be updated.
    ns: "conn-man:explorer"
[1748374382856] INFO  (ext): registering History Manager Plugin.
    plugin: {
      "name": "History Manager Plugin"
    }
[1748374382857] INFO  (ext): registering Bookmarks Manager Plugin.
    plugin: {
      "name": "Bookmarks Manager Plugin"
    }
[1748374382857] INFO  (ext): registering Authentication Provider Plugin.
    plugin: {
      "name": "Authentication Provider Plugin",
      "isRegistered": false
    }
[1748374382858] INFO  (ext): registering Object Drop-in Provider (plugin).
    plugin: {
      "type": "plugin",
      "name": "Object Drop-in Provider",
      "isRegistered": false
    }
[1748374382858] INFO  (ext): SQLTools activation completed. 34.754843 ms
[1748374382869] INFO  (ext): Formatter Plugin registered!
[1748374382869] INFO  (ext): CodeLens Plugin registered!
[1748374382869] INFO  (ext): Dependency Manager Plugin registered!
[1748374382870] INFO  (ext): Connection Manager Plugin registered!
[1748374382870] INFO  (ext): History Manager Plugin registered!
[1748374382870] INFO  (ext): Bookmarks Manager Plugin registered!
[1748374382870] INFO  (ext): Authentication Provider Plugin registered!
[1748374382870] INFO  (ext): Object Drop-in Provider (plugin) registered!
[1748374383066] INFO  (ls): SQLTools Server started!
===============================
Using node runtime?: no
ExecPath: /opt/visual-studio-code/code 
===============================
[1748374383130] INFO  (ext): LanguageClient ready
    ns: "lc"
[1748374383135] INFO  (ext): registering MySQL/MariaDB/TiDB Plugin (driver).
    plugin: {
      "extensionId": "mtxr.sqltools-driver-mysql",
      "name": "MySQL/MariaDB/TiDB Plugin",
      "type": "driver"
    }
[1748374383137] INFO  (ext): registering PostgreSQL/Cockroach Plugin (driver).
    plugin: {
      "extensionId": "mtxr.sqltools-driver-pg",
      "name": "PostgreSQL/Cockroach Plugin",
      "type": "driver"
    }
[1748374383127] INFO  (ls): Initialized with node version:v20.19.0
[1748374383136] INFO  (ls): REQUEST RECEIVED => ls/RegisterPlugin
[1748374383137] INFO  (ls): request to register plugin: "/home/madwayl/.vscode/extensions/mtxr.sqltools-driver-mysql-0.6.4/out/ls/plugin.js"
[1748374383249] INFO  (ls): Driver mysql registered!
    place: "driver-map"
    ns: "ls-context"
[1748374383250] INFO  (ls): Driver mariadb registered!
    place: "driver-map"
    ns: "ls-context"
[1748374383250] INFO  (ls): Driver tidb registered!
    place: "driver-map"
    ns: "ls-context"
[1748374383250] INFO  (ls): REQUEST RECEIVED => ls/RegisterPlugin
[1748374383250] INFO  (ls): request to register plugin: "/home/madwayl/.vscode/extensions/mtxr.sqltools-driver-pg-0.5.5/out/ls/plugin.js"
[1748374383285] INFO  (ls): Driver postgresql registered!
    place: "driver-map"
    ns: "ls-context"
[1748374383285] INFO  (ls): Driver aws redshift registered!
    place: "driver-map"
    ns: "ls-context"
[1748374383285] INFO  (ls): Driver cockroachdb registered!
    place: "driver-map"
    ns: "ls-context"
[1748374383599] INFO  (ext): MySQL/MariaDB/TiDB Plugin (driver) registered!
[1748374383629] INFO  (ext): PostgreSQL/Cockroach Plugin (driver) registered!
[1748374384002] INFO  (ext): Connection explorer changed. Will be updated.
    ns: "conn-man:explorer"
[1748374384630] INFO  (ext): EXECUTING COMMAND => sqltools.refreshTree
[1748374384630] INFO  (ext): Connection explorer changed. Will be updated.
    ns: "conn-man:explorer"
[1748374384855] INFO  (ext): Connection explorer changed. Will be updated.
    ns: "conn-man:explorer"
