2025-05-28 01:03:02.090 [info] MainController: Starting nvim: /usr/bin/nvim -N --embed --cmd source /home/madwayl/.vscode/extensions/asvetliakov.vscode-neovim-1.18.22/runtime/vscode-neovim.vim
2025-05-28 01:03:02.191 [info] MainController: Nvim info: {
  configDir: '/home/madwayl/.config/nvim',
  configFile: '/home/madwayl/.dotfiles/nvim/.config/nvim/init.lua',
  logFile: '/home/madwayl/.local/state/nvim/log',
  nvimVersion: {
    build: 'dirty',
    minor: 11,
    api_prerelease: false,
    prerelease: false,
    api_level: 13,
    major: 0,
    api_compatible: 0,
    patch: 1
  }
}
2025-05-28 01:03:02.327 [info] MessagesManager: '# Plugin Updates\n' +
  '- **nvim-treesitter-textobjects**\n' +
  '- **nvim-treesitter**\n' +
  '- **lualine.nvim**\n' +
  '- **mason-lspconfig.nvim**\n' +
  '- **mason.nvim**\n' +
  '- **nvim-lspconfig**\n'
