2025-05-27 23:58:25.692 [info] Reading sessions from keychain...
2025-05-27 23:58:25.692 [info] Getting sessions for all scopes...
2025-05-27 23:58:25.692 [info] Getting sessions for all scopes...
2025-05-27 23:58:25.692 [info] Getting sessions for all scopes...
2025-05-27 23:58:25.692 [info] Getting sessions for all scopes...
2025-05-27 23:58:25.692 [info] Got stored sessions!
2025-05-27 23:58:25.692 [info] Got 2 verified sessions.
2025-05-27 23:58:25.692 [info] Got 2 sessions for ...
2025-05-27 23:58:25.692 [info] Got 2 sessions for ...
2025-05-27 23:58:25.692 [info] Got 2 sessions for ...
2025-05-27 23:58:25.693 [info] Got 2 sessions for ...
2025-05-27 23:58:25.743 [info] Getting sessions for user:email...
2025-05-27 23:58:25.743 [info] Got 1 sessions for user:email...
2025-05-27 23:58:25.929 [info] Getting sessions for all scopes...
2025-05-27 23:58:25.930 [info] Got 2 sessions for ...
2025-05-27 23:58:25.930 [info] Getting sessions for all scopes...
2025-05-27 23:58:25.930 [info] Got 2 sessions for ...
2025-05-27 23:58:25.930 [info] Getting sessions for all scopes...
2025-05-27 23:58:25.930 [info] Got 2 sessions for ...
2025-05-27 23:58:25.931 [info] Getting sessions for all scopes...
2025-05-27 23:58:25.931 [info] Got 2 sessions for ...
2025-05-27 23:58:25.931 [info] Getting sessions for all scopes...
2025-05-27 23:58:25.931 [info] Got 2 sessions for ...
2025-05-27 23:58:25.931 [info] Getting sessions for all scopes...
2025-05-27 23:58:25.931 [info] Got 2 sessions for ...
2025-05-27 23:58:26.053 [info] Getting sessions for all scopes...
2025-05-27 23:58:26.054 [info] Got 2 sessions for ...
2025-05-27 23:58:26.233 [info] Getting sessions for all scopes...
2025-05-27 23:58:26.233 [info] Got 2 sessions for ...
2025-05-27 23:58:26.234 [info] Getting sessions for all scopes...
2025-05-27 23:58:26.234 [info] Got 2 sessions for ...
2025-05-27 23:58:26.234 [info] Getting sessions for all scopes...
2025-05-27 23:58:26.234 [info] Got 2 sessions for ...
2025-05-27 23:58:26.234 [info] Getting sessions for all scopes...
2025-05-27 23:58:26.234 [info] Got 2 sessions for ...
2025-05-27 23:58:26.234 [info] Getting sessions for all scopes...
2025-05-27 23:58:26.234 [info] Got 2 sessions for ...
2025-05-27 23:58:26.234 [info] Getting sessions for all scopes...
2025-05-27 23:58:26.234 [info] Got 2 sessions for ...
2025-05-27 23:58:26.278 [info] Getting sessions for all scopes...
2025-05-27 23:58:26.278 [info] Got 2 sessions for ...
2025-05-27 23:58:26.285 [info] Getting sessions for all scopes...
2025-05-27 23:58:26.285 [info] Got 2 sessions for ...
2025-05-27 23:58:26.324 [info] Getting sessions for all scopes...
2025-05-27 23:58:26.324 [info] Got 2 sessions for ...
2025-05-27 23:58:26.342 [info] Getting sessions for all scopes...
2025-05-27 23:58:26.342 [info] Got 2 sessions for ...
2025-05-27 23:58:27.844 [info] Getting sessions for all scopes...
2025-05-27 23:58:27.844 [info] Got 2 sessions for ...
2025-05-27 23:58:27.844 [info] Getting sessions for all scopes...
2025-05-27 23:58:27.844 [info] Got 2 sessions for ...
2025-05-27 23:58:27.896 [info] Getting sessions for all scopes...
2025-05-27 23:58:27.896 [info] Got 2 sessions for ...
2025-05-27 23:58:27.896 [info] Getting sessions for all scopes...
2025-05-27 23:58:27.896 [info] Got 2 sessions for ...
2025-05-27 23:58:28.062 [info] Getting sessions for all scopes...
2025-05-27 23:58:28.062 [info] Got 2 sessions for ...
2025-05-27 23:58:28.065 [info] Getting sessions for all scopes...
2025-05-27 23:58:28.065 [info] Got 2 sessions for ...
2025-05-27 23:58:28.089 [info] Getting sessions for read:user,repo,user:email,workflow...
2025-05-27 23:58:28.089 [info] Got 1 sessions for read:user,repo,user:email,workflow...
2025-05-27 23:58:28.094 [info] Getting sessions for read:user,repo,user:email,workflow...
2025-05-27 23:58:28.094 [info] Got 1 sessions for read:user,repo,user:email,workflow...
2025-05-27 23:58:28.428 [info] Getting sessions for all scopes...
2025-05-27 23:58:28.428 [info] Got 2 sessions for ...
2025-05-27 23:58:28.428 [info] Getting sessions for all scopes...
2025-05-27 23:58:28.428 [info] Got 2 sessions for ...
2025-05-27 23:58:28.560 [info] Getting sessions for read:user,repo,user:email,workflow...
2025-05-27 23:58:28.560 [info] Got 1 sessions for read:user,repo,user:email,workflow...
2025-05-27 23:58:32.828 [info] Reading sessions from keychain...
2025-05-27 23:58:32.828 [info] Getting sessions for all scopes...
2025-05-27 23:58:32.828 [info] Getting sessions for all scopes...
2025-05-27 23:58:32.828 [info] Getting sessions for all scopes...
2025-05-27 23:58:32.829 [info] Getting sessions for all scopes...
2025-05-27 23:58:32.829 [info] Getting sessions for all scopes...
2025-05-27 23:58:32.829 [info] Getting sessions for all scopes...
2025-05-27 23:58:32.829 [info] Getting sessions for all scopes...
2025-05-27 23:58:32.829 [info] Getting sessions for all scopes...
2025-05-27 23:58:32.885 [info] Got stored sessions!
2025-05-27 23:58:32.885 [info] Got 2 verified sessions.
2025-05-27 23:58:32.885 [info] Got 2 sessions for ...
2025-05-27 23:58:32.885 [info] Got 2 sessions for ...
2025-05-27 23:58:32.885 [info] Got 2 sessions for ...
2025-05-27 23:58:32.885 [info] Got 2 sessions for ...
2025-05-27 23:58:32.885 [info] Got 2 sessions for ...
2025-05-27 23:58:32.885 [info] Got 2 sessions for ...
2025-05-27 23:58:32.885 [info] Got 2 sessions for ...
2025-05-27 23:58:32.885 [info] Got 2 sessions for ...
2025-05-27 23:58:32.950 [info] Getting sessions for all scopes...
2025-05-27 23:58:32.950 [info] Got 2 sessions for ...
2025-05-27 23:58:32.951 [info] Getting sessions for all scopes...
2025-05-27 23:58:32.951 [info] Got 2 sessions for ...
2025-05-27 23:58:32.951 [info] Getting sessions for all scopes...
2025-05-27 23:58:32.951 [info] Got 2 sessions for ...
2025-05-27 23:58:32.951 [info] Getting sessions for all scopes...
2025-05-27 23:58:32.951 [info] Got 2 sessions for ...
2025-05-27 23:58:32.951 [info] Getting sessions for all scopes...
2025-05-27 23:58:32.951 [info] Got 2 sessions for ...
2025-05-27 23:58:32.952 [info] Getting sessions for all scopes...
2025-05-27 23:58:32.952 [info] Got 2 sessions for ...
2025-05-27 23:58:32.952 [info] Getting sessions for all scopes...
2025-05-27 23:58:32.952 [info] Got 2 sessions for ...
2025-05-27 23:58:33.323 [info] Getting sessions for all scopes...
2025-05-27 23:58:33.324 [info] Got 2 sessions for ...
2025-05-27 23:58:33.576 [info] Getting sessions for all scopes...
2025-05-27 23:58:33.576 [info] Got 2 sessions for ...
2025-05-27 23:58:34.751 [info] Getting sessions for user:email...
2025-05-27 23:58:34.751 [info] Got 1 sessions for user:email...
2025-05-27 23:58:34.797 [info] Getting sessions for all scopes...
2025-05-27 23:58:34.798 [info] Got 2 sessions for ...
2025-05-27 23:58:34.800 [info] Getting sessions for all scopes...
2025-05-27 23:58:34.800 [info] Got 2 sessions for ...
2025-05-27 23:58:34.905 [info] Getting sessions for all scopes...
2025-05-27 23:58:34.905 [info] Got 2 sessions for ...
2025-05-27 23:58:34.921 [info] Getting sessions for all scopes...
2025-05-27 23:58:34.921 [info] Got 2 sessions for ...
2025-05-27 23:58:34.922 [info] Getting sessions for all scopes...
2025-05-27 23:58:34.922 [info] Got 2 sessions for ...
2025-05-27 23:58:35.142 [info] Getting sessions for all scopes...
2025-05-27 23:58:35.142 [info] Got 2 sessions for ...
2025-05-27 23:58:35.142 [info] Getting sessions for all scopes...
2025-05-27 23:58:35.142 [info] Got 2 sessions for ...
2025-05-27 23:58:35.184 [info] Getting sessions for all scopes...
2025-05-27 23:58:35.184 [info] Got 2 sessions for ...
2025-05-27 23:58:35.423 [info] Getting sessions for all scopes...
2025-05-27 23:58:35.423 [info] Got 2 sessions for ...
2025-05-27 23:58:35.423 [info] Getting sessions for read:user,repo,user:email,workflow...
2025-05-27 23:58:35.423 [info] Got 1 sessions for read:user,repo,user:email,workflow...
2025-05-27 23:58:35.453 [info] Getting sessions for read:user,repo,user:email,workflow...
2025-05-27 23:58:35.454 [info] Got 1 sessions for read:user,repo,user:email,workflow...
2025-05-27 23:58:36.807 [info] Getting sessions for read:user,repo,user:email,workflow...
2025-05-27 23:58:36.807 [info] Got 1 sessions for read:user,repo,user:email,workflow...
2025-05-27 23:58:36.807 [info] Getting sessions for all scopes...
2025-05-27 23:58:36.807 [info] Got 2 sessions for ...
2025-05-27 23:58:36.807 [info] Getting sessions for all scopes...
2025-05-27 23:58:36.807 [info] Got 2 sessions for ...
2025-05-27 23:58:37.045 [info] Getting sessions for read:user,repo,user:email,workflow...
2025-05-27 23:58:37.045 [info] Got 1 sessions for read:user,repo,user:email,workflow...
2025-05-27 23:58:37.874 [info] Getting sessions for user:email...
2025-05-27 23:58:37.874 [info] Got 1 sessions for user:email...
2025-05-27 23:58:37.982 [info] Getting sessions for user:email...
2025-05-27 23:58:37.982 [info] Got 1 sessions for user:email...
2025-05-27 23:58:38.552 [info] Getting sessions for read:user,repo,user:email,workflow...
2025-05-27 23:58:38.552 [info] Got 1 sessions for read:user,repo,user:email,workflow...
2025-05-27 23:58:39.762 [info] Getting sessions for all scopes...
2025-05-27 23:58:39.762 [info] Got 2 sessions for ...
2025-05-27 23:58:39.824 [info] Getting sessions for read:user,repo,user:email,workflow...
2025-05-27 23:58:39.824 [info] Got 1 sessions for read:user,repo,user:email,workflow...
2025-05-27 23:58:39.979 [info] Getting sessions for all scopes...
2025-05-27 23:58:39.979 [info] Got 2 sessions for ...
2025-05-27 23:58:39.980 [info] Getting sessions for all scopes...
2025-05-27 23:58:39.980 [info] Got 2 sessions for ...
2025-05-27 23:58:39.992 [info] Getting sessions for read:user,repo,user:email,workflow...
2025-05-27 23:58:39.992 [info] Got 1 sessions for read:user,repo,user:email,workflow...
2025-05-27 23:58:39.995 [info] Getting sessions for all scopes...
2025-05-27 23:58:39.995 [info] Got 2 sessions for ...
2025-05-27 23:58:39.997 [info] Getting sessions for read:user,repo,user:email,workflow...
2025-05-27 23:58:39.997 [info] Got 1 sessions for read:user,repo,user:email,workflow...
2025-05-27 23:58:40.066 [info] Getting sessions for all scopes...
2025-05-27 23:58:40.066 [info] Got 2 sessions for ...
2025-05-27 23:58:40.067 [info] Getting sessions for read:user,repo,user:email,workflow...
2025-05-27 23:58:40.067 [info] Got 1 sessions for read:user,repo,user:email,workflow...
2025-05-27 23:58:40.071 [info] Getting sessions for all scopes...
2025-05-27 23:58:40.071 [info] Got 2 sessions for ...
2025-05-27 23:58:40.072 [info] Getting sessions for all scopes...
2025-05-27 23:58:40.072 [info] Got 2 sessions for ...
2025-05-27 23:58:42.331 [info] Getting sessions for all scopes...
2025-05-27 23:58:42.331 [info] Got 2 sessions for ...
2025-05-27 23:58:42.332 [info] Getting sessions for read:user,repo,user:email,workflow...
2025-05-27 23:58:42.332 [info] Got 1 sessions for read:user,repo,user:email,workflow...
