[1748369788573] INFO  (ext): SQLTools is starting
[1748369788575] INFO  (ext): initializing language client...
[1748369788576] INFO  (ext): Registering client for languages [{"scheme":"sqltools"},{"language":"sql","scheme":"untitled"},{"language":"sql","scheme":"file"},{"language":"sql","scheme":"sqltools"}]
    ns: "lc"
[1748369788580] INFO  (ext): loading plugins...
[1748369788581] INFO  (ext): registering Formatter Plugin.
    plugin: {
      "name": "Formatter Plugin"
    }
[1748369788581] INFO  (ext): registering Connection Manager Plugin.
    plugin: {
      "name": "Connection Manager Plugin"
    }
[1748369788581] INFO  (ext): registering CodeLens Plugin.
    plugin: {
      "name": "CodeLens Plugin",
      "registeredLanguages": []
    }
[1748369788582] INFO  (ext): registering Dependency Manager Plugin.
    plugin: {
      "name": "Dependency Manager Plugin",
      "installingDrivers": []
    }
[1748369788586] INFO  (ext): Connection explorer changed. Will be updated.
    ns: "conn-man:explorer"
[1748369788587] INFO  (ext): registering History Manager Plugin.
    plugin: {
      "name": "History Manager Plugin"
    }
[1748369788588] INFO  (ext): registering Bookmarks Manager Plugin.
    plugin: {
      "name": "Bookmarks Manager Plugin"
    }
[1748369788589] INFO  (ext): registering Authentication Provider Plugin.
    plugin: {
      "name": "Authentication Provider Plugin",
      "isRegistered": false
    }
[1748369788590] INFO  (ext): registering Object Drop-in Provider (plugin).
    plugin: {
      "type": "plugin",
      "name": "Object Drop-in Provider",
      "isRegistered": false
    }
[1748369788591] INFO  (ext): SQLTools activation completed. 17.611015 ms
[1748369788591] INFO  (ext): Formatter Plugin registered!
[1748369788591] INFO  (ext): CodeLens Plugin registered!
[1748369788591] INFO  (ext): Dependency Manager Plugin registered!
[1748369788591] INFO  (ext): Connection Manager Plugin registered!
[1748369788591] INFO  (ext): History Manager Plugin registered!
[1748369788591] INFO  (ext): Bookmarks Manager Plugin registered!
[1748369788591] INFO  (ext): Authentication Provider Plugin registered!
[1748369788591] INFO  (ext): Object Drop-in Provider (plugin) registered!
[1748369788697] INFO  (ext): registering MySQL/MariaDB/TiDB Plugin (driver).
    plugin: {
      "extensionId": "mtxr.sqltools-driver-mysql",
      "name": "MySQL/MariaDB/TiDB Plugin",
      "type": "driver"
    }
[1748369788698] INFO  (ext): registering PostgreSQL/Cockroach Plugin (driver).
    plugin: {
      "extensionId": "mtxr.sqltools-driver-pg",
      "name": "PostgreSQL/Cockroach Plugin",
      "type": "driver"
    }
[1748369788716] INFO  (ls): SQLTools Server started!
===============================
Using node runtime?: no
ExecPath: /opt/visual-studio-code/code 
===============================
[1748369788728] INFO  (ext): LanguageClient ready
    ns: "lc"
[1748369788727] INFO  (ls): Initialized with node version:v20.19.0
[1748369788729] INFO  (ls): REQUEST RECEIVED => ls/RegisterPlugin
[1748369788730] INFO  (ls): request to register plugin: "/home/madwayl/.vscode/extensions/mtxr.sqltools-driver-mysql-0.6.4/out/ls/plugin.js"
[1748369788812] INFO  (ls): Driver mysql registered!
    place: "driver-map"
    ns: "ls-context"
[1748369788812] INFO  (ls): Driver mariadb registered!
    place: "driver-map"
    ns: "ls-context"
[1748369788812] INFO  (ls): Driver tidb registered!
    place: "driver-map"
    ns: "ls-context"
[1748369788813] INFO  (ls): REQUEST RECEIVED => ls/RegisterPlugin
[1748369788813] INFO  (ls): request to register plugin: "/home/madwayl/.vscode/extensions/mtxr.sqltools-driver-pg-0.5.5/out/ls/plugin.js"
[1748369788839] INFO  (ls): Driver postgresql registered!
    place: "driver-map"
    ns: "ls-context"
[1748369788840] INFO  (ls): Driver aws redshift registered!
    place: "driver-map"
    ns: "ls-context"
[1748369788840] INFO  (ls): Driver cockroachdb registered!
    place: "driver-map"
    ns: "ls-context"
[1748369789514] INFO  (ext): MySQL/MariaDB/TiDB Plugin (driver) registered!
[1748369789568] INFO  (ext): PostgreSQL/Cockroach Plugin (driver) registered!
[1748369790569] INFO  (ext): EXECUTING COMMAND => sqltools.refreshTree
[1748369790569] INFO  (ext): Connection explorer changed. Will be updated.
    ns: "conn-man:explorer"
[1748369790587] INFO  (ext): Connection explorer changed. Will be updated.
    ns: "conn-man:explorer"
[1748369793928] INFO  (ext): Connection explorer changed. Will be updated.
    ns: "conn-man:explorer"
[1748369793994] INFO  (ext): Connection explorer changed. Will be updated.
    ns: "conn-man:explorer"
