2025-05-27 23:46:27.814 [info] Reading sessions from keychain...
2025-05-27 23:46:27.814 [info] Getting sessions for all scopes...
2025-05-27 23:46:27.814 [info] Getting sessions for all scopes...
2025-05-27 23:46:27.814 [info] Getting sessions for all scopes...
2025-05-27 23:46:27.814 [info] Getting sessions for all scopes...
2025-05-27 23:46:27.814 [info] Getting sessions for all scopes...
2025-05-27 23:46:27.814 [info] Getting sessions for all scopes...
2025-05-27 23:46:27.814 [info] Getting sessions for all scopes...
2025-05-27 23:46:27.814 [info] Getting sessions for all scopes...
2025-05-27 23:46:27.828 [info] Got stored sessions!
2025-05-27 23:46:27.828 [info] Got 2 verified sessions.
2025-05-27 23:46:27.828 [info] Got 2 sessions for ...
2025-05-27 23:46:27.828 [info] Got 2 sessions for ...
2025-05-27 23:46:27.828 [info] Got 2 sessions for ...
2025-05-27 23:46:27.828 [info] Got 2 sessions for ...
2025-05-27 23:46:27.828 [info] Got 2 sessions for ...
2025-05-27 23:46:27.828 [info] Got 2 sessions for ...
2025-05-27 23:46:27.828 [info] Got 2 sessions for ...
2025-05-27 23:46:27.828 [info] Got 2 sessions for ...
2025-05-27 23:46:27.845 [info] Getting sessions for all scopes...
2025-05-27 23:46:27.845 [info] Got 2 sessions for ...
2025-05-27 23:46:27.847 [info] Getting sessions for all scopes...
2025-05-27 23:46:27.847 [info] Got 2 sessions for ...
2025-05-27 23:46:27.847 [info] Getting sessions for all scopes...
2025-05-27 23:46:27.847 [info] Got 2 sessions for ...
2025-05-27 23:46:27.847 [info] Getting sessions for all scopes...
2025-05-27 23:46:27.847 [info] Got 2 sessions for ...
2025-05-27 23:46:27.847 [info] Getting sessions for all scopes...
2025-05-27 23:46:27.847 [info] Got 2 sessions for ...
2025-05-27 23:46:27.847 [info] Getting sessions for all scopes...
2025-05-27 23:46:27.847 [info] Got 2 sessions for ...
2025-05-27 23:46:27.847 [info] Getting sessions for all scopes...
2025-05-27 23:46:27.847 [info] Got 2 sessions for ...
2025-05-27 23:46:28.088 [info] Getting sessions for all scopes...
2025-05-27 23:46:28.088 [info] Got 2 sessions for ...
2025-05-27 23:46:28.240 [info] Getting sessions for user:email...
2025-05-27 23:46:28.240 [info] Got 1 sessions for user:email...
2025-05-27 23:46:28.267 [info] Getting sessions for all scopes...
2025-05-27 23:46:28.267 [info] Got 2 sessions for ...
2025-05-27 23:46:28.270 [info] Getting sessions for all scopes...
2025-05-27 23:46:28.270 [info] Got 2 sessions for ...
2025-05-27 23:46:28.381 [info] Getting sessions for all scopes...
2025-05-27 23:46:28.381 [info] Got 2 sessions for ...
2025-05-27 23:46:29.508 [info] Getting sessions for all scopes...
2025-05-27 23:46:29.508 [info] Got 2 sessions for ...
2025-05-27 23:46:29.510 [info] Getting sessions for all scopes...
2025-05-27 23:46:29.510 [info] Got 2 sessions for ...
2025-05-27 23:46:29.570 [info] Getting sessions for all scopes...
2025-05-27 23:46:29.570 [info] Got 2 sessions for ...
2025-05-27 23:46:29.570 [info] Getting sessions for all scopes...
2025-05-27 23:46:29.570 [info] Got 2 sessions for ...
2025-05-27 23:46:29.575 [info] Getting sessions for all scopes...
2025-05-27 23:46:29.576 [info] Got 2 sessions for ...
2025-05-27 23:46:29.593 [info] Getting sessions for user:email...
2025-05-27 23:46:29.593 [info] Got 1 sessions for user:email...
2025-05-27 23:46:29.692 [info] Getting sessions for all scopes...
2025-05-27 23:46:29.692 [info] Got 2 sessions for ...
2025-05-27 23:46:29.692 [info] Getting sessions for read:user,repo,user:email,workflow...
2025-05-27 23:46:29.692 [info] Got 1 sessions for read:user,repo,user:email,workflow...
2025-05-27 23:46:29.697 [info] Getting sessions for read:user,repo,user:email,workflow...
2025-05-27 23:46:29.697 [info] Got 1 sessions for read:user,repo,user:email,workflow...
2025-05-27 23:46:29.714 [info] Getting sessions for user:email...
2025-05-27 23:46:29.714 [info] Got 1 sessions for user:email...
2025-05-27 23:46:29.990 [info] Getting sessions for all scopes...
2025-05-27 23:46:29.990 [info] Got 2 sessions for ...
2025-05-27 23:46:29.990 [info] Getting sessions for all scopes...
2025-05-27 23:46:29.990 [info] Got 2 sessions for ...
2025-05-27 23:46:30.157 [info] Getting sessions for read:user,repo,user:email,workflow...
2025-05-27 23:46:30.158 [info] Got 1 sessions for read:user,repo,user:email,workflow...
2025-05-27 23:46:31.428 [info] Getting sessions for all scopes...
2025-05-27 23:46:31.428 [info] Got 2 sessions for ...
2025-05-27 23:46:31.428 [info] Getting sessions for all scopes...
2025-05-27 23:46:31.428 [info] Got 2 sessions for ...
2025-05-27 23:46:31.429 [info] Getting sessions for read:user,repo,user:email,workflow...
2025-05-27 23:46:31.429 [info] Got 1 sessions for read:user,repo,user:email,workflow...
2025-05-27 23:46:31.436 [info] Getting sessions for all scopes...
2025-05-27 23:46:31.436 [info] Got 2 sessions for ...
2025-05-27 23:46:31.438 [info] Getting sessions for read:user,repo,user:email,workflow...
2025-05-27 23:46:31.439 [info] Got 1 sessions for read:user,repo,user:email,workflow...
2025-05-27 23:46:31.532 [info] Getting sessions for all scopes...
2025-05-27 23:46:31.532 [info] Got 2 sessions for ...
2025-05-27 23:46:31.544 [info] Getting sessions for read:user,repo,user:email,workflow...
2025-05-27 23:46:31.544 [info] Got 1 sessions for read:user,repo,user:email,workflow...
2025-05-27 23:46:31.547 [info] Getting sessions for all scopes...
2025-05-27 23:46:31.547 [info] Got 2 sessions for ...
2025-05-27 23:46:31.548 [info] Getting sessions for all scopes...
2025-05-27 23:46:31.548 [info] Got 2 sessions for ...
2025-05-27 23:46:32.953 [info] Getting sessions for all scopes...
2025-05-27 23:46:32.953 [info] Got 2 sessions for ...
2025-05-27 23:46:32.954 [info] Getting sessions for read:user,repo,user:email,workflow...
2025-05-27 23:46:32.954 [info] Got 1 sessions for read:user,repo,user:email,workflow...
2025-05-28 00:01:32.958 [info] Getting sessions for all scopes...
2025-05-28 00:01:32.958 [info] Got 2 sessions for ...
2025-05-28 00:01:32.960 [info] Getting sessions for read:user,repo,user:email,workflow...
2025-05-28 00:01:32.960 [info] Got 1 sessions for read:user,repo,user:email,workflow...
