2025-05-28 00:50:28.954 [info] [main] Log level: Info
2025-05-28 00:50:28.954 [info] [main] Validating found git in: "git"
2025-05-28 00:50:28.954 [info] [main] Using git "2.49.0" from "git"
2025-05-28 00:50:28.954 [info] [Model][doInitialScan] Initial repository scan started
2025-05-28 00:50:28.954 [info] > git rev-parse --show-toplevel [8ms]
2025-05-28 00:50:28.955 [info] > git rev-parse --git-dir --git-common-dir [3ms]
2025-05-28 00:50:28.973 [info] [Model][openRepository] Opened repository (path): /home/madwayl/.dotfiles
2025-05-28 00:50:28.973 [info] [Model][openRepository] Opened repository (real path): /home/madwayl/.dotfiles
2025-05-28 00:50:28.991 [info] > git rev-parse --show-toplevel [4ms]
2025-05-28 00:50:28.991 [info] > git config --get commit.template [9ms]
2025-05-28 00:50:29.003 [info] > git for-each-ref --format=%(refname)%00%(upstream:short)%00%(objectname)%00%(upstream:track)%00%(upstream:remotename)%00%(upstream:remoteref) refs/heads/hyprland+arch refs/remotes/hyprland+arch [2ms]
2025-05-28 00:50:29.853 [info] > git for-each-ref --sort -committerdate --format %(refname)%00%(objectname)%00%(*objectname) [837ms]
2025-05-28 00:50:30.204 [info] > git status -z -uall [1194ms]
2025-05-28 00:50:31.040 [info] > git check-ignore -v -z --stdin [214ms]
2025-05-28 00:50:31.042 [info] > git for-each-ref --format=%(refname)%00%(upstream:short)%00%(objectname)%00%(upstream:track)%00%(upstream:remotename)%00%(upstream:remoteref) refs/heads/hyprland+arch refs/remotes/hyprland+arch [660ms]
2025-05-28 00:50:31.058 [info] > git config --get --local branch.hyprland+arch.vscode-merge-base [7ms]
2025-05-28 00:50:31.073 [info] > git config --get commit.template [35ms]
2025-05-28 00:50:31.112 [info] > git for-each-ref --format=%(refname)%00%(upstream:short)%00%(objectname)%00%(upstream:track)%00%(upstream:remotename)%00%(upstream:remoteref) refs/heads/origin/default refs/remotes/origin/default [40ms]
2025-05-28 00:50:31.161 [info] > git for-each-ref --format=%(refname)%00%(upstream:short)%00%(objectname)%00%(upstream:track)%00%(upstream:remotename)%00%(upstream:remoteref) refs/heads/hyprland+arch refs/remotes/hyprland+arch [23ms]
2025-05-28 00:50:31.203 [info] > git for-each-ref --sort -committerdate --format %(refname)%00%(objectname)%00%(*objectname) [19ms]
2025-05-28 00:50:31.206 [info] > git rev-parse --show-toplevel [5ms]
2025-05-28 00:50:31.455 [info] > git status -z -uall [283ms]
2025-05-28 00:50:31.462 [info] > git rev-parse --show-toplevel [16ms]
2025-05-28 00:50:32.312 [info] > git rev-parse --show-toplevel [14ms]
2025-05-28 00:50:32.452 [info] > git rev-parse --show-toplevel [11ms]
2025-05-28 00:50:32.473 [info] > git rev-parse --show-toplevel [2ms]
2025-05-28 00:50:32.494 [info] > git rev-parse --show-toplevel [6ms]
2025-05-28 00:50:32.511 [info] > git rev-parse --show-toplevel [3ms]
2025-05-28 00:50:32.540 [info] > git rev-parse --show-toplevel [3ms]
2025-05-28 00:50:32.558 [info] > git rev-parse --show-toplevel [3ms]
2025-05-28 00:50:32.571 [info] > git rev-parse --show-toplevel [1ms]
2025-05-28 00:50:32.591 [info] > git rev-parse --show-toplevel [7ms]
2025-05-28 00:50:32.603 [info] > git rev-parse --show-toplevel [1ms]
2025-05-28 00:50:32.617 [info] > git rev-parse --show-toplevel [1ms]
2025-05-28 00:50:32.630 [info] > git rev-parse --show-toplevel [0ms]
2025-05-28 00:50:32.644 [info] > git rev-parse --show-toplevel [1ms]
2025-05-28 00:50:32.657 [info] > git rev-parse --show-toplevel [2ms]
2025-05-28 00:50:32.669 [info] > git rev-parse --show-toplevel [1ms]
2025-05-28 00:50:32.684 [info] > git rev-parse --show-toplevel [2ms]
2025-05-28 00:50:32.701 [info] > git rev-parse --show-toplevel [1ms]
2025-05-28 00:50:32.719 [info] > git rev-parse --show-toplevel [1ms]
2025-05-28 00:50:32.722 [info] [Model][doInitialScan] Initial repository scan completed - repositories (1), closed repositories (0), parent repositories (0), unsafe repositories (0)
2025-05-28 00:50:32.787 [info] > git show --textconv :docs/hibernate-suspend.md [51ms]
2025-05-28 00:50:32.787 [info] > git ls-files --stage -- docs/hibernate-suspend.md [38ms]
2025-05-28 00:50:32.823 [info] > git hash-object -t tree /dev/null [21ms]
2025-05-28 00:50:32.824 [warning] [GitFileSystemProvider][stat] File not found - git:/home/madwayl/.dotfiles/docs/hibernate-suspend.md.git?%7B%22path%22%3A%22%2Fhome%2Fmadwayl%2F.dotfiles%2Fdocs%2Fhibernate-suspend.md%22%2C%22ref%22%3A%22%22%7D
2025-05-28 00:50:32.828 [info] > git config --get commit.template [42ms]
2025-05-28 00:50:32.828 [info] > git rev-parse --show-toplevel [58ms]
2025-05-28 00:50:32.828 [info] fatal: not a git repository (or any parent up to mount point /)
Stopping at filesystem boundary (GIT_DISCOVERY_ACROSS_FILESYSTEM not set).
2025-05-28 00:50:32.829 [info] > git hash-object -t tree /dev/null [13ms]
2025-05-28 00:50:32.829 [warning] [GitFileSystemProvider][readFile] File not found - git:/home/madwayl/.dotfiles/docs/hibernate-suspend.md.git?%7B%22path%22%3A%22%2Fhome%2Fmadwayl%2F.dotfiles%2Fdocs%2Fhibernate-suspend.md%22%2C%22ref%22%3A%22%22%7D
2025-05-28 00:50:32.850 [info] > git for-each-ref --format=%(refname)%00%(upstream:short)%00%(objectname)%00%(upstream:track)%00%(upstream:remotename)%00%(upstream:remoteref) refs/heads/hyprland+arch refs/remotes/hyprland+arch [3ms]
2025-05-28 00:50:32.892 [info] > git for-each-ref --sort -committerdate --format %(refname)%00%(objectname)%00%(*objectname) [2ms]
2025-05-28 00:50:32.924 [info] > git status -z -uall [55ms]
2025-05-28 00:50:33.866 [info] > git config --get commit.template [26ms]
2025-05-28 00:50:33.866 [info] > git blame --root --incremental c7d2cf5213b7aba3318fe8414b933f049f2c4ded -- docs/hibernate-suspend.md [44ms]
2025-05-28 00:50:33.866 [info] fatal: no such path docs/hibernate-suspend.md in c7d2cf5213b7aba3318fe8414b933f049f2c4ded
2025-05-28 00:50:33.998 [info] > git for-each-ref --format=%(refname)%00%(upstream:short)%00%(objectname)%00%(upstream:track)%00%(upstream:remotename)%00%(upstream:remoteref) refs/heads/hyprland+arch refs/remotes/hyprland+arch [114ms]
2025-05-28 00:50:34.031 [info] > git for-each-ref --sort -committerdate --format %(refname)%00%(objectname)%00%(*objectname) [2ms]
2025-05-28 00:50:34.039 [info] > git status -z -uall [26ms]
2025-05-28 00:52:22.119 [info] > git check-ignore -v -z --stdin [2ms]
2025-05-28 00:52:26.532 [info] > git check-ignore -v -z --stdin [2ms]
2025-05-28 00:52:27.654 [info] > git check-ignore -v -z --stdin [2ms]
2025-05-28 00:52:28.800 [info] > git check-ignore -v -z --stdin [3ms]
2025-05-28 00:52:33.103 [info] > git check-ignore -v -z --stdin [2ms]
2025-05-28 00:52:35.456 [info] > git check-ignore -v -z --stdin [3ms]
2025-05-28 00:52:36.970 [info] > git check-ignore -v -z --stdin [3ms]
2025-05-28 00:52:37.641 [info] > git check-ignore -v -z --stdin [2ms]
