2025-05-27 23:58:27.656 [info] [main] Log level: Info
2025-05-27 23:58:27.656 [info] [main] Validating found git in: "git"
2025-05-27 23:58:27.656 [info] [main] Using git "2.49.0" from "git"
2025-05-27 23:58:27.656 [info] [Model][doInitialScan] Initial repository scan started
2025-05-27 23:58:27.656 [info] [Model][doInitialScan] Initial repository scan completed - repositories (0), closed repositories (0), parent repositories (0), unsafe repositories (0)
2025-05-27 23:58:33.584 [info] [main] Log level: Info
2025-05-27 23:58:33.584 [info] [main] Validating found git in: "git"
2025-05-27 23:58:33.584 [info] [main] Using git "2.49.0" from "git"
2025-05-27 23:58:33.584 [info] [Model][doInitialScan] Initial repository scan started
2025-05-27 23:58:33.584 [info] > git rev-parse --show-toplevel [11ms]
2025-05-27 23:58:34.710 [info] > git rev-parse --git-dir --git-common-dir [1117ms]
2025-05-27 23:58:34.722 [info] [Model][openRepository] Opened repository (path): /home/madwayl/.dotfiles
2025-05-27 23:58:34.722 [info] [Model][openRepository] Opened repository (real path): /home/madwayl/.dotfiles
2025-05-27 23:58:35.101 [info] > git rev-parse --show-toplevel [140ms]
2025-05-27 23:58:35.102 [info] > git config --get commit.template [153ms]
2025-05-27 23:58:35.360 [info] > git rev-parse --show-toplevel [204ms]
2025-05-27 23:58:35.391 [info] > git for-each-ref --format=%(refname)%00%(upstream:short)%00%(objectname)%00%(upstream:track)%00%(upstream:remotename)%00%(upstream:remoteref) refs/heads/hyprland+arch refs/remotes/hyprland+arch [190ms]
2025-05-27 23:58:35.431 [info] > git for-each-ref --sort -committerdate --format %(refname)%00%(objectname)%00%(*objectname) [8ms]
2025-05-27 23:58:35.464 [info] > git status -z -uall [57ms]
2025-05-27 23:58:36.739 [info] > git check-ignore -v -z --stdin [1005ms]
2025-05-27 23:58:36.741 [info] > git for-each-ref --format=%(refname)%00%(upstream:short)%00%(objectname)%00%(upstream:track)%00%(upstream:remotename)%00%(upstream:remoteref) refs/heads/hyprland+arch refs/remotes/hyprland+arch [1021ms]
2025-05-27 23:58:36.776 [info] > git config --get --local branch.hyprland+arch.vscode-merge-base [21ms]
2025-05-27 23:58:36.792 [info] > git config --get commit.template [54ms]
2025-05-27 23:58:36.805 [info] > git for-each-ref --format=%(refname)%00%(upstream:short)%00%(objectname)%00%(upstream:track)%00%(upstream:remotename)%00%(upstream:remoteref) refs/heads/origin/default refs/remotes/origin/default [13ms]
2025-05-27 23:58:36.952 [info] > git for-each-ref --format=%(refname)%00%(upstream:short)%00%(objectname)%00%(upstream:track)%00%(upstream:remotename)%00%(upstream:remoteref) refs/heads/hyprland+arch refs/remotes/hyprland+arch [130ms]
2025-05-27 23:58:37.008 [info] > git for-each-ref --sort -committerdate --format %(refname)%00%(objectname)%00%(*objectname) [25ms]
2025-05-27 23:58:37.011 [info] > git rev-parse --show-toplevel [5ms]
2025-05-27 23:58:37.046 [info] > git status -z -uall [82ms]
2025-05-27 23:58:37.046 [info] > git rev-parse --show-toplevel [4ms]
2025-05-27 23:58:37.882 [info] > git rev-parse --show-toplevel [46ms]
2025-05-27 23:58:37.909 [info] > git rev-parse --show-toplevel [4ms]
2025-05-27 23:58:37.940 [info] > git rev-parse --show-toplevel [16ms]
2025-05-27 23:58:37.981 [info] > git rev-parse --show-toplevel [15ms]
2025-05-27 23:58:37.999 [info] > git rev-parse --show-toplevel [3ms]
2025-05-27 23:58:38.025 [info] > git rev-parse --show-toplevel [3ms]
2025-05-27 23:58:38.041 [info] > git rev-parse --show-toplevel [2ms]
2025-05-27 23:58:38.057 [info] > git rev-parse --show-toplevel [1ms]
2025-05-27 23:58:38.071 [info] > git rev-parse --show-toplevel [0ms]
2025-05-27 23:58:38.085 [info] > git rev-parse --show-toplevel [1ms]
2025-05-27 23:58:38.100 [info] > git rev-parse --show-toplevel [1ms]
2025-05-27 23:58:38.115 [info] > git rev-parse --show-toplevel [1ms]
2025-05-27 23:58:38.130 [info] > git rev-parse --show-toplevel [2ms]
2025-05-27 23:58:38.148 [info] > git rev-parse --show-toplevel [3ms]
2025-05-27 23:58:38.164 [info] > git rev-parse --show-toplevel [1ms]
2025-05-27 23:58:38.178 [info] > git rev-parse --show-toplevel [2ms]
2025-05-27 23:58:38.196 [info] > git rev-parse --show-toplevel [2ms]
2025-05-27 23:58:38.210 [info] > git rev-parse --show-toplevel [1ms]
2025-05-27 23:58:38.213 [info] [Model][doInitialScan] Initial repository scan completed - repositories (1), closed repositories (0), parent repositories (0), unsafe repositories (0)
2025-05-27 23:58:38.298 [info] > git show --textconv :waybar/.config/waybar/default-modules.jsonc [70ms]
2025-05-27 23:58:38.298 [info] > git show --textconv :waybar/.config/waybar/config.jsonc [41ms]
2025-05-27 23:58:38.298 [info] > git ls-files --stage -- waybar/.config/waybar/config.jsonc [25ms]
2025-05-27 23:58:38.313 [info] > git ls-files --stage -- waybar/.config/waybar/default-modules.jsonc [69ms]
2025-05-27 23:58:38.351 [info] > git hash-object -t tree /dev/null [11ms]
2025-05-27 23:58:38.351 [warning] [GitFileSystemProvider][readFile] File not found - git:/home/madwayl/.dotfiles/waybar/.config/waybar/default-modules.jsonc.git?%7B%22path%22%3A%22%2Fhome%2Fmadwayl%2F.dotfiles%2Fwaybar%2F.config%2Fwaybar%2Fdefault-modules.jsonc%22%2C%22ref%22%3A%22%22%7D
2025-05-27 23:58:38.356 [info] > git hash-object -t tree /dev/null [29ms]
2025-05-27 23:58:38.356 [warning] [GitFileSystemProvider][stat] File not found - git:/home/madwayl/.dotfiles/waybar/.config/waybar/default-modules.jsonc.git?%7B%22path%22%3A%22%2Fhome%2Fmadwayl%2F.dotfiles%2Fwaybar%2F.config%2Fwaybar%2Fdefault-modules.jsonc%22%2C%22ref%22%3A%22%22%7D
2025-05-27 23:58:38.356 [info] > git cat-file -s 18bf4536fdb61696b3e93a4a02500c96455fc665 [44ms]
2025-05-27 23:58:38.357 [info] > git config --get commit.template [60ms]
2025-05-27 23:58:38.400 [info] > git for-each-ref --format=%(refname)%00%(upstream:short)%00%(objectname)%00%(upstream:track)%00%(upstream:remotename)%00%(upstream:remoteref) refs/heads/hyprland+arch refs/remotes/hyprland+arch [14ms]
2025-05-27 23:58:38.550 [info] > git for-each-ref --sort -committerdate --format %(refname)%00%(objectname)%00%(*objectname) [102ms]
2025-05-27 23:58:38.586 [info] > git status -z -uall [164ms]
2025-05-27 23:58:39.622 [info] > git blame --root --incremental c7d2cf5213b7aba3318fe8414b933f049f2c4ded -- waybar/.config/waybar/config.jsonc [87ms]
2025-05-27 23:58:41.858 [info] > git show --textconv :waybar/.config/waybar/style.css [20ms]
2025-05-27 23:58:41.861 [info] > git ls-files --stage -- waybar/.config/waybar/style.css [4ms]
2025-05-27 23:58:41.884 [info] > git cat-file -s 5c22ca190eba17669fdd78fadf453061bac4d682 [1ms]
2025-05-27 23:58:41.931 [info] > git blame --root --incremental c7d2cf5213b7aba3318fe8414b933f049f2c4ded -- waybar/.config/waybar/style.css [3ms]
2025-05-27 23:58:42.519 [info] > git rev-parse --show-toplevel [2ms]
2025-05-27 23:58:42.519 [info] fatal: not a git repository (or any parent up to mount point /)
Stopping at filesystem boundary (GIT_DISCOVERY_ACROSS_FILESYSTEM not set).
2025-05-27 23:58:43.632 [info] > git rev-parse --show-toplevel [0ms]
2025-05-27 23:58:43.632 [info] fatal: not a git repository (or any parent up to mount point /)
Stopping at filesystem boundary (GIT_DISCOVERY_ACROSS_FILESYSTEM not set).
2025-05-27 23:58:43.670 [info] > git config --get commit.template [19ms]
2025-05-27 23:58:43.672 [info] > git for-each-ref --format=%(refname)%00%(upstream:short)%00%(objectname)%00%(upstream:track)%00%(upstream:remotename)%00%(upstream:remoteref) refs/heads/hyprland+arch refs/remotes/hyprland+arch [3ms]
2025-05-27 23:58:43.705 [info] > git for-each-ref --sort -committerdate --format %(refname)%00%(objectname)%00%(*objectname) [1ms]
2025-05-27 23:58:43.710 [info] > git status -z -uall [24ms]
