2025-05-28 01:03:13.425 [info] [main] Log level: Info
2025-05-28 01:03:13.425 [info] [main] Validating found git in: "git"
2025-05-28 01:03:13.425 [info] [main] Using git "2.49.0" from "git"
2025-05-28 01:03:13.425 [info] [Model][doInitialScan] Initial repository scan started
2025-05-28 01:03:13.425 [info] > git rev-parse --show-toplevel [60ms]
2025-05-28 01:03:13.425 [info] > git rev-parse --git-dir --git-common-dir [12ms]
2025-05-28 01:03:13.425 [info] [Model][openRepository] Opened repository (path): /home/madwayl/.dotfiles
2025-05-28 01:03:13.425 [info] [Model][openRepository] Opened repository (real path): /home/madwayl/.dotfiles
2025-05-28 01:03:13.448 [info] > git config --get commit.template [26ms]
2025-05-28 01:03:13.479 [info] > git for-each-ref --format=%(refname)%00%(upstream:short)%00%(objectname)%00%(upstream:track)%00%(upstream:remotename)%00%(upstream:remoteref) refs/heads/hyprland+arch refs/remotes/hyprland+arch [3ms]
2025-05-28 01:03:13.682 [info] > git for-each-ref --sort -committerdate --format %(refname)%00%(objectname)%00%(*objectname) [180ms]
2025-05-28 01:03:13.758 [info] > git status -z -uall [267ms]
2025-05-28 01:03:14.347 [info] > git for-each-ref --format=%(refname)%00%(upstream:short)%00%(objectname)%00%(upstream:track)%00%(upstream:remotename)%00%(upstream:remoteref) refs/heads/hyprland+arch refs/remotes/hyprland+arch [407ms]
2025-05-28 01:03:14.383 [info] > git config --get --local branch.hyprland+arch.vscode-merge-base [24ms]
2025-05-28 01:03:14.396 [info] > git config --get commit.template [50ms]
2025-05-28 01:03:14.397 [info] > git check-ignore -v -z --stdin [28ms]
2025-05-28 01:03:14.397 [info] > git for-each-ref --format=%(refname)%00%(upstream:short)%00%(objectname)%00%(upstream:track)%00%(upstream:remotename)%00%(upstream:remoteref) refs/heads/origin/default refs/remotes/origin/default [2ms]
2025-05-28 01:03:14.411 [info] > git for-each-ref --format=%(refname)%00%(upstream:short)%00%(objectname)%00%(upstream:track)%00%(upstream:remotename)%00%(upstream:remoteref) refs/heads/hyprland+arch refs/remotes/hyprland+arch [2ms]
2025-05-28 01:03:14.446 [info] > git rev-parse --show-toplevel [4ms]
2025-05-28 01:03:14.447 [info] > git for-each-ref --sort -committerdate --format %(refname)%00%(objectname)%00%(*objectname) [15ms]
2025-05-28 01:03:14.514 [info] > git rev-parse --show-toplevel [57ms]
2025-05-28 01:03:14.529 [info] > git status -z -uall [108ms]
2025-05-28 01:03:14.529 [info] > git rev-parse --show-toplevel [4ms]
2025-05-28 01:03:15.063 [info] > git rev-parse --show-toplevel [5ms]
2025-05-28 01:03:15.079 [info] > git rev-parse --show-toplevel [4ms]
2025-05-28 01:03:15.096 [info] > git rev-parse --show-toplevel [4ms]
2025-05-28 01:03:15.111 [info] > git rev-parse --show-toplevel [1ms]
2025-05-28 01:03:15.124 [info] > git rev-parse --show-toplevel [2ms]
2025-05-28 01:03:15.133 [info] > git rev-parse --show-toplevel [1ms]
2025-05-28 01:03:15.141 [info] > git rev-parse --show-toplevel [1ms]
2025-05-28 01:03:15.152 [info] > git rev-parse --show-toplevel [1ms]
2025-05-28 01:03:15.163 [info] > git rev-parse --show-toplevel [1ms]
2025-05-28 01:03:15.172 [info] > git rev-parse --show-toplevel [0ms]
2025-05-28 01:03:15.181 [info] > git rev-parse --show-toplevel [1ms]
2025-05-28 01:03:15.190 [info] > git rev-parse --show-toplevel [1ms]
2025-05-28 01:03:15.200 [info] > git rev-parse --show-toplevel [1ms]
2025-05-28 01:03:15.212 [info] > git rev-parse --show-toplevel [1ms]
2025-05-28 01:03:15.223 [info] > git rev-parse --show-toplevel [1ms]
2025-05-28 01:03:15.238 [info] > git rev-parse --show-toplevel [2ms]
2025-05-28 01:03:15.240 [info] [Model][doInitialScan] Initial repository scan completed - repositories (1), closed repositories (0), parent repositories (0), unsafe repositories (0)
2025-05-28 01:03:15.270 [info] > git config --get commit.template [10ms]
2025-05-28 01:03:15.270 [info] > git for-each-ref --format=%(refname)%00%(upstream:short)%00%(objectname)%00%(upstream:track)%00%(upstream:remotename)%00%(upstream:remoteref) refs/heads/hyprland+arch refs/remotes/hyprland+arch [1ms]
2025-05-28 01:03:15.287 [info] > git for-each-ref --sort -committerdate --format %(refname)%00%(objectname)%00%(*objectname) [1ms]
2025-05-28 01:03:15.297 [info] > git status -z -uall [20ms]
2025-05-28 01:04:05.402 [info] [main] Log level: Info
2025-05-28 01:04:05.402 [info] [main] Validating found git in: "git"
2025-05-28 01:04:05.402 [info] [main] Using git "2.49.0" from "git"
2025-05-28 01:04:05.402 [info] [Model][doInitialScan] Initial repository scan started
2025-05-28 01:04:05.402 [info] > git rev-parse --show-toplevel [78ms]
2025-05-28 01:04:05.520 [info] > git rev-parse --git-dir --git-common-dir [109ms]
2025-05-28 01:04:05.528 [info] [Model][openRepository] Opened repository (path): /home/madwayl/.dotfiles
2025-05-28 01:04:05.528 [info] [Model][openRepository] Opened repository (real path): /home/madwayl/.dotfiles
2025-05-28 01:04:05.548 [info] > git config --get commit.template [3ms]
2025-05-28 01:04:05.584 [info] > git for-each-ref --format=%(refname)%00%(upstream:short)%00%(objectname)%00%(upstream:track)%00%(upstream:remotename)%00%(upstream:remoteref) refs/heads/hyprland+arch refs/remotes/hyprland+arch [9ms]
2025-05-28 01:04:05.616 [info] > git for-each-ref --sort -committerdate --format %(refname)%00%(objectname)%00%(*objectname) [12ms]
2025-05-28 01:04:05.802 [info] > git status -z -uall [208ms]
2025-05-28 01:04:06.348 [info] > git for-each-ref --format=%(refname)%00%(upstream:short)%00%(objectname)%00%(upstream:track)%00%(upstream:remotename)%00%(upstream:remoteref) refs/heads/hyprland+arch refs/remotes/hyprland+arch [388ms]
2025-05-28 01:04:06.365 [info] > git config --get --local branch.hyprland+arch.vscode-merge-base [5ms]
2025-05-28 01:04:06.379 [info] > git config --get commit.template [32ms]
2025-05-28 01:04:06.380 [info] > git for-each-ref --format=%(refname)%00%(upstream:short)%00%(objectname)%00%(upstream:track)%00%(upstream:remotename)%00%(upstream:remoteref) refs/heads/origin/default refs/remotes/origin/default [2ms]
2025-05-28 01:04:06.396 [info] > git for-each-ref --format=%(refname)%00%(upstream:short)%00%(objectname)%00%(upstream:track)%00%(upstream:remotename)%00%(upstream:remoteref) refs/heads/hyprland+arch refs/remotes/hyprland+arch [1ms]
2025-05-28 01:04:06.425 [info] > git for-each-ref --sort -committerdate --format %(refname)%00%(objectname)%00%(*objectname) [5ms]
2025-05-28 01:04:06.437 [info] > git rev-parse --show-toplevel [2ms]
2025-05-28 01:04:06.447 [info] > git status -z -uall [36ms]
2025-05-28 01:04:06.447 [info] > git rev-parse --show-toplevel [1ms]
2025-05-28 01:04:06.940 [info] > git rev-parse --show-toplevel [485ms]
2025-05-28 01:04:07.010 [info] > git rev-parse --show-toplevel [1ms]
2025-05-28 01:04:07.020 [info] > git rev-parse --show-toplevel [1ms]
2025-05-28 01:04:07.036 [info] > git rev-parse --show-toplevel [1ms]
2025-05-28 01:04:07.046 [info] > git rev-parse --show-toplevel [1ms]
2025-05-28 01:04:07.058 [info] > git rev-parse --show-toplevel [0ms]
2025-05-28 01:04:07.069 [info] > git rev-parse --show-toplevel [0ms]
2025-05-28 01:04:07.080 [info] > git rev-parse --show-toplevel [0ms]
2025-05-28 01:04:07.090 [info] > git rev-parse --show-toplevel [1ms]
2025-05-28 01:04:07.103 [info] > git rev-parse --show-toplevel [1ms]
2025-05-28 01:04:07.112 [info] > git rev-parse --show-toplevel [1ms]
2025-05-28 01:04:07.122 [info] > git rev-parse --show-toplevel [0ms]
2025-05-28 01:04:07.131 [info] > git rev-parse --show-toplevel [0ms]
2025-05-28 01:04:07.140 [info] > git rev-parse --show-toplevel [1ms]
2025-05-28 01:04:07.151 [info] > git rev-parse --show-toplevel [1ms]
2025-05-28 01:04:07.159 [info] > git rev-parse --show-toplevel [0ms]
2025-05-28 01:04:07.168 [info] > git rev-parse --show-toplevel [0ms]
2025-05-28 01:04:07.170 [info] [Model][doInitialScan] Initial repository scan completed - repositories (1), closed repositories (0), parent repositories (0), unsafe repositories (0)
2025-05-28 01:04:07.190 [info] > git config --get commit.template [1ms]
2025-05-28 01:04:07.202 [info] > git for-each-ref --format=%(refname)%00%(upstream:short)%00%(objectname)%00%(upstream:track)%00%(upstream:remotename)%00%(upstream:remoteref) refs/heads/hyprland+arch refs/remotes/hyprland+arch [1ms]
2025-05-28 01:04:07.223 [info] > git for-each-ref --sort -committerdate --format %(refname)%00%(objectname)%00%(*objectname) [2ms]
2025-05-28 01:04:07.224 [info] > git status -z -uall [15ms]
