2025-05-28 00:50:28.331 [info] Reading sessions from keychain...
2025-05-28 00:50:28.331 [info] Getting sessions for all scopes...
2025-05-28 00:50:28.331 [info] Getting sessions for all scopes...
2025-05-28 00:50:28.331 [info] Getting sessions for all scopes...
2025-05-28 00:50:28.331 [info] Getting sessions for all scopes...
2025-05-28 00:50:28.331 [info] Getting sessions for all scopes...
2025-05-28 00:50:28.331 [info] Getting sessions for all scopes...
2025-05-28 00:50:28.331 [info] Getting sessions for all scopes...
2025-05-28 00:50:28.331 [info] Getting sessions for all scopes...
2025-05-28 00:50:28.490 [info] Got stored sessions!
2025-05-28 00:50:28.490 [info] Got 2 verified sessions.
2025-05-28 00:50:28.490 [info] Got 2 sessions for ...
2025-05-28 00:50:28.490 [info] Got 2 sessions for ...
2025-05-28 00:50:28.490 [info] Got 2 sessions for ...
2025-05-28 00:50:28.490 [info] Got 2 sessions for ...
2025-05-28 00:50:28.490 [info] Got 2 sessions for ...
2025-05-28 00:50:28.490 [info] Got 2 sessions for ...
2025-05-28 00:50:28.490 [info] Got 2 sessions for ...
2025-05-28 00:50:28.490 [info] Got 2 sessions for ...
2025-05-28 00:50:28.523 [info] Getting sessions for all scopes...
2025-05-28 00:50:28.523 [info] Got 2 sessions for ...
2025-05-28 00:50:28.524 [info] Getting sessions for all scopes...
2025-05-28 00:50:28.524 [info] Got 2 sessions for ...
2025-05-28 00:50:28.541 [info] Getting sessions for all scopes...
2025-05-28 00:50:28.541 [info] Got 2 sessions for ...
2025-05-28 00:50:28.542 [info] Getting sessions for all scopes...
2025-05-28 00:50:28.542 [info] Got 2 sessions for ...
2025-05-28 00:50:28.543 [info] Getting sessions for all scopes...
2025-05-28 00:50:28.543 [info] Got 2 sessions for ...
2025-05-28 00:50:28.543 [info] Getting sessions for all scopes...
2025-05-28 00:50:28.543 [info] Got 2 sessions for ...
2025-05-28 00:50:28.543 [info] Getting sessions for all scopes...
2025-05-28 00:50:28.543 [info] Got 2 sessions for ...
2025-05-28 00:50:28.891 [info] Getting sessions for all scopes...
2025-05-28 00:50:28.891 [info] Got 2 sessions for ...
2025-05-28 00:50:29.904 [info] Getting sessions for all scopes...
2025-05-28 00:50:29.904 [info] Got 2 sessions for ...
2025-05-28 00:50:29.912 [info] Getting sessions for user:email...
2025-05-28 00:50:29.913 [info] Got 1 sessions for user:email...
2025-05-28 00:50:29.919 [info] Getting sessions for all scopes...
2025-05-28 00:50:29.919 [info] Got 2 sessions for ...
2025-05-28 00:50:29.920 [info] Getting sessions for all scopes...
2025-05-28 00:50:29.920 [info] Got 2 sessions for ...
2025-05-28 00:50:29.929 [info] Getting sessions for all scopes...
2025-05-28 00:50:29.929 [info] Got 2 sessions for ...
2025-05-28 00:50:29.929 [info] Getting sessions for all scopes...
2025-05-28 00:50:29.929 [info] Got 2 sessions for ...
2025-05-28 00:50:30.202 [info] Getting sessions for all scopes...
2025-05-28 00:50:30.202 [info] Got 2 sessions for ...
2025-05-28 00:50:30.202 [info] Getting sessions for all scopes...
2025-05-28 00:50:30.202 [info] Got 2 sessions for ...
2025-05-28 00:50:30.894 [info] Getting sessions for all scopes...
2025-05-28 00:50:30.894 [info] Got 2 sessions for ...
2025-05-28 00:50:31.074 [info] Getting sessions for all scopes...
2025-05-28 00:50:31.074 [info] Got 2 sessions for ...
2025-05-28 00:50:31.074 [info] Getting sessions for read:user,repo,user:email,workflow...
2025-05-28 00:50:31.074 [info] Got 1 sessions for read:user,repo,user:email,workflow...
2025-05-28 00:50:31.113 [info] Getting sessions for read:user,repo,user:email,workflow...
2025-05-28 00:50:31.113 [info] Got 1 sessions for read:user,repo,user:email,workflow...
2025-05-28 00:50:31.185 [info] Getting sessions for read:user,repo,user:email,workflow...
2025-05-28 00:50:31.185 [info] Got 1 sessions for read:user,repo,user:email,workflow...
2025-05-28 00:50:32.302 [info] Getting sessions for all scopes...
2025-05-28 00:50:32.302 [info] Got 2 sessions for ...
2025-05-28 00:50:32.302 [info] Getting sessions for all scopes...
2025-05-28 00:50:32.302 [info] Got 2 sessions for ...
2025-05-28 00:50:32.489 [info] Getting sessions for read:user,repo,user:email,workflow...
2025-05-28 00:50:32.489 [info] Got 1 sessions for read:user,repo,user:email,workflow...
2025-05-28 00:50:32.490 [info] Getting sessions for user:email...
2025-05-28 00:50:32.490 [info] Got 1 sessions for user:email...
2025-05-28 00:50:32.556 [info] Getting sessions for user:email...
2025-05-28 00:50:32.556 [info] Got 1 sessions for user:email...
2025-05-28 00:50:32.893 [info] Getting sessions for read:user,repo,user:email,workflow...
2025-05-28 00:50:32.893 [info] Got 1 sessions for read:user,repo,user:email,workflow...
2025-05-28 00:50:33.959 [info] Getting sessions for all scopes...
2025-05-28 00:50:33.959 [info] Got 2 sessions for ...
2025-05-28 00:50:34.031 [info] Getting sessions for read:user,repo,user:email,workflow...
2025-05-28 00:50:34.031 [info] Got 1 sessions for read:user,repo,user:email,workflow...
2025-05-28 00:50:35.417 [info] Getting sessions for all scopes...
2025-05-28 00:50:35.417 [info] Got 2 sessions for ...
2025-05-28 00:50:35.417 [info] Getting sessions for all scopes...
2025-05-28 00:50:35.417 [info] Got 2 sessions for ...
2025-05-28 00:50:35.418 [info] Getting sessions for read:user,repo,user:email,workflow...
2025-05-28 00:50:35.418 [info] Got 1 sessions for read:user,repo,user:email,workflow...
2025-05-28 00:50:35.428 [info] Getting sessions for all scopes...
2025-05-28 00:50:35.428 [info] Got 2 sessions for ...
2025-05-28 00:50:35.428 [info] Getting sessions for read:user,repo,user:email,workflow...
2025-05-28 00:50:35.428 [info] Got 1 sessions for read:user,repo,user:email,workflow...
2025-05-28 00:50:35.483 [info] Getting sessions for all scopes...
2025-05-28 00:50:35.483 [info] Got 2 sessions for ...
2025-05-28 00:50:35.484 [info] Getting sessions for read:user,repo,user:email,workflow...
2025-05-28 00:50:35.485 [info] Got 1 sessions for read:user,repo,user:email,workflow...
2025-05-28 00:50:35.488 [info] Getting sessions for all scopes...
2025-05-28 00:50:35.488 [info] Got 2 sessions for ...
2025-05-28 00:50:35.489 [info] Getting sessions for all scopes...
2025-05-28 00:50:35.489 [info] Got 2 sessions for ...
2025-05-28 00:50:37.458 [info] Getting sessions for all scopes...
2025-05-28 00:50:37.458 [info] Got 2 sessions for ...
2025-05-28 00:50:37.459 [info] Getting sessions for read:user,repo,user:email,workflow...
2025-05-28 00:50:37.459 [info] Got 1 sessions for read:user,repo,user:email,workflow...
