2025-05-28 01:02:00.381 [info] Reading sessions from keychain...
2025-05-28 01:02:00.381 [info] Getting sessions for all scopes...
2025-05-28 01:02:00.381 [info] Getting sessions for all scopes...
2025-05-28 01:02:00.381 [info] Getting sessions for all scopes...
2025-05-28 01:02:00.381 [info] Getting sessions for all scopes...
2025-05-28 01:02:00.381 [info] Getting sessions for all scopes...
2025-05-28 01:02:00.381 [info] Getting sessions for all scopes...
2025-05-28 01:02:00.381 [info] Getting sessions for all scopes...
2025-05-28 01:02:00.381 [info] Getting sessions for all scopes...
2025-05-28 01:02:00.570 [info] Got stored sessions!
2025-05-28 01:02:00.570 [info] Got 2 verified sessions.
2025-05-28 01:02:00.570 [info] Got 2 sessions for ...
2025-05-28 01:02:00.570 [info] Got 2 sessions for ...
2025-05-28 01:02:00.570 [info] Got 2 sessions for ...
2025-05-28 01:02:00.570 [info] Got 2 sessions for ...
2025-05-28 01:02:00.570 [info] Got 2 sessions for ...
2025-05-28 01:02:00.570 [info] Got 2 sessions for ...
2025-05-28 01:02:00.570 [info] Got 2 sessions for ...
2025-05-28 01:02:00.570 [info] Got 2 sessions for ...
2025-05-28 01:02:00.571 [info] Getting sessions for all scopes...
2025-05-28 01:02:00.571 [info] Got 2 sessions for ...
2025-05-28 01:02:00.573 [info] Getting sessions for user:email...
2025-05-28 01:02:00.573 [info] Got 1 sessions for user:email...
2025-05-28 01:02:00.641 [info] Getting sessions for all scopes...
2025-05-28 01:02:00.641 [info] Got 2 sessions for ...
2025-05-28 01:02:00.641 [info] Getting sessions for all scopes...
2025-05-28 01:02:00.641 [info] Got 2 sessions for ...
2025-05-28 01:02:00.641 [info] Getting sessions for all scopes...
2025-05-28 01:02:00.641 [info] Got 2 sessions for ...
2025-05-28 01:02:00.641 [info] Getting sessions for all scopes...
2025-05-28 01:02:00.641 [info] Got 2 sessions for ...
2025-05-28 01:02:00.641 [info] Getting sessions for all scopes...
2025-05-28 01:02:00.641 [info] Got 2 sessions for ...
2025-05-28 01:02:00.642 [info] Getting sessions for all scopes...
2025-05-28 01:02:00.642 [info] Got 2 sessions for ...
2025-05-28 01:02:00.643 [info] Getting sessions for all scopes...
2025-05-28 01:02:00.643 [info] Got 2 sessions for ...
2025-05-28 01:02:00.644 [info] Getting sessions for all scopes...
2025-05-28 01:02:00.644 [info] Got 2 sessions for ...
2025-05-28 01:02:01.293 [info] Getting sessions for all scopes...
2025-05-28 01:02:01.293 [info] Got 2 sessions for ...
2025-05-28 01:02:01.386 [info] Getting sessions for all scopes...
2025-05-28 01:02:01.386 [info] Got 2 sessions for ...
2025-05-28 01:02:01.386 [info] Getting sessions for all scopes...
2025-05-28 01:02:01.386 [info] Got 2 sessions for ...
2025-05-28 01:02:01.387 [info] Getting sessions for all scopes...
2025-05-28 01:02:01.387 [info] Got 2 sessions for ...
2025-05-28 01:02:01.475 [info] Getting sessions for all scopes...
2025-05-28 01:02:01.475 [info] Got 2 sessions for ...
2025-05-28 01:02:01.488 [info] Getting sessions for read:user,repo,user:email,workflow...
2025-05-28 01:02:01.489 [info] Got 1 sessions for read:user,repo,user:email,workflow...
2025-05-28 01:02:01.606 [info] Getting sessions for read:user,repo,user:email,workflow...
2025-05-28 01:02:01.606 [info] Got 1 sessions for read:user,repo,user:email,workflow...
2025-05-28 01:02:01.808 [info] Getting sessions for all scopes...
2025-05-28 01:02:01.808 [info] Got 2 sessions for ...
2025-05-28 01:02:01.875 [info] Getting sessions for all scopes...
2025-05-28 01:02:01.875 [info] Got 2 sessions for ...
2025-05-28 01:02:01.878 [info] Getting sessions for read:user,repo,user:email,workflow...
2025-05-28 01:02:01.878 [info] Got 1 sessions for read:user,repo,user:email,workflow...
2025-05-28 01:02:02.355 [info] Getting sessions for all scopes...
2025-05-28 01:02:02.355 [info] Got 2 sessions for ...
2025-05-28 01:02:02.356 [info] Getting sessions for all scopes...
2025-05-28 01:02:02.356 [info] Got 2 sessions for ...
2025-05-28 01:02:02.497 [info] Getting sessions for all scopes...
2025-05-28 01:02:02.497 [info] Got 2 sessions for ...
2025-05-28 01:02:03.243 [info] Getting sessions for all scopes...
2025-05-28 01:02:03.243 [info] Got 2 sessions for ...
2025-05-28 01:02:03.243 [info] Getting sessions for all scopes...
2025-05-28 01:02:03.243 [info] Got 2 sessions for ...
2025-05-28 01:02:03.249 [info] Getting sessions for read:user,repo,user:email,workflow...
2025-05-28 01:02:03.249 [info] Got 1 sessions for read:user,repo,user:email,workflow...
2025-05-28 01:02:03.251 [info] Getting sessions for all scopes...
2025-05-28 01:02:03.251 [info] Got 2 sessions for ...
2025-05-28 01:02:03.252 [info] Getting sessions for read:user,repo,user:email,workflow...
2025-05-28 01:02:03.252 [info] Got 1 sessions for read:user,repo,user:email,workflow...
2025-05-28 01:02:03.286 [info] Getting sessions for all scopes...
2025-05-28 01:02:03.286 [info] Got 2 sessions for ...
2025-05-28 01:02:03.287 [info] Getting sessions for read:user,repo,user:email,workflow...
2025-05-28 01:02:03.287 [info] Got 1 sessions for read:user,repo,user:email,workflow...
2025-05-28 01:02:03.290 [info] Getting sessions for all scopes...
2025-05-28 01:02:03.290 [info] Got 2 sessions for ...
2025-05-28 01:02:03.291 [info] Getting sessions for all scopes...
2025-05-28 01:02:03.291 [info] Got 2 sessions for ...
2025-05-28 01:02:04.810 [info] Getting sessions for all scopes...
2025-05-28 01:02:04.810 [info] Got 2 sessions for ...
2025-05-28 01:02:04.810 [info] Getting sessions for read:user,repo,user:email,workflow...
2025-05-28 01:02:04.810 [info] Got 1 sessions for read:user,repo,user:email,workflow...
2025-05-28 01:02:50.050 [info] Reading sessions from keychain...
2025-05-28 01:02:50.050 [info] Getting sessions for all scopes...
2025-05-28 01:02:50.050 [info] Getting sessions for all scopes...
2025-05-28 01:02:50.050 [info] Getting sessions for user:email...
2025-05-28 01:02:50.050 [info] Getting sessions for all scopes...
2025-05-28 01:02:50.050 [info] Got stored sessions!
2025-05-28 01:02:50.050 [info] Got 2 verified sessions.
2025-05-28 01:02:50.050 [info] Got 2 sessions for ...
2025-05-28 01:02:50.050 [info] Got 2 sessions for ...
2025-05-28 01:02:50.050 [info] Got 1 sessions for user:email...
2025-05-28 01:02:50.050 [info] Got 2 sessions for ...
2025-05-28 01:02:50.050 [info] Getting sessions for all scopes...
2025-05-28 01:02:50.050 [info] Got 2 sessions for ...
2025-05-28 01:02:50.913 [info] Getting sessions for all scopes...
2025-05-28 01:02:50.913 [info] Got 2 sessions for ...
2025-05-28 01:02:50.913 [info] Getting sessions for all scopes...
2025-05-28 01:02:50.913 [info] Got 2 sessions for ...
2025-05-28 01:02:51.087 [info] Getting sessions for read:user,repo,user:email,workflow...
2025-05-28 01:02:51.087 [info] Got 1 sessions for read:user,repo,user:email,workflow...
2025-05-28 01:02:51.087 [info] Getting sessions for read:user,repo,user:email,workflow...
2025-05-28 01:02:51.087 [info] Got 1 sessions for read:user,repo,user:email,workflow...
2025-05-28 01:02:51.363 [info] Getting sessions for all scopes...
2025-05-28 01:02:51.363 [info] Got 2 sessions for ...
2025-05-28 01:02:51.363 [info] Getting sessions for all scopes...
2025-05-28 01:02:51.363 [info] Got 2 sessions for ...
2025-05-28 01:02:51.364 [info] Getting sessions for read:user,repo,user:email,workflow...
2025-05-28 01:02:51.364 [info] Got 1 sessions for read:user,repo,user:email,workflow...
2025-05-28 01:02:52.798 [info] Getting sessions for all scopes...
2025-05-28 01:02:52.798 [info] Got 2 sessions for ...
2025-05-28 01:02:52.798 [info] Getting sessions for all scopes...
2025-05-28 01:02:52.798 [info] Got 2 sessions for ...
2025-05-28 01:02:52.804 [info] Getting sessions for read:user,repo,user:email,workflow...
2025-05-28 01:02:52.804 [info] Got 1 sessions for read:user,repo,user:email,workflow...
2025-05-28 01:02:52.805 [info] Getting sessions for all scopes...
2025-05-28 01:02:52.806 [info] Got 2 sessions for ...
2025-05-28 01:02:52.806 [info] Getting sessions for read:user,repo,user:email,workflow...
2025-05-28 01:02:52.806 [info] Got 1 sessions for read:user,repo,user:email,workflow...
2025-05-28 01:02:52.896 [info] Getting sessions for all scopes...
2025-05-28 01:02:52.896 [info] Got 2 sessions for ...
2025-05-28 01:02:52.898 [info] Getting sessions for read:user,repo,user:email,workflow...
2025-05-28 01:02:52.898 [info] Got 1 sessions for read:user,repo,user:email,workflow...
2025-05-28 01:02:53.519 [info] Getting sessions for all scopes...
2025-05-28 01:02:53.519 [info] Got 2 sessions for ...
2025-05-28 01:02:53.520 [info] Getting sessions for read:user,repo,user:email,workflow...
2025-05-28 01:02:53.520 [info] Got 1 sessions for read:user,repo,user:email,workflow...
2025-05-28 01:02:57.492 [info] Getting sessions for all scopes...
2025-05-28 01:02:57.492 [info] Got 2 sessions for ...
