2025-05-27 23:46:29.576 [info] [main] Log level: Info
2025-05-27 23:46:29.576 [info] [main] Validating found git in: "git"
2025-05-27 23:46:29.576 [info] [main] Using git "2.49.0" from "git"
2025-05-27 23:46:29.576 [info] [Model][doInitialScan] Initial repository scan started
2025-05-27 23:46:29.576 [info] > git rev-parse --show-toplevel [6ms]
2025-05-27 23:46:29.576 [info] fatal: not a git repository (or any parent up to mount point /)
Stopping at filesystem boundary (GIT_DISCOVERY_ACROSS_FILESYSTEM not set).
2025-05-27 23:46:29.576 [info] > git rev-parse --show-toplevel [117ms]
2025-05-27 23:46:29.576 [info] fatal: not a git repository (or any parent up to mount point /)
Stopping at filesystem boundary (GIT_DISCOVERY_ACROSS_FILESYSTEM not set).
2025-05-27 23:46:29.592 [info] > git rev-parse --show-toplevel [43ms]
2025-05-27 23:46:29.592 [info] fatal: not a git repository (or any parent up to mount point /)
Stopping at filesystem boundary (GIT_DISCOVERY_ACROSS_FILESYSTEM not set).
2025-05-27 23:46:30.147 [info] > git rev-parse --show-toplevel [61ms]
2025-05-27 23:46:30.147 [info] fatal: not a git repository (or any parent up to mount point /)
Stopping at filesystem boundary (GIT_DISCOVERY_ACROSS_FILESYSTEM not set).
2025-05-27 23:46:30.158 [info] > git rev-parse --show-toplevel [1ms]
2025-05-27 23:46:30.158 [info] fatal: not a git repository (or any parent up to mount point /)
Stopping at filesystem boundary (GIT_DISCOVERY_ACROSS_FILESYSTEM not set).
2025-05-27 23:46:30.171 [info] > git rev-parse --show-toplevel [1ms]
2025-05-27 23:46:30.171 [info] fatal: not a git repository (or any parent up to mount point /)
Stopping at filesystem boundary (GIT_DISCOVERY_ACROSS_FILESYSTEM not set).
2025-05-27 23:46:30.183 [info] > git rev-parse --show-toplevel [1ms]
2025-05-27 23:46:30.183 [info] fatal: not a git repository (or any parent up to mount point /)
Stopping at filesystem boundary (GIT_DISCOVERY_ACROSS_FILESYSTEM not set).
2025-05-27 23:46:30.193 [info] > git rev-parse --show-toplevel [1ms]
2025-05-27 23:46:30.193 [info] fatal: not a git repository (or any parent up to mount point /)
Stopping at filesystem boundary (GIT_DISCOVERY_ACROSS_FILESYSTEM not set).
2025-05-27 23:46:30.204 [info] > git rev-parse --show-toplevel [1ms]
2025-05-27 23:46:30.204 [info] fatal: not a git repository (or any parent up to mount point /)
Stopping at filesystem boundary (GIT_DISCOVERY_ACROSS_FILESYSTEM not set).
2025-05-27 23:46:30.216 [info] > git rev-parse --show-toplevel [0ms]
2025-05-27 23:46:30.216 [info] fatal: not a git repository (or any parent up to mount point /)
Stopping at filesystem boundary (GIT_DISCOVERY_ACROSS_FILESYSTEM not set).
2025-05-27 23:46:30.226 [info] > git rev-parse --show-toplevel [0ms]
2025-05-27 23:46:30.226 [info] fatal: not a git repository (or any parent up to mount point /)
Stopping at filesystem boundary (GIT_DISCOVERY_ACROSS_FILESYSTEM not set).
2025-05-27 23:46:30.234 [info] > git rev-parse --show-toplevel [0ms]
2025-05-27 23:46:30.234 [info] fatal: not a git repository (or any parent up to mount point /)
Stopping at filesystem boundary (GIT_DISCOVERY_ACROSS_FILESYSTEM not set).
2025-05-27 23:46:30.245 [info] > git rev-parse --show-toplevel [1ms]
2025-05-27 23:46:30.245 [info] fatal: not a git repository (or any parent up to mount point /)
Stopping at filesystem boundary (GIT_DISCOVERY_ACROSS_FILESYSTEM not set).
2025-05-27 23:46:30.254 [info] > git rev-parse --show-toplevel [1ms]
2025-05-27 23:46:30.254 [info] fatal: not a git repository (or any parent up to mount point /)
Stopping at filesystem boundary (GIT_DISCOVERY_ACROSS_FILESYSTEM not set).
2025-05-27 23:46:30.265 [info] > git rev-parse --show-toplevel [1ms]
2025-05-27 23:46:30.265 [info] fatal: not a git repository (or any parent up to mount point /)
Stopping at filesystem boundary (GIT_DISCOVERY_ACROSS_FILESYSTEM not set).
2025-05-27 23:46:30.273 [info] > git rev-parse --show-toplevel [0ms]
2025-05-27 23:46:30.274 [info] fatal: not a git repository (or any parent up to mount point /)
Stopping at filesystem boundary (GIT_DISCOVERY_ACROSS_FILESYSTEM not set).
2025-05-27 23:46:30.288 [info] > git rev-parse --show-toplevel [5ms]
2025-05-27 23:46:30.288 [info] fatal: not a git repository (or any parent up to mount point /)
Stopping at filesystem boundary (GIT_DISCOVERY_ACROSS_FILESYSTEM not set).
2025-05-27 23:46:30.299 [info] > git rev-parse --show-toplevel [1ms]
2025-05-27 23:46:30.299 [info] fatal: not a git repository (or any parent up to mount point /)
Stopping at filesystem boundary (GIT_DISCOVERY_ACROSS_FILESYSTEM not set).
2025-05-27 23:46:30.309 [info] > git rev-parse --show-toplevel [1ms]
2025-05-27 23:46:30.309 [info] fatal: not a git repository (or any parent up to mount point /)
Stopping at filesystem boundary (GIT_DISCOVERY_ACROSS_FILESYSTEM not set).
2025-05-27 23:46:30.317 [info] > git rev-parse --show-toplevel [0ms]
2025-05-27 23:46:30.317 [info] fatal: not a git repository (or any parent up to mount point /)
Stopping at filesystem boundary (GIT_DISCOVERY_ACROSS_FILESYSTEM not set).
2025-05-27 23:46:30.326 [info] > git rev-parse --show-toplevel [1ms]
2025-05-27 23:46:30.326 [info] fatal: not a git repository (or any parent up to mount point /)
Stopping at filesystem boundary (GIT_DISCOVERY_ACROSS_FILESYSTEM not set).
2025-05-27 23:46:30.333 [info] > git rev-parse --show-toplevel [0ms]
2025-05-27 23:46:30.334 [info] fatal: not a git repository (or any parent up to mount point /)
Stopping at filesystem boundary (GIT_DISCOVERY_ACROSS_FILESYSTEM not set).
2025-05-27 23:46:30.343 [info] > git rev-parse --show-toplevel [1ms]
2025-05-27 23:46:30.343 [info] fatal: not a git repository (or any parent up to mount point /)
Stopping at filesystem boundary (GIT_DISCOVERY_ACROSS_FILESYSTEM not set).
2025-05-27 23:46:30.351 [info] > git rev-parse --show-toplevel [1ms]
2025-05-27 23:46:30.351 [info] fatal: not a git repository (or any parent up to mount point /)
Stopping at filesystem boundary (GIT_DISCOVERY_ACROSS_FILESYSTEM not set).
2025-05-27 23:46:30.364 [info] > git rev-parse --show-toplevel [0ms]
2025-05-27 23:46:30.365 [info] fatal: not a git repository (or any parent up to mount point /)
Stopping at filesystem boundary (GIT_DISCOVERY_ACROSS_FILESYSTEM not set).
2025-05-27 23:46:30.376 [info] > git rev-parse --show-toplevel [1ms]
2025-05-27 23:46:30.376 [info] fatal: not a git repository (or any parent up to mount point /)
Stopping at filesystem boundary (GIT_DISCOVERY_ACROSS_FILESYSTEM not set).
2025-05-27 23:46:30.388 [info] > git rev-parse --show-toplevel [1ms]
2025-05-27 23:46:30.388 [info] fatal: not a git repository (or any parent up to mount point /)
Stopping at filesystem boundary (GIT_DISCOVERY_ACROSS_FILESYSTEM not set).
2025-05-27 23:46:30.402 [info] > git rev-parse --show-toplevel [1ms]
2025-05-27 23:46:30.402 [info] fatal: not a git repository (or any parent up to mount point /)
Stopping at filesystem boundary (GIT_DISCOVERY_ACROSS_FILESYSTEM not set).
2025-05-27 23:46:30.412 [info] > git rev-parse --show-toplevel [1ms]
2025-05-27 23:46:30.412 [info] fatal: not a git repository (or any parent up to mount point /)
Stopping at filesystem boundary (GIT_DISCOVERY_ACROSS_FILESYSTEM not set).
2025-05-27 23:46:30.421 [info] > git rev-parse --show-toplevel [1ms]
2025-05-27 23:46:30.421 [info] fatal: not a git repository (or any parent up to mount point /)
Stopping at filesystem boundary (GIT_DISCOVERY_ACROSS_FILESYSTEM not set).
2025-05-27 23:46:30.431 [info] > git rev-parse --show-toplevel [1ms]
2025-05-27 23:46:30.431 [info] fatal: not a git repository (or any parent up to mount point /)
Stopping at filesystem boundary (GIT_DISCOVERY_ACROSS_FILESYSTEM not set).
2025-05-27 23:46:30.432 [info] [Model][doInitialScan] Initial repository scan completed - repositories (0), closed repositories (0), parent repositories (0), unsafe repositories (0)
2025-05-27 23:46:33.926 [info] > git rev-parse --show-toplevel [1ms]
2025-05-27 23:46:33.926 [info] fatal: not a git repository (or any parent up to mount point /)
Stopping at filesystem boundary (GIT_DISCOVERY_ACROSS_FILESYSTEM not set).
