[1748373628370] INFO  (ext): SQLTools is starting
[1748373628373] INFO  (ext): initializing language client...
[1748373628375] INFO  (ext): Registering client for languages [{"scheme":"sqltools"},{"language":"sql","scheme":"untitled"},{"language":"sql","scheme":"file"},{"language":"sql","scheme":"sqltools"}]
    ns: "lc"
[1748373628382] INFO  (ext): loading plugins...
[1748373628383] INFO  (ext): registering Formatter Plugin.
    plugin: {
      "name": "Formatter Plugin"
    }
[1748373628383] INFO  (ext): registering Connection Manager Plugin.
    plugin: {
      "name": "Connection Manager Plugin"
    }
[1748373628383] INFO  (ext): registering CodeLens Plugin.
    plugin: {
      "name": "CodeLens Plugin",
      "registeredLanguages": []
    }
[1748373628385] INFO  (ext): registering Dependency Manager Plugin.
    plugin: {
      "name": "Dependency Manager Plugin",
      "installingDrivers": []
    }
[1748373628387] INFO  (ext): Connection explorer changed. Will be updated.
    ns: "conn-man:explorer"
[1748373628388] INFO  (ext): registering History Manager Plugin.
    plugin: {
      "name": "History Manager Plugin"
    }
[1748373628388] INFO  (ext): registering Bookmarks Manager Plugin.
    plugin: {
      "name": "Bookmarks Manager Plugin"
    }
[1748373628389] INFO  (ext): registering Authentication Provider Plugin.
    plugin: {
      "name": "Authentication Provider Plugin",
      "isRegistered": false
    }
[1748373628390] INFO  (ext): registering Object Drop-in Provider (plugin).
    plugin: {
      "type": "plugin",
      "name": "Object Drop-in Provider",
      "isRegistered": false
    }
[1748373628391] INFO  (ext): SQLTools activation completed. 20.841263 ms
[1748373628391] INFO  (ext): Formatter Plugin registered!
[1748373628391] INFO  (ext): CodeLens Plugin registered!
[1748373628391] INFO  (ext): Dependency Manager Plugin registered!
[1748373628391] INFO  (ext): Connection Manager Plugin registered!
[1748373628391] INFO  (ext): History Manager Plugin registered!
[1748373628391] INFO  (ext): Bookmarks Manager Plugin registered!
[1748373628391] INFO  (ext): Authentication Provider Plugin registered!
[1748373628391] INFO  (ext): Object Drop-in Provider (plugin) registered!
[1748373628603] INFO  (ext): registering MySQL/MariaDB/TiDB Plugin (driver).
    plugin: {
      "extensionId": "mtxr.sqltools-driver-mysql",
      "name": "MySQL/MariaDB/TiDB Plugin",
      "type": "driver"
    }
[1748373628604] INFO  (ext): registering PostgreSQL/Cockroach Plugin (driver).
    plugin: {
      "extensionId": "mtxr.sqltools-driver-pg",
      "name": "PostgreSQL/Cockroach Plugin",
      "type": "driver"
    }
[1748373628600] INFO  (ls): SQLTools Server started!
===============================
Using node runtime?: no
ExecPath: /opt/visual-studio-code/code 
===============================
[1748373628666] INFO  (ext): LanguageClient ready
    ns: "lc"
[1748373628665] INFO  (ls): Initialized with node version:v20.19.0
[1748373628669] INFO  (ls): REQUEST RECEIVED => ls/RegisterPlugin
[1748373628669] INFO  (ls): request to register plugin: "/home/madwayl/.vscode/extensions/mtxr.sqltools-driver-mysql-0.6.4/out/ls/plugin.js"
[1748373628812] INFO  (ls): Driver mysql registered!
    place: "driver-map"
    ns: "ls-context"
[1748373628812] INFO  (ls): Driver mariadb registered!
    place: "driver-map"
    ns: "ls-context"
[1748373628813] INFO  (ls): Driver tidb registered!
    place: "driver-map"
    ns: "ls-context"
[1748373628813] INFO  (ls): REQUEST RECEIVED => ls/RegisterPlugin
[1748373628813] INFO  (ls): request to register plugin: "/home/madwayl/.vscode/extensions/mtxr.sqltools-driver-pg-0.5.5/out/ls/plugin.js"
[1748373628872] INFO  (ls): Driver postgresql registered!
    place: "driver-map"
    ns: "ls-context"
[1748373628872] INFO  (ls): Driver aws redshift registered!
    place: "driver-map"
    ns: "ls-context"
[1748373628873] INFO  (ls): Driver cockroachdb registered!
    place: "driver-map"
    ns: "ls-context"
[1748373629625] INFO  (ext): MySQL/MariaDB/TiDB Plugin (driver) registered!
[1748373629662] INFO  (ext): Connection explorer changed. Will be updated.
    ns: "conn-man:explorer"
[1748373629669] INFO  (ext): Connection explorer changed. Will be updated.
    ns: "conn-man:explorer"
[1748373629744] INFO  (ext): PostgreSQL/Cockroach Plugin (driver) registered!
[1748373630409] INFO  (ext): Connection explorer changed. Will be updated.
    ns: "conn-man:explorer"
[1748373630751] INFO  (ext): EXECUTING COMMAND => sqltools.refreshTree
[1748373630752] INFO  (ext): Connection explorer changed. Will be updated.
    ns: "conn-man:explorer"
